[2025-10-31T10:59:56.391+0000] {local_task_job_runner.py:123} INFO - ::group::Pre task execution logs
[2025-10-31T10:59:56.447+0000] {taskinstance.py:2631} INFO - Dependencies all met for dep_context=non-requeueable deps ti=<TaskInstance: silver_gold.wait_for_bronze_processing manual__2025-10-30T21:20:34.476606+00:00 [queued]>
[2025-10-31T10:59:56.468+0000] {taskinstance.py:2631} INFO - Dependencies all met for dep_context=requeueable deps ti=<TaskInstance: silver_gold.wait_for_bronze_processing manual__2025-10-30T21:20:34.476606+00:00 [queued]>
[2025-10-31T10:59:56.474+0000] {taskinstance.py:2884} INFO - Starting attempt 2 of 2
[2025-10-31T10:59:56.519+0000] {taskinstance.py:2907} INFO - Executing <Task(ExternalTaskSensor): wait_for_bronze_processing> on 2025-10-30 21:20:34.476606+00:00
[2025-10-31T10:59:56.543+0000] {standard_task_runner.py:72} INFO - Started process 188 to run task
[2025-10-31T10:59:56.559+0000] {standard_task_runner.py:104} INFO - Running: ['airflow', 'tasks', 'run', 'silver_gold', 'wait_for_bronze_processing', 'manual__2025-10-30T21:20:34.476606+00:00', '--job-id', '37', '--raw', '--subdir', 'DAGS_FOLDER/silver_gold_dag.py', '--cfg-path', '/tmp/tmpgg5ikk2h']
[2025-10-31T10:59:56.575+0000] {standard_task_runner.py:105} INFO - Job 37: Subtask wait_for_bronze_processing
[2025-10-31T10:59:57.017+0000] {task_command.py:467} INFO - Running <TaskInstance: silver_gold.wait_for_bronze_processing manual__2025-10-30T21:20:34.476606+00:00 [running]> on host 743330a29803
[2025-10-31T10:59:57.802+0000] {taskinstance.py:3157} INFO - Exporting env vars: AIRFLOW_CTX_DAG_OWNER='daxlog' AIRFLOW_CTX_DAG_ID='silver_gold' AIRFLOW_CTX_TASK_ID='wait_for_bronze_processing' AIRFLOW_CTX_EXECUTION_DATE='2025-10-30T21:20:34.476606+00:00' AIRFLOW_CTX_TRY_NUMBER='2' AIRFLOW_CTX_DAG_RUN_ID='manual__2025-10-30T21:20:34.476606+00:00'
[2025-10-31T10:59:57.813+0000] {taskinstance.py:740} INFO - ::endgroup::
[2025-10-31T10:59:57.913+0000] {baseoperator.py:423} WARNING - ExternalTaskSensor.execute cannot be called outside TaskInstance!
[2025-10-31T10:59:57.919+0000] {external_task.py:258} INFO - Poking for tasks ['process_raw_to_bronze'] in dag bronze_processing on 2025-10-30T21:20:34.476606+00:00 ... 
[2025-10-31T10:59:57.967+0000] {logging_mixin.py:190} WARNING - /home/airflow/.local/lib/python3.11/site-packages/airflow/utils/session.py:97 DeprecationWarning: This method is deprecated and will be removed in future.
[2025-10-31T11:00:58.066+0000] {external_task.py:258} INFO - Poking for tasks ['process_raw_to_bronze'] in dag bronze_processing on 2025-10-30T21:20:34.476606+00:00 ... 
[2025-10-31T11:01:58.087+0000] {external_task.py:258} INFO - Poking for tasks ['process_raw_to_bronze'] in dag bronze_processing on 2025-10-30T21:20:34.476606+00:00 ... 
[2025-10-31T11:02:58.164+0000] {external_task.py:258} INFO - Poking for tasks ['process_raw_to_bronze'] in dag bronze_processing on 2025-10-30T21:20:34.476606+00:00 ... 
[2025-10-31T11:03:58.185+0000] {external_task.py:258} INFO - Poking for tasks ['process_raw_to_bronze'] in dag bronze_processing on 2025-10-30T21:20:34.476606+00:00 ... 
[2025-10-31T11:04:58.207+0000] {external_task.py:258} INFO - Poking for tasks ['process_raw_to_bronze'] in dag bronze_processing on 2025-10-30T21:20:34.476606+00:00 ... 
[2025-10-31T11:05:58.227+0000] {external_task.py:258} INFO - Poking for tasks ['process_raw_to_bronze'] in dag bronze_processing on 2025-10-30T21:20:34.476606+00:00 ... 
[2025-10-31T11:06:58.260+0000] {external_task.py:258} INFO - Poking for tasks ['process_raw_to_bronze'] in dag bronze_processing on 2025-10-30T21:20:34.476606+00:00 ... 
[2025-10-31T11:07:58.272+0000] {external_task.py:258} INFO - Poking for tasks ['process_raw_to_bronze'] in dag bronze_processing on 2025-10-30T21:20:34.476606+00:00 ... 
[2025-10-31T11:08:58.286+0000] {external_task.py:258} INFO - Poking for tasks ['process_raw_to_bronze'] in dag bronze_processing on 2025-10-30T21:20:34.476606+00:00 ... 
[2025-10-31T11:09:58.308+0000] {external_task.py:258} INFO - Poking for tasks ['process_raw_to_bronze'] in dag bronze_processing on 2025-10-30T21:20:34.476606+00:00 ... 
[2025-10-31T11:10:58.318+0000] {external_task.py:258} INFO - Poking for tasks ['process_raw_to_bronze'] in dag bronze_processing on 2025-10-30T21:20:34.476606+00:00 ... 
[2025-10-31T11:11:58.335+0000] {external_task.py:258} INFO - Poking for tasks ['process_raw_to_bronze'] in dag bronze_processing on 2025-10-30T21:20:34.476606+00:00 ... 
[2025-10-31T11:12:58.362+0000] {external_task.py:258} INFO - Poking for tasks ['process_raw_to_bronze'] in dag bronze_processing on 2025-10-30T21:20:34.476606+00:00 ... 
[2025-10-31T11:13:58.386+0000] {external_task.py:258} INFO - Poking for tasks ['process_raw_to_bronze'] in dag bronze_processing on 2025-10-30T21:20:34.476606+00:00 ... 
[2025-10-31T11:14:58.407+0000] {external_task.py:258} INFO - Poking for tasks ['process_raw_to_bronze'] in dag bronze_processing on 2025-10-30T21:20:34.476606+00:00 ... 
[2025-10-31T11:15:58.418+0000] {external_task.py:258} INFO - Poking for tasks ['process_raw_to_bronze'] in dag bronze_processing on 2025-10-30T21:20:34.476606+00:00 ... 
[2025-10-31T11:16:58.460+0000] {external_task.py:258} INFO - Poking for tasks ['process_raw_to_bronze'] in dag bronze_processing on 2025-10-30T21:20:34.476606+00:00 ... 
[2025-10-31T11:17:58.508+0000] {external_task.py:258} INFO - Poking for tasks ['process_raw_to_bronze'] in dag bronze_processing on 2025-10-30T21:20:34.476606+00:00 ... 
[2025-10-31T11:18:58.559+0000] {external_task.py:258} INFO - Poking for tasks ['process_raw_to_bronze'] in dag bronze_processing on 2025-10-30T21:20:34.476606+00:00 ... 
[2025-10-31T11:19:58.582+0000] {external_task.py:258} INFO - Poking for tasks ['process_raw_to_bronze'] in dag bronze_processing on 2025-10-30T21:20:34.476606+00:00 ... 
[2025-10-31T11:20:58.600+0000] {external_task.py:258} INFO - Poking for tasks ['process_raw_to_bronze'] in dag bronze_processing on 2025-10-30T21:20:34.476606+00:00 ... 
[2025-10-31T11:21:58.635+0000] {external_task.py:258} INFO - Poking for tasks ['process_raw_to_bronze'] in dag bronze_processing on 2025-10-30T21:20:34.476606+00:00 ... 
[2025-10-31T11:22:58.666+0000] {external_task.py:258} INFO - Poking for tasks ['process_raw_to_bronze'] in dag bronze_processing on 2025-10-30T21:20:34.476606+00:00 ... 
[2025-10-31T11:23:58.704+0000] {external_task.py:258} INFO - Poking for tasks ['process_raw_to_bronze'] in dag bronze_processing on 2025-10-30T21:20:34.476606+00:00 ... 
[2025-10-31T11:24:58.717+0000] {external_task.py:258} INFO - Poking for tasks ['process_raw_to_bronze'] in dag bronze_processing on 2025-10-30T21:20:34.476606+00:00 ... 
[2025-10-31T11:25:58.730+0000] {external_task.py:258} INFO - Poking for tasks ['process_raw_to_bronze'] in dag bronze_processing on 2025-10-30T21:20:34.476606+00:00 ... 
[2025-10-31T11:26:58.744+0000] {external_task.py:258} INFO - Poking for tasks ['process_raw_to_bronze'] in dag bronze_processing on 2025-10-30T21:20:34.476606+00:00 ... 
[2025-10-31T11:27:58.773+0000] {external_task.py:258} INFO - Poking for tasks ['process_raw_to_bronze'] in dag bronze_processing on 2025-10-30T21:20:34.476606+00:00 ... 
[2025-10-31T11:28:58.796+0000] {external_task.py:258} INFO - Poking for tasks ['process_raw_to_bronze'] in dag bronze_processing on 2025-10-30T21:20:34.476606+00:00 ... 
[2025-10-31T11:29:58.814+0000] {external_task.py:258} INFO - Poking for tasks ['process_raw_to_bronze'] in dag bronze_processing on 2025-10-30T21:20:34.476606+00:00 ... 
[2025-10-31T11:30:58.827+0000] {external_task.py:258} INFO - Poking for tasks ['process_raw_to_bronze'] in dag bronze_processing on 2025-10-30T21:20:34.476606+00:00 ... 
[2025-10-31T11:31:58.852+0000] {external_task.py:258} INFO - Poking for tasks ['process_raw_to_bronze'] in dag bronze_processing on 2025-10-30T21:20:34.476606+00:00 ... 
[2025-10-31T11:32:58.891+0000] {external_task.py:258} INFO - Poking for tasks ['process_raw_to_bronze'] in dag bronze_processing on 2025-10-30T21:20:34.476606+00:00 ... 
[2025-10-31T11:33:58.937+0000] {external_task.py:258} INFO - Poking for tasks ['process_raw_to_bronze'] in dag bronze_processing on 2025-10-30T21:20:34.476606+00:00 ... 
[2025-10-31T11:34:58.980+0000] {external_task.py:258} INFO - Poking for tasks ['process_raw_to_bronze'] in dag bronze_processing on 2025-10-30T21:20:34.476606+00:00 ... 
[2025-10-31T11:35:58.985+0000] {external_task.py:258} INFO - Poking for tasks ['process_raw_to_bronze'] in dag bronze_processing on 2025-10-30T21:20:34.476606+00:00 ... 
[2025-10-31T11:36:59.033+0000] {external_task.py:258} INFO - Poking for tasks ['process_raw_to_bronze'] in dag bronze_processing on 2025-10-30T21:20:34.476606+00:00 ... 
[2025-10-31T11:37:59.064+0000] {external_task.py:258} INFO - Poking for tasks ['process_raw_to_bronze'] in dag bronze_processing on 2025-10-30T21:20:34.476606+00:00 ... 
[2025-10-31T11:38:59.128+0000] {external_task.py:258} INFO - Poking for tasks ['process_raw_to_bronze'] in dag bronze_processing on 2025-10-30T21:20:34.476606+00:00 ... 
[2025-10-31T11:39:59.166+0000] {external_task.py:258} INFO - Poking for tasks ['process_raw_to_bronze'] in dag bronze_processing on 2025-10-30T21:20:34.476606+00:00 ... 
[2025-10-31T11:39:59.677+0000] {taskinstance.py:3336} ERROR - Task failed with exception
Traceback (most recent call last):
  File "/home/airflow/.local/lib/python3.11/site-packages/airflow/models/taskinstance.py", line 776, in _execute_task
    result = _execute_callable(context=context, **execute_callable_kwargs)
             ^^^^^^^^^^^^^^^^^^^^^^^^^^^^^^^^^^^^^^^^^^^^^^^^^^^^^^^^^^^^^
  File "/home/airflow/.local/lib/python3.11/site-packages/airflow/models/taskinstance.py", line 742, in _execute_callable
    return ExecutionCallableRunner(
           ^^^^^^^^^^^^^^^^^^^^^^^^
  File "/home/airflow/.local/lib/python3.11/site-packages/airflow/utils/operator_helpers.py", line 252, in run
    return self.func(*args, **kwargs)
           ^^^^^^^^^^^^^^^^^^^^^^^^^^
  File "/home/airflow/.local/lib/python3.11/site-packages/airflow/models/baseoperator.py", line 424, in wrapper
    return func(self, *args, **kwargs)
           ^^^^^^^^^^^^^^^^^^^^^^^^^^^
  File "/home/airflow/.local/lib/python3.11/site-packages/airflow/sensors/external_task.py", line 348, in execute
    super().execute(context)
  File "/home/airflow/.local/lib/python3.11/site-packages/airflow/models/baseoperator.py", line 424, in wrapper
    return func(self, *args, **kwargs)
           ^^^^^^^^^^^^^^^^^^^^^^^^^^^
  File "/home/airflow/.local/lib/python3.11/site-packages/airflow/sensors/base.py", line 326, in execute
    raise AirflowSensorTimeout(message)
airflow.exceptions.AirflowSensorTimeout: Sensor has timed out; run duration of 2401.6156109920003 seconds exceeds the specified timeout of 2400.0.
[2025-10-31T11:40:00.070+0000] {taskinstance.py:1242} INFO - Immediate failure requested. Marking task as FAILED. dag_id=silver_gold, task_id=wait_for_bronze_processing, run_id=manual__2025-10-30T21:20:34.476606+00:00, execution_date=20251030T212034, start_date=20251031T105956, end_date=20251031T114000
[2025-10-31T11:40:00.359+0000] {taskinstance.py:349} INFO - ::group::Post task execution logs
[2025-10-31T11:40:00.369+0000] {standard_task_runner.py:124} ERROR - Failed to execute job 37 for task wait_for_bronze_processing (Sensor has timed out; run duration of 2401.6156109920003 seconds exceeds the specified timeout of 2400.0.; 188)
Traceback (most recent call last):
  File "/home/airflow/.local/lib/python3.11/site-packages/airflow/task/task_runner/standard_task_runner.py", line 117, in _start_by_fork
    ret = args.func(args, dag=self.dag)
          ^^^^^^^^^^^^^^^^^^^^^^^^^^^^^
  File "/home/airflow/.local/lib/python3.11/site-packages/airflow/cli/cli_config.py", line 49, in command
    return func(*args, **kwargs)
           ^^^^^^^^^^^^^^^^^^^^^
  File "/home/airflow/.local/lib/python3.11/site-packages/airflow/utils/cli.py", line 116, in wrapper
    return f(*args, **kwargs)
           ^^^^^^^^^^^^^^^^^^
  File "/home/airflow/.local/lib/python3.11/site-packages/airflow/cli/commands/task_command.py", line 483, in task_run
    task_return_code = _run_task_by_selected_method(args, _dag, ti)
                       ^^^^^^^^^^^^^^^^^^^^^^^^^^^^^^^^^^^^^^^^^^^^
  File "/home/airflow/.local/lib/python3.11/site-packages/airflow/cli/commands/task_command.py", line 256, in _run_task_by_selected_method
    return _run_raw_task(args, ti)
           ^^^^^^^^^^^^^^^^^^^^^^^
  File "/home/airflow/.local/lib/python3.11/site-packages/airflow/cli/commands/task_command.py", line 341, in _run_raw_task
    return ti._run_raw_task(
           ^^^^^^^^^^^^^^^^^
  File "/home/airflow/.local/lib/python3.11/site-packages/airflow/utils/session.py", line 97, in wrapper
    return func(*args, session=session, **kwargs)
           ^^^^^^^^^^^^^^^^^^^^^^^^^^^^^^^^^^^^^^
  File "/home/airflow/.local/lib/python3.11/site-packages/airflow/models/taskinstance.py", line 3029, in _run_raw_task
    return _run_raw_task(
           ^^^^^^^^^^^^^^
  File "/home/airflow/.local/lib/python3.11/site-packages/airflow/models/taskinstance.py", line 282, in _run_raw_task
    TaskInstance._execute_task_with_callbacks(
  File "/home/airflow/.local/lib/python3.11/site-packages/airflow/models/taskinstance.py", line 3184, in _execute_task_with_callbacks
    result = self._execute_task(context, task_orig)
             ^^^^^^^^^^^^^^^^^^^^^^^^^^^^^^^^^^^^^^
  File "/home/airflow/.local/lib/python3.11/site-packages/airflow/models/taskinstance.py", line 3208, in _execute_task
    return _execute_task(self, context, task_orig)
           ^^^^^^^^^^^^^^^^^^^^^^^^^^^^^^^^^^^^^^^
  File "/home/airflow/.local/lib/python3.11/site-packages/airflow/models/taskinstance.py", line 776, in _execute_task
    result = _execute_callable(context=context, **execute_callable_kwargs)
             ^^^^^^^^^^^^^^^^^^^^^^^^^^^^^^^^^^^^^^^^^^^^^^^^^^^^^^^^^^^^^
  File "/home/airflow/.local/lib/python3.11/site-packages/airflow/models/taskinstance.py", line 742, in _execute_callable
    return ExecutionCallableRunner(
           ^^^^^^^^^^^^^^^^^^^^^^^^
  File "/home/airflow/.local/lib/python3.11/site-packages/airflow/utils/operator_helpers.py", line 252, in run
    return self.func(*args, **kwargs)
           ^^^^^^^^^^^^^^^^^^^^^^^^^^
  File "/home/airflow/.local/lib/python3.11/site-packages/airflow/models/baseoperator.py", line 424, in wrapper
    return func(self, *args, **kwargs)
           ^^^^^^^^^^^^^^^^^^^^^^^^^^^
  File "/home/airflow/.local/lib/python3.11/site-packages/airflow/sensors/external_task.py", line 348, in execute
    super().execute(context)
  File "/home/airflow/.local/lib/python3.11/site-packages/airflow/models/baseoperator.py", line 424, in wrapper
    return func(self, *args, **kwargs)
           ^^^^^^^^^^^^^^^^^^^^^^^^^^^
  File "/home/airflow/.local/lib/python3.11/site-packages/airflow/sensors/base.py", line 326, in execute
    raise AirflowSensorTimeout(message)
airflow.exceptions.AirflowSensorTimeout: Sensor has timed out; run duration of 2401.6156109920003 seconds exceeds the specified timeout of 2400.0.
[2025-10-31T11:40:00.483+0000] {local_task_job_runner.py:266} INFO - Task exited with return code 1
[2025-10-31T11:40:00.708+0000] {taskinstance.py:3924} INFO - 0 downstream tasks scheduled from follow-on schedule check
[2025-10-31T11:40:00.732+0000] {local_task_job_runner.py:245} INFO - ::endgroup::
