[2025-10-31T21:10:25.080+0000] {local_task_job_runner.py:123} INFO - ::group::Pre task execution logs
[2025-10-31T21:10:25.098+0000] {taskinstance.py:2631} INFO - Dependencies all met for dep_context=non-requeueable deps ti=<TaskInstance: processamento_de_bronze.processar_bronze_incremental manual__2025-10-31T21:05:21.029377+00:00 [queued]>
[2025-10-31T21:10:25.107+0000] {taskinstance.py:2631} INFO - Dependencies all met for dep_context=requeueable deps ti=<TaskInstance: processamento_de_bronze.processar_bronze_incremental manual__2025-10-31T21:05:21.029377+00:00 [queued]>
[2025-10-31T21:10:25.109+0000] {taskinstance.py:2884} INFO - Starting attempt 2 of 2
[2025-10-31T21:10:25.122+0000] {taskinstance.py:2907} INFO - Executing <Task(PythonOperator): processar_bronze_incremental> on 2025-10-31 21:05:21.029377+00:00
[2025-10-31T21:10:25.136+0000] {standard_task_runner.py:72} INFO - Started process 630 to run task
[2025-10-31T21:10:25.140+0000] {standard_task_runner.py:104} INFO - Running: ['airflow', 'tasks', 'run', 'processamento_de_bronze', 'processar_bronze_incremental', 'manual__2025-10-31T21:05:21.029377+00:00', '--job-id', '79', '--raw', '--subdir', 'DAGS_FOLDER/bronze_processing_dag.py', '--cfg-path', '/tmp/tmpxf8o4skz']
[2025-10-31T21:10:25.146+0000] {standard_task_runner.py:105} INFO - Job 79: Subtask processar_bronze_incremental
[2025-10-31T21:10:25.233+0000] {task_command.py:467} INFO - Running <TaskInstance: processamento_de_bronze.processar_bronze_incremental manual__2025-10-31T21:05:21.029377+00:00 [running]> on host b1dcca16ab9b
[2025-10-31T21:10:25.313+0000] {taskinstance.py:3157} INFO - Exporting env vars: AIRFLOW_CTX_DAG_OWNER='daxlog' AIRFLOW_CTX_DAG_ID='processamento_de_bronze' AIRFLOW_CTX_TASK_ID='processar_bronze_incremental' AIRFLOW_CTX_EXECUTION_DATE='2025-10-31T21:05:21.029377+00:00' AIRFLOW_CTX_TRY_NUMBER='2' AIRFLOW_CTX_DAG_RUN_ID='manual__2025-10-31T21:05:21.029377+00:00'
[2025-10-31T21:10:25.315+0000] {taskinstance.py:740} INFO - ::endgroup::
[2025-10-31T21:10:25.329+0000] {etl_bronze.py:160} INFO - --- Iniciando ETL: RAW -> BRONZE (Pandas Puro + Psycopg2 Load) ---
[2025-10-31T21:10:25.330+0000] {s3_utils.py:25} INFO - Conectando ao MinIO em: http://minio:9000 com BUCKET: datalake
[2025-10-31T21:10:25.470+0000] {etl_bronze.py:176} INFO - Dados lidos do MinIO com sucesso. Total de linhas: 200
[2025-10-31T21:10:25.504+0000] {etl_bronze.py:197} INFO - Transformação e garantia de tipos com Pandas concluída.
[2025-10-31T21:10:25.534+0000] {etl_bronze.py:72} INFO - Iniciando Transação Única: Criação/Carga/Upsert.
[2025-10-31T21:10:25.543+0000] {etl_bronze.py:96} INFO - Tabela de staging TEMPORÁRIA criada no cursor atual.
[2025-10-31T21:10:25.545+0000] {etl_bronze.py:99} INFO - Iniciando carga massiva (COPY FROM STDIN) de 200 registros...
[2025-10-31T21:10:25.550+0000] {etl_bronze.py:106} INFO - Carga massiva para a tabela de staging concluída.
[2025-10-31T21:10:25.553+0000] {etl_bronze.py:129} INFO - Tabela bronze_awb_data verificada/criada.
[2025-10-31T21:10:25.558+0000] {etl_bronze.py:138} INFO - Transação UPSERT (ON CONFLICT DO NOTHING) concluída.
[2025-10-31T21:10:25.567+0000] {etl_bronze.py:142} INFO - COMMIT final da transação. Carga Bronze concluída com sucesso.
[2025-10-31T21:10:25.568+0000] {etl_bronze.py:210} INFO - Carga Incremental da Tabela Bronze concluída com sucesso. Verifique 'bronze_awb_data' no PGAdmin.
[2025-10-31T21:10:25.570+0000] {python.py:240} INFO - Done. Returned value was: None
[2025-10-31T21:10:25.582+0000] {taskinstance.py:349} INFO - ::group::Post task execution logs
[2025-10-31T21:10:25.584+0000] {taskinstance.py:361} INFO - Marking task as SUCCESS. dag_id=processamento_de_bronze, task_id=processar_bronze_incremental, run_id=manual__2025-10-31T21:05:21.029377+00:00, execution_date=20251031T210521, start_date=20251031T211025, end_date=20251031T211025
[2025-10-31T21:10:25.642+0000] {local_task_job_runner.py:266} INFO - Task exited with return code 0
[2025-10-31T21:10:25.668+0000] {taskinstance.py:3924} INFO - 0 downstream tasks scheduled from follow-on schedule check
[2025-10-31T21:10:25.673+0000] {local_task_job_runner.py:245} INFO - ::endgroup::
