[2025-10-31T15:52:25.280+0000] {local_task_job_runner.py:123} INFO - ::group::Pre task execution logs
[2025-10-31T15:52:25.312+0000] {taskinstance.py:2631} INFO - Dependencies all met for dep_context=non-requeueable deps ti=<TaskInstance: ingestao_bruta.gerar_bruto manual__2025-10-31T15:51:18.874233+00:00 [queued]>
[2025-10-31T15:52:25.332+0000] {taskinstance.py:2631} INFO - Dependencies all met for dep_context=requeueable deps ti=<TaskInstance: ingestao_bruta.gerar_bruto manual__2025-10-31T15:51:18.874233+00:00 [queued]>
[2025-10-31T15:52:25.334+0000] {taskinstance.py:2884} INFO - Starting attempt 2 of 2
[2025-10-31T15:52:25.355+0000] {taskinstance.py:2907} INFO - Executing <Task(PythonOperator): gerar_bruto> on 2025-10-31 15:51:18.874233+00:00
[2025-10-31T15:52:25.362+0000] {standard_task_runner.py:72} INFO - Started process 298 to run task
[2025-10-31T15:52:25.378+0000] {standard_task_runner.py:104} INFO - Running: ['airflow', 'tasks', 'run', 'ingestao_bruta', 'gerar_bruto', 'manual__2025-10-31T15:51:18.874233+00:00', '--job-id', '5', '--raw', '--subdir', 'DAGS_FOLDER/raw_ingestion_dag.py', '--cfg-path', '/tmp/tmpcpz68acy']
[2025-10-31T15:52:25.389+0000] {standard_task_runner.py:105} INFO - Job 5: Subtask gerar_bruto
[2025-10-31T15:52:25.484+0000] {task_command.py:467} INFO - Running <TaskInstance: ingestao_bruta.gerar_bruto manual__2025-10-31T15:51:18.874233+00:00 [running]> on host 2c900c7bed3b
[2025-10-31T15:52:25.581+0000] {taskinstance.py:3157} INFO - Exporting env vars: AIRFLOW_CTX_DAG_OWNER='daxlog' AIRFLOW_CTX_DAG_ID='ingestao_bruta' AIRFLOW_CTX_TASK_ID='gerar_bruto' AIRFLOW_CTX_EXECUTION_DATE='2025-10-31T15:51:18.874233+00:00' AIRFLOW_CTX_TRY_NUMBER='2' AIRFLOW_CTX_DAG_RUN_ID='manual__2025-10-31T15:51:18.874233+00:00'
[2025-10-31T15:52:25.583+0000] {taskinstance.py:740} INFO - ::endgroup::
[2025-10-31T15:52:25.596+0000] {raw_ingestion_dag.py:57} INFO - --- Iniciando a Tarefa de Ingestão Bruta (200 linhas de Sorter/AWB) ---
[2025-10-31T15:52:25.598+0000] {s3_utils.py:21} INFO - Conectando ao MinIO em: http://minio:9000 com BUCKET: datalake
[2025-10-31T15:52:25.931+0000] {s3_utils.py:40} INFO - Bucket 'datalake' já existe.
[2025-10-31T15:52:25.940+0000] {raw_ingestion_dag.py:102} INFO - Gerados 200 registros de Sorter/AWB robustos.
[2025-10-31T15:52:25.944+0000] {s3_utils.py:21} INFO - Conectando ao MinIO em: http://minio:9000 com BUCKET: datalake
[2025-10-31T15:52:25.956+0000] {s3_utils.py:40} INFO - Bucket 'datalake' já existe.
[2025-10-31T15:52:25.957+0000] {s3_utils.py:21} INFO - Conectando ao MinIO em: http://minio:9000 com BUCKET: datalake
[2025-10-31T15:52:25.976+0000] {s3_utils.py:69} INFO - Upload bem-sucedido: s3://datalake/raw/awb_sortation_20251031155225_1bb17406-915a-4905-bc9e-089b59237f14.json
[2025-10-31T15:52:25.977+0000] {raw_ingestion_dag.py:118} INFO - Upload bem-sucedido: s3://datalake/raw/awb_sortation_20251031155225_1bb17406-915a-4905-bc9e-089b59237f14.json
[2025-10-31T15:52:25.978+0000] {python.py:240} INFO - Done. Returned value was: None
[2025-10-31T15:52:25.988+0000] {taskinstance.py:349} INFO - ::group::Post task execution logs
[2025-10-31T15:52:25.989+0000] {taskinstance.py:361} INFO - Marking task as SUCCESS. dag_id=ingestao_bruta, task_id=gerar_bruto, run_id=manual__2025-10-31T15:51:18.874233+00:00, execution_date=20251031T155118, start_date=20251031T155225, end_date=20251031T155225
[2025-10-31T15:52:26.034+0000] {local_task_job_runner.py:266} INFO - Task exited with return code 0
[2025-10-31T15:52:26.066+0000] {taskinstance.py:3924} INFO - 0 downstream tasks scheduled from follow-on schedule check
[2025-10-31T15:52:26.073+0000] {local_task_job_runner.py:245} INFO - ::endgroup::
