[0m18:10:25.331678 [debug] [MainThread]: Sending event: {'category': 'dbt', 'action': 'invocation', 'label': 'start', 'context': [<snowplow_tracker.self_describing_json.SelfDescribingJson object at 0x78222442ef90>, <snowplow_tracker.self_describing_json.SelfDescribingJson object at 0x782225290590>, <snowplow_tracker.self_describing_json.SelfDescribingJson object at 0x78222442e710>]}


============================== 18:10:25.343729 | d35416de-14b1-4cf8-ac06-134b5aee5f61 ==============================
[0m18:10:25.343729 [info ] [MainThread]: Running with dbt=1.10.13
[0m18:10:25.346342 [debug] [MainThread]: running dbt with arguments {'target_path': 'None', 'invocation_command': 'dbt debug --project-dir /opt/airflow/dbt_project', 'warn_error_options': 'WarnErrorOptionsV2(error=[], warn=[], silence=[])', 'send_anonymous_usage_stats': 'True', 'indirect_selection': 'eager', 'write_json': 'True', 'profiles_dir': '/home/airflow/.dbt', 'introspect': 'True', 'static_parser': 'True', 'use_experimental_parser': 'False', 'no_print': 'None', 'log_cache_events': 'False', 'log_format': 'default', 'partial_parse': 'True', 'warn_error': 'None', 'printer_width': '80', 'quiet': 'False', 'log_path': '/opt/airflow/dbt_project/logs', 'fail_fast': 'False', 'empty': 'None', 'version_check': 'True', 'cache_selected_only': 'False', 'use_colors': 'True', 'debug': 'False'}
[0m18:10:25.374148 [info ] [MainThread]: dbt version: 1.10.13
[0m18:10:25.377518 [info ] [MainThread]: python version: 3.11.6
[0m18:10:25.380093 [info ] [MainThread]: python path: /usr/local/bin/python
[0m18:10:25.382146 [info ] [MainThread]: os info: Linux-6.6.87.2-microsoft-standard-WSL2-x86_64-with-glibc2.31
[0m18:10:25.384105 [info ] [MainThread]: Using profiles dir at /home/airflow/.dbt
[0m18:10:25.386145 [info ] [MainThread]: Using profiles.yml file at /home/airflow/.dbt/profiles.yml
[0m18:10:25.387775 [info ] [MainThread]: Using dbt_project.yml file at /opt/airflow/dbt_project/dbt_project.yml
[0m18:10:25.573179 [info ] [MainThread]: Configuration:
[0m18:10:25.576406 [info ] [MainThread]:   profiles.yml file [[31mERROR not found[0m]
[0m18:10:25.578964 [info ] [MainThread]:   dbt_project.yml file [[32mOK found and valid[0m]
[0m18:10:25.581387 [info ] [MainThread]: Required dependencies:
[0m18:10:25.583616 [debug] [MainThread]: Executing "git --help"
[0m18:10:25.590523 [info ] [MainThread]:  - git [[31mERROR[0m]

[0m18:10:25.593100 [info ] [MainThread]: Connection test skipped since no profile was found
[0m18:10:25.595479 [info ] [MainThread]: [31m2 checks failed:[0m
[0m18:10:25.597818 [info ] [MainThread]: dbt looked for a profiles.yml file in /home/airflow/.dbt/profiles.yml, but did
not find one. For more information on configuring your profile, consult the
documentation:

https://docs.getdbt.com/docs/configure-your-profile


[0m18:10:25.600003 [info ] [MainThread]: Error from git --help: User does not have permissions for this command: "git"

[0m18:10:25.611066 [debug] [MainThread]: Resource report: {"command_name": "debug", "command_success": false, "command_wall_clock_time": 0.42055154, "process_in_blocks": "32672", "process_kernel_time": 1.401155, "process_mem_max_rss": "104096", "process_out_blocks": "1440", "process_user_time": 4.273319}
[0m18:10:25.613790 [debug] [MainThread]: Command `dbt debug` failed at 18:10:25.613595 after 0.42 seconds
[0m18:10:25.616024 [debug] [MainThread]: Sending event: {'category': 'dbt', 'action': 'invocation', 'label': 'end', 'context': [<snowplow_tracker.self_describing_json.SelfDescribingJson object at 0x782224434710>, <snowplow_tracker.self_describing_json.SelfDescribingJson object at 0x78222462a0d0>, <snowplow_tracker.self_describing_json.SelfDescribingJson object at 0x7822288b8590>]}
[0m18:10:25.619019 [debug] [MainThread]: Flushing usage events
[0m18:10:26.389232 [debug] [MainThread]: An error was encountered while trying to flush usage events
