[2025-11-01T02:45:29.710+0000] {local_task_job_runner.py:123} INFO - ::group::Pre task execution logs
[2025-11-01T02:45:29.982+0000] {taskinstance.py:2631} INFO - Dependencies all met for dep_context=non-requeueable deps ti=<TaskInstance: ingestao_bruta.gerar_bruto scheduled__2025-10-31T00:00:00+00:00 [queued]>
[2025-11-01T02:45:30.079+0000] {taskinstance.py:2631} INFO - Dependencies all met for dep_context=requeueable deps ti=<TaskInstance: ingestao_bruta.gerar_bruto scheduled__2025-10-31T00:00:00+00:00 [queued]>
[2025-11-01T02:45:30.084+0000] {taskinstance.py:2884} INFO - Starting attempt 1 of 2
[2025-11-01T02:45:30.194+0000] {taskinstance.py:2907} INFO - Executing <Task(PythonOperator): gerar_bruto> on 2025-10-31 00:00:00+00:00
[2025-11-01T02:45:30.322+0000] {standard_task_runner.py:72} INFO - Started process 576 to run task
[2025-11-01T02:45:30.443+0000] {standard_task_runner.py:104} INFO - Running: ['airflow', 'tasks', 'run', 'ingestao_bruta', 'gerar_bruto', 'scheduled__2025-10-31T00:00:00+00:00', '--job-id', '92', '--raw', '--subdir', 'DAGS_FOLDER/raw_ingestion_dag.py', '--cfg-path', '/tmp/tmpctqpcwts']
[2025-11-01T02:45:30.495+0000] {standard_task_runner.py:105} INFO - Job 92: Subtask gerar_bruto
[2025-11-01T14:47:11.892+0000] {job.py:229} INFO - Heartbeat recovered after 43302.79 seconds
[2025-11-01T14:47:12.998+0000] {task_command.py:467} INFO - Running <TaskInstance: ingestao_bruta.gerar_bruto scheduled__2025-10-31T00:00:00+00:00 [running]> on host f905ec57e2bc
[2025-11-01T14:47:18.586+0000] {taskinstance.py:3157} INFO - Exporting env vars: AIRFLOW_CTX_DAG_OWNER='daxlog' AIRFLOW_CTX_DAG_ID='ingestao_bruta' AIRFLOW_CTX_TASK_ID='gerar_bruto' AIRFLOW_CTX_EXECUTION_DATE='2025-10-31T00:00:00+00:00' AIRFLOW_CTX_TRY_NUMBER='1' AIRFLOW_CTX_DAG_RUN_ID='scheduled__2025-10-31T00:00:00+00:00'
[2025-11-01T14:47:18.629+0000] {taskinstance.py:740} INFO - ::endgroup::
[2025-11-01T14:47:19.320+0000] {raw_ingestion_dag.py:57} INFO - --- Iniciando a Tarefa de Ingestão Bruta (200 linhas de Sorter/AWB) ---
[2025-11-01T14:47:19.343+0000] {s3_utils.py:25} INFO - Conectando ao MinIO em: http://minio:9000 com BUCKET: datalake
[2025-11-01T14:47:34.103+0000] {s3_utils.py:44} INFO - Bucket 'datalake' já existe.
[2025-11-01T14:47:34.111+0000] {raw_ingestion_dag.py:102} INFO - Gerados 200 registros de Sorter/AWB robustos.
[2025-11-01T14:47:34.114+0000] {s3_utils.py:25} INFO - Conectando ao MinIO em: http://minio:9000 com BUCKET: datalake
[2025-11-01T14:47:34.126+0000] {s3_utils.py:44} INFO - Bucket 'datalake' já existe.
[2025-11-01T14:47:34.127+0000] {s3_utils.py:25} INFO - Conectando ao MinIO em: http://minio:9000 com BUCKET: datalake
[2025-11-01T14:47:34.189+0000] {s3_utils.py:73} INFO - Upload bem-sucedido: s3://datalake/raw/awb_sortation_20251101144734_1d6e8dac-af30-4245-8884-cf7660b1c809.json
[2025-11-01T14:47:34.190+0000] {raw_ingestion_dag.py:118} INFO - Upload bem-sucedido: s3://datalake/raw/awb_sortation_20251101144734_1d6e8dac-af30-4245-8884-cf7660b1c809.json
[2025-11-01T14:47:34.191+0000] {python.py:240} INFO - Done. Returned value was: None
[2025-11-01T14:47:34.202+0000] {taskinstance.py:349} INFO - ::group::Post task execution logs
[2025-11-01T14:47:34.203+0000] {taskinstance.py:361} INFO - Marking task as SUCCESS. dag_id=ingestao_bruta, task_id=gerar_bruto, run_id=scheduled__2025-10-31T00:00:00+00:00, execution_date=20251031T000000, start_date=20251101T024529, end_date=20251101T144734
[2025-11-01T14:47:34.285+0000] {local_task_job_runner.py:266} INFO - Task exited with return code 0
[2025-11-01T14:47:34.320+0000] {taskinstance.py:3924} INFO - 0 downstream tasks scheduled from follow-on schedule check
[2025-11-01T14:47:34.323+0000] {local_task_job_runner.py:245} INFO - ::endgroup::
[2025-11-01T16:51:32.510+0000] {local_task_job_runner.py:123} INFO - ::group::Pre task execution logs
[2025-11-01T16:51:32.542+0000] {taskinstance.py:2631} INFO - Dependencies all met for dep_context=non-requeueable deps ti=<TaskInstance: ingestao_bruta.gerar_bruto scheduled__2025-10-31T00:00:00+00:00 [queued]>
[2025-11-01T16:51:32.556+0000] {taskinstance.py:2631} INFO - Dependencies all met for dep_context=requeueable deps ti=<TaskInstance: ingestao_bruta.gerar_bruto scheduled__2025-10-31T00:00:00+00:00 [queued]>
[2025-11-01T16:51:32.558+0000] {taskinstance.py:2884} INFO - Starting attempt 1 of 2
[2025-11-01T16:51:32.583+0000] {taskinstance.py:2907} INFO - Executing <Task(PythonOperator): gerar_bruto> on 2025-10-31 00:00:00+00:00
[2025-11-01T16:51:32.596+0000] {standard_task_runner.py:72} INFO - Started process 245 to run task
[2025-11-01T16:51:32.599+0000] {standard_task_runner.py:104} INFO - Running: ['airflow', 'tasks', 'run', 'ingestao_bruta', 'gerar_bruto', 'scheduled__2025-10-31T00:00:00+00:00', '--job-id', '3', '--raw', '--subdir', 'DAGS_FOLDER/raw_ingestion_dag.py', '--cfg-path', '/tmp/tmpswhpffwg']
[2025-11-01T16:51:32.628+0000] {standard_task_runner.py:105} INFO - Job 3: Subtask gerar_bruto
[2025-11-01T16:51:32.745+0000] {task_command.py:467} INFO - Running <TaskInstance: ingestao_bruta.gerar_bruto scheduled__2025-10-31T00:00:00+00:00 [running]> on host d363ce3ac959
[2025-11-01T16:51:32.857+0000] {taskinstance.py:3157} INFO - Exporting env vars: AIRFLOW_CTX_DAG_OWNER='daxlog' AIRFLOW_CTX_DAG_ID='ingestao_bruta' AIRFLOW_CTX_TASK_ID='gerar_bruto' AIRFLOW_CTX_EXECUTION_DATE='2025-10-31T00:00:00+00:00' AIRFLOW_CTX_TRY_NUMBER='1' AIRFLOW_CTX_DAG_RUN_ID='scheduled__2025-10-31T00:00:00+00:00'
[2025-11-01T16:51:32.860+0000] {taskinstance.py:740} INFO - ::endgroup::
[2025-11-01T16:51:32.889+0000] {raw_ingestion_dag.py:57} INFO - --- Iniciando a Tarefa de Ingestão Bruta (200 linhas de Sorter/AWB) ---
[2025-11-01T16:51:32.891+0000] {s3_utils.py:25} INFO - Conectando ao MinIO em: http://minio:9000 com BUCKET: datalake
[2025-11-01T16:51:34.782+0000] {s3_utils.py:51} INFO - Bucket 'datalake' criado com sucesso.
[2025-11-01T16:51:34.799+0000] {raw_ingestion_dag.py:102} INFO - Gerados 200 registros de Sorter/AWB robustos.
[2025-11-01T16:51:34.803+0000] {s3_utils.py:25} INFO - Conectando ao MinIO em: http://minio:9000 com BUCKET: datalake
[2025-11-01T16:51:34.829+0000] {s3_utils.py:44} INFO - Bucket 'datalake' já existe.
[2025-11-01T16:51:34.830+0000] {s3_utils.py:25} INFO - Conectando ao MinIO em: http://minio:9000 com BUCKET: datalake
[2025-11-01T16:51:34.925+0000] {s3_utils.py:73} INFO - Upload bem-sucedido: s3://datalake/raw/awb_sortation_20251101165134_a0b13a81-1e6c-43f1-aba0-220775799f3a.json
[2025-11-01T16:51:34.927+0000] {raw_ingestion_dag.py:118} INFO - Upload bem-sucedido: s3://datalake/raw/awb_sortation_20251101165134_a0b13a81-1e6c-43f1-aba0-220775799f3a.json
[2025-11-01T16:51:34.929+0000] {python.py:240} INFO - Done. Returned value was: None
[2025-11-01T16:51:34.980+0000] {taskinstance.py:349} INFO - ::group::Post task execution logs
[2025-11-01T16:51:34.983+0000] {taskinstance.py:361} INFO - Marking task as SUCCESS. dag_id=ingestao_bruta, task_id=gerar_bruto, run_id=scheduled__2025-10-31T00:00:00+00:00, execution_date=20251031T000000, start_date=20251101T165132, end_date=20251101T165134
[2025-11-01T16:51:35.078+0000] {local_task_job_runner.py:266} INFO - Task exited with return code 0
[2025-11-01T16:51:35.102+0000] {taskinstance.py:3924} INFO - 0 downstream tasks scheduled from follow-on schedule check
[2025-11-01T16:51:35.107+0000] {local_task_job_runner.py:245} INFO - ::endgroup::
