[2025-10-31T13:17:58.488+0000] {local_task_job_runner.py:123} INFO - ::group::Pre task execution logs
[2025-10-31T13:17:58.509+0000] {taskinstance.py:2631} INFO - Dependencies all met for dep_context=non-requeueable deps ti=<TaskInstance: ingestao_bruta.gerar_bruto manual__2025-10-31T13:17:57.176777+00:00 [queued]>
[2025-10-31T13:17:58.517+0000] {taskinstance.py:2631} INFO - Dependencies all met for dep_context=requeueable deps ti=<TaskInstance: ingestao_bruta.gerar_bruto manual__2025-10-31T13:17:57.176777+00:00 [queued]>
[2025-10-31T13:17:58.519+0000] {taskinstance.py:2884} INFO - Starting attempt 1 of 2
[2025-10-31T13:17:58.535+0000] {taskinstance.py:2907} INFO - Executing <Task(PythonOperator): gerar_bruto> on 2025-10-31 13:17:57.176777+00:00
[2025-10-31T13:17:58.543+0000] {standard_task_runner.py:72} INFO - Started process 218 to run task
[2025-10-31T13:17:58.548+0000] {standard_task_runner.py:104} INFO - Running: ['airflow', 'tasks', 'run', 'ingestao_bruta', 'gerar_bruto', 'manual__2025-10-31T13:17:57.176777+00:00', '--job-id', '4', '--raw', '--subdir', 'DAGS_FOLDER/Telemetria_Funcional.py', '--cfg-path', '/tmp/tmpgrhm36js']
[2025-10-31T13:17:58.551+0000] {standard_task_runner.py:105} INFO - Job 4: Subtask gerar_bruto
[2025-10-31T13:17:58.644+0000] {task_command.py:467} INFO - Running <TaskInstance: ingestao_bruta.gerar_bruto manual__2025-10-31T13:17:57.176777+00:00 [running]> on host 7f46d4a9ea47
[2025-10-31T13:17:58.734+0000] {taskinstance.py:3157} INFO - Exporting env vars: AIRFLOW_CTX_DAG_OWNER='daxlog' AIRFLOW_CTX_DAG_ID='ingestao_bruta' AIRFLOW_CTX_TASK_ID='gerar_bruto' AIRFLOW_CTX_EXECUTION_DATE='2025-10-31T13:17:57.176777+00:00' AIRFLOW_CTX_TRY_NUMBER='1' AIRFLOW_CTX_DAG_RUN_ID='manual__2025-10-31T13:17:57.176777+00:00'
[2025-10-31T13:17:58.738+0000] {taskinstance.py:740} INFO - ::endgroup::
[2025-10-31T13:17:58.753+0000] {Telemetria_Funcional.py:56} INFO - --- Iniciando a Tarefa de Ingestão Bruta (200 linhas robustas) ---
[2025-10-31T13:17:58.755+0000] {s3_utils.py:21} INFO - Conectando ao MinIO em: http://minio:9000 com BUCKET: datalake
[2025-10-31T13:17:59.095+0000] {s3_utils.py:40} INFO - Bucket 'datalake' já existe.
[2025-10-31T13:17:59.109+0000] {Telemetria_Funcional.py:94} INFO - Gerados 200 registros logísticos robustos.
[2025-10-31T13:17:59.113+0000] {s3_utils.py:21} INFO - Conectando ao MinIO em: http://minio:9000 com BUCKET: datalake
[2025-10-31T13:17:59.127+0000] {s3_utils.py:40} INFO - Bucket 'datalake' já existe.
[2025-10-31T13:17:59.129+0000] {s3_utils.py:21} INFO - Conectando ao MinIO em: http://minio:9000 com BUCKET: datalake
[2025-10-31T13:17:59.256+0000] {s3_utils.py:69} INFO - Upload bem-sucedido: s3://datalake/raw/telemetry_20251031131759_d119469e-dc56-437f-a794-d908574199ca.json
[2025-10-31T13:17:59.262+0000] {Telemetria_Funcional.py:109} INFO - Upload bem-sucedido: s3://datalake/raw/telemetry_20251031131759_d119469e-dc56-437f-a794-d908574199ca.json
[2025-10-31T13:17:59.265+0000] {python.py:240} INFO - Done. Returned value was: None
[2025-10-31T13:17:59.282+0000] {taskinstance.py:349} INFO - ::group::Post task execution logs
[2025-10-31T13:17:59.285+0000] {taskinstance.py:361} INFO - Marking task as SUCCESS. dag_id=ingestao_bruta, task_id=gerar_bruto, run_id=manual__2025-10-31T13:17:57.176777+00:00, execution_date=20251031T131757, start_date=20251031T131758, end_date=20251031T131759
[2025-10-31T13:17:59.330+0000] {local_task_job_runner.py:266} INFO - Task exited with return code 0
[2025-10-31T13:17:59.348+0000] {taskinstance.py:3924} INFO - 0 downstream tasks scheduled from follow-on schedule check
[2025-10-31T13:17:59.355+0000] {local_task_job_runner.py:245} INFO - ::endgroup::
