[2025-10-31T20:43:40.492+0000] {local_task_job_runner.py:123} INFO - ::group::Pre task execution logs
[2025-10-31T20:43:40.521+0000] {taskinstance.py:2631} INFO - Dependencies all met for dep_context=non-requeueable deps ti=<TaskInstance: processamento_de_bronze.processar_bronze_incremental manual__2025-10-31T20:43:37.845674+00:00 [queued]>
[2025-10-31T20:43:40.535+0000] {taskinstance.py:2631} INFO - Dependencies all met for dep_context=requeueable deps ti=<TaskInstance: processamento_de_bronze.processar_bronze_incremental manual__2025-10-31T20:43:37.845674+00:00 [queued]>
[2025-10-31T20:43:40.537+0000] {taskinstance.py:2884} INFO - Starting attempt 1 of 2
[2025-10-31T20:43:40.561+0000] {taskinstance.py:2907} INFO - Executing <Task(PythonOperator): processar_bronze_incremental> on 2025-10-31 20:43:37.845674+00:00
[2025-10-31T20:43:40.576+0000] {standard_task_runner.py:72} INFO - Started process 241 to run task
[2025-10-31T20:43:40.581+0000] {standard_task_runner.py:104} INFO - Running: ['airflow', 'tasks', 'run', 'processamento_de_bronze', 'processar_bronze_incremental', 'manual__2025-10-31T20:43:37.845674+00:00', '--job-id', '70', '--raw', '--subdir', 'DAGS_FOLDER/bronze_processing_dag.py', '--cfg-path', '/tmp/tmpxxd7rbu4']
[2025-10-31T20:43:40.585+0000] {standard_task_runner.py:105} INFO - Job 70: Subtask processar_bronze_incremental
[2025-10-31T20:43:40.714+0000] {task_command.py:467} INFO - Running <TaskInstance: processamento_de_bronze.processar_bronze_incremental manual__2025-10-31T20:43:37.845674+00:00 [running]> on host ae3cef078928
[2025-10-31T20:43:40.815+0000] {taskinstance.py:3157} INFO - Exporting env vars: AIRFLOW_CTX_DAG_OWNER='daxlog' AIRFLOW_CTX_DAG_ID='processamento_de_bronze' AIRFLOW_CTX_TASK_ID='processar_bronze_incremental' AIRFLOW_CTX_EXECUTION_DATE='2025-10-31T20:43:37.845674+00:00' AIRFLOW_CTX_TRY_NUMBER='1' AIRFLOW_CTX_DAG_RUN_ID='manual__2025-10-31T20:43:37.845674+00:00'
[2025-10-31T20:43:40.817+0000] {taskinstance.py:740} INFO - ::endgroup::
[2025-10-31T20:43:40.849+0000] {etl_bronze.py:172} INFO - --- Iniciando ETL: RAW -> BRONZE (PySpark Extract/Transform + Psycopg2 Load) ---
[2025-10-31T20:43:46.443+0000] {s3_utils.py:25} INFO - Conectando ao MinIO em: http://minio:9000 com BUCKET: datalake
[2025-10-31T20:43:59.872+0000] {etl_bronze.py:195} INFO - Dados lidos do MinIO com sucesso. Total de linhas: 200
[2025-10-31T20:44:02.499+0000] {etl_bronze.py:227} INFO - Transformação concluída. DataFrame convertido para Pandas (200 linhas).
[2025-10-31T20:44:02.739+0000] {etl_bronze.py:107} INFO - Tabela de staging temp_bronze_awb_staging criada/limpa.
[2025-10-31T20:44:02.742+0000] {etl_bronze.py:110} INFO - Iniciando carga massiva (COPY FROM STDIN) de 200 registros...
[2025-10-31T20:44:02.755+0000] {etl_bronze.py:159} ERROR - Falha CRÍTICA durante a carga. ROLLBACK executado: relation "public.temp_bronze_awb_staging" does not exist

[2025-10-31T20:44:02.758+0000] {etl_bronze.py:244} ERROR - Erro durante a carga incremental no PostgreSQL: relation "public.temp_bronze_awb_staging" does not exist

[2025-10-31T20:44:03.845+0000] {etl_bronze.py:249} INFO - Sessão Spark finalizada.
[2025-10-31T20:44:03.851+0000] {taskinstance.py:3336} ERROR - Task failed with exception
Traceback (most recent call last):
  File "/home/airflow/.local/lib/python3.11/site-packages/airflow/models/taskinstance.py", line 776, in _execute_task
    result = _execute_callable(context=context, **execute_callable_kwargs)
             ^^^^^^^^^^^^^^^^^^^^^^^^^^^^^^^^^^^^^^^^^^^^^^^^^^^^^^^^^^^^^
  File "/home/airflow/.local/lib/python3.11/site-packages/airflow/models/taskinstance.py", line 742, in _execute_callable
    return ExecutionCallableRunner(
           ^^^^^^^^^^^^^^^^^^^^^^^^
  File "/home/airflow/.local/lib/python3.11/site-packages/airflow/utils/operator_helpers.py", line 252, in run
    return self.func(*args, **kwargs)
           ^^^^^^^^^^^^^^^^^^^^^^^^^^
  File "/home/airflow/.local/lib/python3.11/site-packages/airflow/models/baseoperator.py", line 424, in wrapper
    return func(self, *args, **kwargs)
           ^^^^^^^^^^^^^^^^^^^^^^^^^^^
  File "/home/airflow/.local/lib/python3.11/site-packages/airflow/operators/python.py", line 238, in execute
    return_value = self.execute_callable()
                   ^^^^^^^^^^^^^^^^^^^^^^^
  File "/home/airflow/.local/lib/python3.11/site-packages/airflow/operators/python.py", line 256, in execute_callable
    return runner.run(*self.op_args, **self.op_kwargs)
           ^^^^^^^^^^^^^^^^^^^^^^^^^^^^^^^^^^^^^^^^^^^
  File "/home/airflow/.local/lib/python3.11/site-packages/airflow/utils/operator_helpers.py", line 252, in run
    return self.func(*args, **kwargs)
           ^^^^^^^^^^^^^^^^^^^^^^^^^^
  File "/opt/airflow/dags/etl_bronze.py", line 239, in run_etl_bronze
    load_to_postgres_robust(df_pandas, engine)
  File "/opt/airflow/dags/etl_bronze.py", line 111, in load_to_postgres_robust
    cur.copy_from(
psycopg2.errors.UndefinedTable: relation "public.temp_bronze_awb_staging" does not exist

[2025-10-31T20:44:03.923+0000] {taskinstance.py:1242} INFO - Marking task as UP_FOR_RETRY. dag_id=processamento_de_bronze, task_id=processar_bronze_incremental, run_id=manual__2025-10-31T20:43:37.845674+00:00, execution_date=20251031T204337, start_date=20251031T204340, end_date=20251031T204403
[2025-10-31T20:44:04.006+0000] {taskinstance.py:349} INFO - ::group::Post task execution logs
[2025-10-31T20:44:04.015+0000] {standard_task_runner.py:124} ERROR - Failed to execute job 70 for task processar_bronze_incremental (relation "public.temp_bronze_awb_staging" does not exist
; 241)
Traceback (most recent call last):
  File "/home/airflow/.local/lib/python3.11/site-packages/airflow/task/task_runner/standard_task_runner.py", line 117, in _start_by_fork
    ret = args.func(args, dag=self.dag)
          ^^^^^^^^^^^^^^^^^^^^^^^^^^^^^
  File "/home/airflow/.local/lib/python3.11/site-packages/airflow/cli/cli_config.py", line 49, in command
    return func(*args, **kwargs)
           ^^^^^^^^^^^^^^^^^^^^^
  File "/home/airflow/.local/lib/python3.11/site-packages/airflow/utils/cli.py", line 116, in wrapper
    return f(*args, **kwargs)
           ^^^^^^^^^^^^^^^^^^
  File "/home/airflow/.local/lib/python3.11/site-packages/airflow/cli/commands/task_command.py", line 483, in task_run
    task_return_code = _run_task_by_selected_method(args, _dag, ti)
                       ^^^^^^^^^^^^^^^^^^^^^^^^^^^^^^^^^^^^^^^^^^^^
  File "/home/airflow/.local/lib/python3.11/site-packages/airflow/cli/commands/task_command.py", line 256, in _run_task_by_selected_method
    return _run_raw_task(args, ti)
           ^^^^^^^^^^^^^^^^^^^^^^^
  File "/home/airflow/.local/lib/python3.11/site-packages/airflow/cli/commands/task_command.py", line 341, in _run_raw_task
    return ti._run_raw_task(
           ^^^^^^^^^^^^^^^^^
  File "/home/airflow/.local/lib/python3.11/site-packages/airflow/utils/session.py", line 97, in wrapper
    return func(*args, session=session, **kwargs)
           ^^^^^^^^^^^^^^^^^^^^^^^^^^^^^^^^^^^^^^
  File "/home/airflow/.local/lib/python3.11/site-packages/airflow/models/taskinstance.py", line 3029, in _run_raw_task
    return _run_raw_task(
           ^^^^^^^^^^^^^^
  File "/home/airflow/.local/lib/python3.11/site-packages/airflow/models/taskinstance.py", line 282, in _run_raw_task
    TaskInstance._execute_task_with_callbacks(
  File "/home/airflow/.local/lib/python3.11/site-packages/airflow/models/taskinstance.py", line 3184, in _execute_task_with_callbacks
    result = self._execute_task(context, task_orig)
             ^^^^^^^^^^^^^^^^^^^^^^^^^^^^^^^^^^^^^^
  File "/home/airflow/.local/lib/python3.11/site-packages/airflow/models/taskinstance.py", line 3208, in _execute_task
    return _execute_task(self, context, task_orig)
           ^^^^^^^^^^^^^^^^^^^^^^^^^^^^^^^^^^^^^^^
  File "/home/airflow/.local/lib/python3.11/site-packages/airflow/models/taskinstance.py", line 776, in _execute_task
    result = _execute_callable(context=context, **execute_callable_kwargs)
             ^^^^^^^^^^^^^^^^^^^^^^^^^^^^^^^^^^^^^^^^^^^^^^^^^^^^^^^^^^^^^
  File "/home/airflow/.local/lib/python3.11/site-packages/airflow/models/taskinstance.py", line 742, in _execute_callable
    return ExecutionCallableRunner(
           ^^^^^^^^^^^^^^^^^^^^^^^^
  File "/home/airflow/.local/lib/python3.11/site-packages/airflow/utils/operator_helpers.py", line 252, in run
    return self.func(*args, **kwargs)
           ^^^^^^^^^^^^^^^^^^^^^^^^^^
  File "/home/airflow/.local/lib/python3.11/site-packages/airflow/models/baseoperator.py", line 424, in wrapper
    return func(self, *args, **kwargs)
           ^^^^^^^^^^^^^^^^^^^^^^^^^^^
  File "/home/airflow/.local/lib/python3.11/site-packages/airflow/operators/python.py", line 238, in execute
    return_value = self.execute_callable()
                   ^^^^^^^^^^^^^^^^^^^^^^^
  File "/home/airflow/.local/lib/python3.11/site-packages/airflow/operators/python.py", line 256, in execute_callable
    return runner.run(*self.op_args, **self.op_kwargs)
           ^^^^^^^^^^^^^^^^^^^^^^^^^^^^^^^^^^^^^^^^^^^
  File "/home/airflow/.local/lib/python3.11/site-packages/airflow/utils/operator_helpers.py", line 252, in run
    return self.func(*args, **kwargs)
           ^^^^^^^^^^^^^^^^^^^^^^^^^^
  File "/opt/airflow/dags/etl_bronze.py", line 239, in run_etl_bronze
    load_to_postgres_robust(df_pandas, engine)
  File "/opt/airflow/dags/etl_bronze.py", line 111, in load_to_postgres_robust
    cur.copy_from(
psycopg2.errors.UndefinedTable: relation "public.temp_bronze_awb_staging" does not exist

[2025-10-31T20:44:04.057+0000] {local_task_job_runner.py:266} INFO - Task exited with return code 1
[2025-10-31T20:44:04.108+0000] {taskinstance.py:3924} INFO - 0 downstream tasks scheduled from follow-on schedule check
[2025-10-31T20:44:04.115+0000] {local_task_job_runner.py:245} INFO - ::endgroup::
