[2025-10-30T21:20:32.275+0000] {local_task_job_runner.py:123} INFO - ::group::Pre task execution logs
[2025-10-30T21:20:32.308+0000] {taskinstance.py:2631} INFO - Dependencies all met for dep_context=non-requeueable deps ti=<TaskInstance: ingestao_bruta.gerar_bruto manual__2025-10-30T21:19:25.862826+00:00 [queued]>
[2025-10-30T21:20:32.322+0000] {taskinstance.py:2631} INFO - Dependencies all met for dep_context=requeueable deps ti=<TaskInstance: ingestao_bruta.gerar_bruto manual__2025-10-30T21:19:25.862826+00:00 [queued]>
[2025-10-30T21:20:32.323+0000] {taskinstance.py:2884} INFO - Starting attempt 2 of 2
[2025-10-30T21:20:32.343+0000] {taskinstance.py:2907} INFO - Executing <Task(PythonOperator): gerar_bruto> on 2025-10-30 21:19:25.862826+00:00
[2025-10-30T21:20:32.353+0000] {standard_task_runner.py:72} INFO - Started process 232 to run task
[2025-10-30T21:20:32.399+0000] {standard_task_runner.py:104} INFO - Running: ['airflow', 'tasks', 'run', 'ingestao_bruta', 'gerar_bruto', 'manual__2025-10-30T21:19:25.862826+00:00', '--job-id', '7', '--raw', '--subdir', 'DAGS_FOLDER/raw_ingestion_dag.py', '--cfg-path', '/tmp/tmpo6j5bwkg']
[2025-10-30T21:20:32.410+0000] {standard_task_runner.py:105} INFO - Job 7: Subtask gerar_bruto
[2025-10-30T21:20:32.815+0000] {task_command.py:467} INFO - Running <TaskInstance: ingestao_bruta.gerar_bruto manual__2025-10-30T21:19:25.862826+00:00 [running]> on host 743330a29803
[2025-10-30T21:20:33.097+0000] {taskinstance.py:3157} INFO - Exporting env vars: AIRFLOW_CTX_DAG_OWNER='daxlog' AIRFLOW_CTX_DAG_ID='ingestao_bruta' AIRFLOW_CTX_TASK_ID='gerar_bruto' AIRFLOW_CTX_EXECUTION_DATE='2025-10-30T21:19:25.862826+00:00' AIRFLOW_CTX_TRY_NUMBER='2' AIRFLOW_CTX_DAG_RUN_ID='manual__2025-10-30T21:19:25.862826+00:00'
[2025-10-30T21:20:33.109+0000] {taskinstance.py:740} INFO - ::endgroup::
[2025-10-30T21:20:33.159+0000] {raw_ingestion_dag.py:56} INFO - --- Iniciando a Tarefa de Ingestão Bruta (200 linhas robustas) ---
[2025-10-30T21:20:33.161+0000] {s3_utils.py:21} INFO - Conectando ao MinIO em: http://minio:9000 com BUCKET: datalake
[2025-10-30T21:20:36.342+0000] {s3_utils.py:40} INFO - Bucket 'datalake' já existe.
[2025-10-30T21:20:36.367+0000] {raw_ingestion_dag.py:94} INFO - Gerados 200 registros logísticos robustos.
[2025-10-30T21:20:36.371+0000] {s3_utils.py:21} INFO - Conectando ao MinIO em: http://minio:9000 com BUCKET: datalake
[2025-10-30T21:20:36.385+0000] {s3_utils.py:40} INFO - Bucket 'datalake' já existe.
[2025-10-30T21:20:36.387+0000] {s3_utils.py:21} INFO - Conectando ao MinIO em: http://minio:9000 com BUCKET: datalake
[2025-10-30T21:20:36.512+0000] {s3_utils.py:69} INFO - Upload bem-sucedido: s3://datalake/raw/telemetry_20251030212036_66af91ab-c68c-4a8a-a808-94bae24d5490.json
[2025-10-30T21:20:36.516+0000] {raw_ingestion_dag.py:109} INFO - Upload bem-sucedido: s3://datalake/raw/telemetry_20251030212036_66af91ab-c68c-4a8a-a808-94bae24d5490.json
[2025-10-30T21:20:36.518+0000] {python.py:240} INFO - Done. Returned value was: None
[2025-10-30T21:20:36.578+0000] {taskinstance.py:349} INFO - ::group::Post task execution logs
[2025-10-30T21:20:36.579+0000] {taskinstance.py:361} INFO - Marking task as SUCCESS. dag_id=ingestao_bruta, task_id=gerar_bruto, run_id=manual__2025-10-30T21:19:25.862826+00:00, execution_date=20251030T211925, start_date=20251030T212032, end_date=20251030T212036
[2025-10-30T21:20:36.732+0000] {local_task_job_runner.py:266} INFO - Task exited with return code 0
[2025-10-30T21:20:36.758+0000] {taskinstance.py:3924} INFO - 0 downstream tasks scheduled from follow-on schedule check
[2025-10-30T21:20:36.766+0000] {local_task_job_runner.py:245} INFO - ::endgroup::
