[2025-10-31T21:26:00.998+0000] {local_task_job_runner.py:123} INFO - ::group::Pre task execution logs
[2025-10-31T21:26:01.021+0000] {taskinstance.py:2631} INFO - Dependencies all met for dep_context=non-requeueable deps ti=<TaskInstance: processamento_de_bronze.processar_bronze_incremental manual__2025-10-31T21:25:58.894072+00:00 [queued]>
[2025-10-31T21:26:01.029+0000] {taskinstance.py:2631} INFO - Dependencies all met for dep_context=requeueable deps ti=<TaskInstance: processamento_de_bronze.processar_bronze_incremental manual__2025-10-31T21:25:58.894072+00:00 [queued]>
[2025-10-31T21:26:01.031+0000] {taskinstance.py:2884} INFO - Starting attempt 1 of 2
[2025-10-31T21:26:01.048+0000] {taskinstance.py:2907} INFO - Executing <Task(PythonOperator): processar_bronze_incremental> on 2025-10-31 21:25:58.894072+00:00
[2025-10-31T21:26:01.062+0000] {standard_task_runner.py:72} INFO - Started process 241 to run task
[2025-10-31T21:26:01.068+0000] {standard_task_runner.py:104} INFO - Running: ['airflow', 'tasks', 'run', 'processamento_de_bronze', 'processar_bronze_incremental', 'manual__2025-10-31T21:25:58.894072+00:00', '--job-id', '85', '--raw', '--subdir', 'DAGS_FOLDER/bronze_processing_dag.py', '--cfg-path', '/tmp/tmpi08pj788']
[2025-10-31T21:26:01.073+0000] {standard_task_runner.py:105} INFO - Job 85: Subtask processar_bronze_incremental
[2025-10-31T21:26:01.197+0000] {task_command.py:467} INFO - Running <TaskInstance: processamento_de_bronze.processar_bronze_incremental manual__2025-10-31T21:25:58.894072+00:00 [running]> on host 3fdeb040e84f
[2025-10-31T21:26:01.320+0000] {taskinstance.py:3157} INFO - Exporting env vars: AIRFLOW_CTX_DAG_OWNER='daxlog' AIRFLOW_CTX_DAG_ID='processamento_de_bronze' AIRFLOW_CTX_TASK_ID='processar_bronze_incremental' AIRFLOW_CTX_EXECUTION_DATE='2025-10-31T21:25:58.894072+00:00' AIRFLOW_CTX_TRY_NUMBER='1' AIRFLOW_CTX_DAG_RUN_ID='manual__2025-10-31T21:25:58.894072+00:00'
[2025-10-31T21:26:01.323+0000] {taskinstance.py:740} INFO - ::endgroup::
[2025-10-31T21:26:01.349+0000] {etl_bronze.py:158} INFO - --- Iniciando ETL: RAW -> BRONZE (Pandas Puro + Psycopg2 Load) ---
[2025-10-31T21:26:01.351+0000] {s3_utils.py:25} INFO - Conectando ao MinIO em: http://minio:9000 com BUCKET: datalake
[2025-10-31T21:26:01.941+0000] {etl_bronze.py:175} INFO - Dados lidos do MinIO com sucesso. Total de linhas: 200
[2025-10-31T21:26:01.992+0000] {etl_bronze.py:196} INFO - Transformação e garantia de tipos com Pandas concluída.
[2025-10-31T21:26:02.019+0000] {etl_bronze.py:71} INFO - Iniciando Transação Única: Criação/Carga/Upsert.
[2025-10-31T21:26:02.061+0000] {etl_bronze.py:94} INFO - Tabela de staging TEMPORÁRIA criada no cursor atual.
[2025-10-31T21:26:02.064+0000] {etl_bronze.py:97} INFO - Iniciando carga massiva (COPY FROM STDIN) de 200 registros...
[2025-10-31T21:26:02.073+0000] {etl_bronze.py:104} INFO - Carga massiva para a tabela de staging concluída.
[2025-10-31T21:26:02.075+0000] {etl_bronze.py:127} INFO - Tabela bronze_awb_data verificada/criada.
[2025-10-31T21:26:02.084+0000] {etl_bronze.py:136} INFO - Transação UPSERT (ON CONFLICT DO NOTHING) concluída.
[2025-10-31T21:26:02.096+0000] {etl_bronze.py:140} INFO - COMMIT final da transação. Carga Bronze concluída com sucesso.
[2025-10-31T21:26:02.098+0000] {etl_bronze.py:209} INFO - Carga Incremental da Tabela Bronze concluída com sucesso. Verifique 'bronze_awb_data' no PGAdmin.
[2025-10-31T21:26:02.102+0000] {python.py:240} INFO - Done. Returned value was: None
[2025-10-31T21:26:02.116+0000] {taskinstance.py:349} INFO - ::group::Post task execution logs
[2025-10-31T21:26:02.120+0000] {taskinstance.py:361} INFO - Marking task as SUCCESS. dag_id=processamento_de_bronze, task_id=processar_bronze_incremental, run_id=manual__2025-10-31T21:25:58.894072+00:00, execution_date=20251031T212558, start_date=20251031T212601, end_date=20251031T212602
[2025-10-31T21:26:02.209+0000] {local_task_job_runner.py:266} INFO - Task exited with return code 0
[2025-10-31T21:26:02.230+0000] {taskinstance.py:3924} INFO - 0 downstream tasks scheduled from follow-on schedule check
[2025-10-31T21:26:02.236+0000] {local_task_job_runner.py:245} INFO - ::endgroup::
