[2025-11-01T17:03:11.176+0000] {local_task_job_runner.py:123} INFO - ::group::Pre task execution logs
[2025-11-01T17:03:11.196+0000] {taskinstance.py:2631} INFO - Dependencies all met for dep_context=non-requeueable deps ti=<TaskInstance: processamento_medallion_elt_senior.data_quality_check manual__2025-11-01T17:03:04.862066+00:00 [queued]>
[2025-11-01T17:03:11.208+0000] {taskinstance.py:2631} INFO - Dependencies all met for dep_context=requeueable deps ti=<TaskInstance: processamento_medallion_elt_senior.data_quality_check manual__2025-11-01T17:03:04.862066+00:00 [queued]>
[2025-11-01T17:03:11.209+0000] {taskinstance.py:2884} INFO - Starting attempt 1 of 1
[2025-11-01T17:03:11.227+0000] {taskinstance.py:2907} INFO - Executing <Task(PythonOperator): data_quality_check> on 2025-11-01 17:03:04.862066+00:00
[2025-11-01T17:03:11.236+0000] {standard_task_runner.py:72} INFO - Started process 245 to run task
[2025-11-01T17:03:11.242+0000] {standard_task_runner.py:104} INFO - Running: ['airflow', 'tasks', 'run', 'processamento_medallion_elt_senior', 'data_quality_check', 'manual__2025-11-01T17:03:04.862066+00:00', '--job-id', '11', '--raw', '--subdir', 'DAGS_FOLDER/dag_processamento_medallion.py', '--cfg-path', '/tmp/tmphtash94l']
[2025-11-01T17:03:11.246+0000] {standard_task_runner.py:105} INFO - Job 11: Subtask data_quality_check
[2025-11-01T17:03:11.346+0000] {task_command.py:467} INFO - Running <TaskInstance: processamento_medallion_elt_senior.data_quality_check manual__2025-11-01T17:03:04.862066+00:00 [running]> on host f1d55d1c5880
[2025-11-01T17:03:11.458+0000] {taskinstance.py:3157} INFO - Exporting env vars: AIRFLOW_CTX_DAG_OWNER='airflow' AIRFLOW_CTX_DAG_ID='processamento_medallion_elt_senior' AIRFLOW_CTX_TASK_ID='data_quality_check' AIRFLOW_CTX_EXECUTION_DATE='2025-11-01T17:03:04.862066+00:00' AIRFLOW_CTX_TRY_NUMBER='1' AIRFLOW_CTX_DAG_RUN_ID='manual__2025-11-01T17:03:04.862066+00:00'
[2025-11-01T17:03:11.461+0000] {taskinstance.py:740} INFO - ::endgroup::
[2025-11-01T17:03:11.475+0000] {etl_data_quality.py:16} INFO - Iniciando Soda Data Quality Scan na tabela: silver_enriched_awb_data
[2025-11-01T17:03:11.486+0000] {log.py:101} INFO - [17:03:11] Soda Core 3.5.6
[2025-11-01T17:03:11.673+0000] {log.py:101} INFO - [17:03:11] Scan summary:
[2025-11-01T17:03:11.675+0000] {log.py:101} INFO - [17:03:11] 3/3 checks PASSED: 
[2025-11-01T17:03:11.676+0000] {log.py:101} INFO - [17:03:11]     silver_enriched_awb_data in postgres_daxlog
[2025-11-01T17:03:11.678+0000] {log.py:101} INFO - [17:03:11]       integrity_positive_weight [PASSED]
[2025-11-01T17:03:11.679+0000] {log.py:101} INFO - [17:03:11]       critical_no_missing_destination_hub [PASSED]
[2025-11-01T17:03:11.681+0000] {log.py:101} INFO - [17:03:11]       integrity_non_negative_process_time [PASSED]
[2025-11-01T17:03:11.684+0000] {log.py:101} INFO - [17:03:11] All is good. No failures. No warnings. No errors.
[2025-11-01T17:03:11.691+0000] {etl_data_quality.py:32} INFO - Soda Scan concluído. Analisando resultados...
[2025-11-01T17:03:11.693+0000] {etl_data_quality.py:46} INFO - ✅ Sucesso! Nenhum erro de Data Quality crítico encontrado para silver_enriched_awb_data.
[2025-11-01T17:03:11.694+0000] {python.py:240} INFO - Done. Returned value was: Data Quality Aprovada
[2025-11-01T17:03:11.729+0000] {taskinstance.py:349} INFO - ::group::Post task execution logs
[2025-11-01T17:03:11.732+0000] {taskinstance.py:361} INFO - Marking task as SUCCESS. dag_id=processamento_medallion_elt_senior, task_id=data_quality_check, run_id=manual__2025-11-01T17:03:04.862066+00:00, execution_date=20251101T170304, start_date=20251101T170311, end_date=20251101T170311
[2025-11-01T17:03:11.818+0000] {local_task_job_runner.py:266} INFO - Task exited with return code 0
[2025-11-01T17:03:11.856+0000] {taskinstance.py:3924} INFO - 1 downstream tasks scheduled from follow-on schedule check
[2025-11-01T17:03:11.864+0000] {local_task_job_runner.py:245} INFO - ::endgroup::
