[2025-11-01T15:40:18.360+0000] {local_task_job_runner.py:123} INFO - ::group::Pre task execution logs
[2025-11-01T15:40:18.414+0000] {taskinstance.py:2631} INFO - Dependencies all met for dep_context=non-requeueable deps ti=<TaskInstance: processamento_medallion_elt_senior.enriquecimento_silver_elt manual__2025-11-01T15:40:07.611639+00:00 [queued]>
[2025-11-01T15:40:18.433+0000] {taskinstance.py:2631} INFO - Dependencies all met for dep_context=requeueable deps ti=<TaskInstance: processamento_medallion_elt_senior.enriquecimento_silver_elt manual__2025-11-01T15:40:07.611639+00:00 [queued]>
[2025-11-01T15:40:18.436+0000] {taskinstance.py:2884} INFO - Starting attempt 1 of 1
[2025-11-01T15:40:18.457+0000] {taskinstance.py:2907} INFO - Executing <Task(PostgresOperator): enriquecimento_silver_elt> on 2025-11-01 15:40:07.611639+00:00
[2025-11-01T15:40:18.469+0000] {standard_task_runner.py:72} INFO - Started process 2878 to run task
[2025-11-01T15:40:18.475+0000] {standard_task_runner.py:104} INFO - Running: ['airflow', 'tasks', 'run', 'processamento_medallion_elt_senior', 'enriquecimento_silver_elt', 'manual__2025-11-01T15:40:07.611639+00:00', '--job-id', '105', '--raw', '--subdir', 'DAGS_FOLDER/dag_processamento_medallion.py', '--cfg-path', '/tmp/tmpi62x6cd5']
[2025-11-01T15:40:18.481+0000] {standard_task_runner.py:105} INFO - Job 105: Subtask enriquecimento_silver_elt
[2025-11-01T15:40:18.619+0000] {task_command.py:467} INFO - Running <TaskInstance: processamento_medallion_elt_senior.enriquecimento_silver_elt manual__2025-11-01T15:40:07.611639+00:00 [running]> on host f905ec57e2bc
[2025-11-01T15:40:18.803+0000] {taskinstance.py:3157} INFO - Exporting env vars: AIRFLOW_CTX_DAG_OWNER='airflow' AIRFLOW_CTX_DAG_ID='processamento_medallion_elt_senior' AIRFLOW_CTX_TASK_ID='enriquecimento_silver_elt' AIRFLOW_CTX_EXECUTION_DATE='2025-11-01T15:40:07.611639+00:00' AIRFLOW_CTX_TRY_NUMBER='1' AIRFLOW_CTX_DAG_RUN_ID='manual__2025-11-01T15:40:07.611639+00:00'
[2025-11-01T15:40:18.808+0000] {taskinstance.py:740} INFO - ::endgroup::
[2025-11-01T15:40:18.834+0000] {sql.py:309} INFO - Executing: -- Arquivo: dags/sql/silver_transform.sql
-- Objetivo: Mover a lógica de enriquecimento Silver (Pandas) para o SQL (ELT).
-- Demonstra: Uso de Window Functions, CTEs e funções de tempo (EXTRACT(EPOCH)).

-- 1. DROP e RE-CRIAÇÃO da tabela Silver (DDL)
DROP TABLE IF EXISTS public.silver_enriched_awb_data CASCADE;

CREATE TABLE public.silver_enriched_awb_data (
    event_id VARCHAR PRIMARY KEY,
    scan_timestamp TIMESTAMP WITHOUT TIME ZONE,
    awb_number VARCHAR,
    carrier_name VARCHAR,
    product_category VARCHAR,
    package_weight_kg NUMERIC,
    declared_value NUMERIC,
    is_exception BOOLEAN,
    is_high_value BOOLEAN,
    destination_hub VARCHAR,
    process_time_sec NUMERIC NOT NULL
);

-- 2. INSERÇÃO e TRANSFORMAÇÃO (ELT)
WITH ProcessTime AS (
    -- CTE para calcular o tempo de processamento total por AWB (Window Function)
    SELECT
        awb_number,
        -- EXTRACT(EPOCH FROM ...) calcula a diferença de tempo em segundos.
        EXTRACT(EPOCH FROM (
            MAX(scan_timestamp) OVER (PARTITION BY awb_number) - 
            MIN(scan_timestamp) OVER (PARTITION BY awb_number)
        )) AS total_process_time_sec
    FROM
        public.bronze_awb_data
)
INSERT INTO public.silver_enriched_awb_data
SELECT
    b.event_id,
    b.scan_timestamp,
    b.awb_number,
    b.carrier_name,
    b.product_category,
    b.package_weight_kg,
    b.declared_value,
    b.is_exception,
    -- Enriquecimento 1: Cálculo de Alto Valor (> 1000)
    CASE 
        WHEN COALESCE(b.declared_value, 0) > 1000 THEN TRUE
        ELSE FALSE
    END AS is_high_value,
    b.destination_hub,
    -- Enriquecimento 2: Utiliza o tempo de processamento. COALESCE trata AWBs com apenas um scan.
    COALESCE(p.total_process_time_sec, 0) AS process_time_sec
FROM
    public.bronze_awb_data b
LEFT JOIN
    ProcessTime p ON b.awb_number = p.awb_number;
[2025-11-01T15:40:19.009+0000] {base.py:84} INFO - Retrieving connection 'postgres_default'
[2025-11-01T15:40:19.032+0000] {base.py:84} INFO - Retrieving connection 'postgres_default'
[2025-11-01T15:40:19.034+0000] {sql.py:249} WARNING - This setter is for backward compatibility and should not be used.
Since the introduction of connection property, the providers listed below breaks due to assigning value to self.connection in their __init__ method.
* apache-airflow-providers-mysql<5.7.1
* apache-airflow-providers-elasticsearch<5.5.1
* apache-airflow-providers-postgres<5.13.0
[2025-11-01T15:40:19.045+0000] {sql.py:810} INFO - Running statement: -- Arquivo: dags/sql/silver_transform.sql
-- Objetivo: Mover a lógica de enriquecimento Silver (Pandas) para o SQL (ELT).
-- Demonstra: Uso de Window Functions, CTEs e funções de tempo (EXTRACT(EPOCH)).

-- 1. DROP e RE-CRIAÇÃO da tabela Silver (DDL)
DROP TABLE IF EXISTS public.silver_enriched_awb_data CASCADE;

CREATE TABLE public.silver_enriched_awb_data (
    event_id VARCHAR PRIMARY KEY,
    scan_timestamp TIMESTAMP WITHOUT TIME ZONE,
    awb_number VARCHAR,
    carrier_name VARCHAR,
    product_category VARCHAR,
    package_weight_kg NUMERIC,
    declared_value NUMERIC,
    is_exception BOOLEAN,
    is_high_value BOOLEAN,
    destination_hub VARCHAR,
    process_time_sec NUMERIC NOT NULL
);

-- 2. INSERÇÃO e TRANSFORMAÇÃO (ELT)
WITH ProcessTime AS (
    -- CTE para calcular o tempo de processamento total por AWB (Window Function)
    SELECT
        awb_number,
        -- EXTRACT(EPOCH FROM ...) calcula a diferença de tempo em segundos.
        EXTRACT(EPOCH FROM (
            MAX(scan_timestamp) OVER (PARTITION BY awb_number) - 
            MIN(scan_timestamp) OVER (PARTITION BY awb_number)
        )) AS total_process_time_sec
    FROM
        public.bronze_awb_data
)
INSERT INTO public.silver_enriched_awb_data
SELECT
    b.event_id,
    b.scan_timestamp,
    b.awb_number,
    b.carrier_name,
    b.product_category,
    b.package_weight_kg,
    b.declared_value,
    b.is_exception,
    -- Enriquecimento 1: Cálculo de Alto Valor (> 1000)
    CASE 
        WHEN COALESCE(b.declared_value, 0) > 1000 THEN TRUE
        ELSE FALSE
    END AS is_high_value,
    b.destination_hub,
    -- Enriquecimento 2: Utiliza o tempo de processamento. COALESCE trata AWBs com apenas um scan.
    COALESCE(p.total_process_time_sec, 0) AS process_time_sec
FROM
    public.bronze_awb_data b
LEFT JOIN
    ProcessTime p ON b.awb_number = p.awb_number;, parameters: None
[2025-11-01T15:40:19.142+0000] {sql.py:822} INFO - Rows affected: 400
[2025-11-01T15:40:19.166+0000] {taskinstance.py:349} INFO - ::group::Post task execution logs
[2025-11-01T15:40:19.169+0000] {taskinstance.py:361} INFO - Marking task as SUCCESS. dag_id=processamento_medallion_elt_senior, task_id=enriquecimento_silver_elt, run_id=manual__2025-11-01T15:40:07.611639+00:00, execution_date=20251101T154007, start_date=20251101T154018, end_date=20251101T154019
[2025-11-01T15:40:19.258+0000] {local_task_job_runner.py:266} INFO - Task exited with return code 0
[2025-11-01T15:40:19.299+0000] {taskinstance.py:3924} INFO - 1 downstream tasks scheduled from follow-on schedule check
[2025-11-01T15:40:19.308+0000] {local_task_job_runner.py:245} INFO - ::endgroup::
