[2025-11-01T15:13:15.680+0000] {local_task_job_runner.py:123} INFO - ::group::Pre task execution logs
[2025-11-01T15:13:15.713+0000] {taskinstance.py:2631} INFO - Dependencies all met for dep_context=non-requeueable deps ti=<TaskInstance: processamento_medallion.modelagem_gold manual__2025-11-01T15:13:06.821406+00:00 [queued]>
[2025-11-01T15:13:15.729+0000] {taskinstance.py:2631} INFO - Dependencies all met for dep_context=requeueable deps ti=<TaskInstance: processamento_medallion.modelagem_gold manual__2025-11-01T15:13:06.821406+00:00 [queued]>
[2025-11-01T15:13:15.733+0000] {taskinstance.py:2884} INFO - Starting attempt 1 of 1
[2025-11-01T15:13:15.758+0000] {taskinstance.py:2907} INFO - Executing <Task(PythonOperator): modelagem_gold> on 2025-11-01 15:13:06.821406+00:00
[2025-11-01T15:13:15.772+0000] {standard_task_runner.py:72} INFO - Started process 1715 to run task
[2025-11-01T15:13:15.777+0000] {standard_task_runner.py:104} INFO - Running: ['airflow', 'tasks', 'run', 'processamento_medallion', 'modelagem_gold', 'manual__2025-11-01T15:13:06.821406+00:00', '--job-id', '103', '--raw', '--subdir', 'DAGS_FOLDER/dag_processamento_medallion.py', '--cfg-path', '/tmp/tmp2afvaiz1']
[2025-11-01T15:13:15.783+0000] {standard_task_runner.py:105} INFO - Job 103: Subtask modelagem_gold
[2025-11-01T15:13:15.887+0000] {task_command.py:467} INFO - Running <TaskInstance: processamento_medallion.modelagem_gold manual__2025-11-01T15:13:06.821406+00:00 [running]> on host f905ec57e2bc
[2025-11-01T15:13:16.022+0000] {taskinstance.py:3157} INFO - Exporting env vars: AIRFLOW_CTX_DAG_OWNER='airflow' AIRFLOW_CTX_DAG_ID='processamento_medallion' AIRFLOW_CTX_TASK_ID='modelagem_gold' AIRFLOW_CTX_EXECUTION_DATE='2025-11-01T15:13:06.821406+00:00' AIRFLOW_CTX_TRY_NUMBER='1' AIRFLOW_CTX_DAG_RUN_ID='manual__2025-11-01T15:13:06.821406+00:00'
[2025-11-01T15:13:16.026+0000] {taskinstance.py:740} INFO - ::endgroup::
[2025-11-01T15:13:16.049+0000] {etl_gold.py:100} INFO - --- Iniciando ETL: SILVER -> GOLD (Pandas Puro) ---
[2025-11-01T15:13:16.076+0000] {logging_mixin.py:190} WARNING - /opt/airflow/dags/etl_gold.py:112 UserWarning: pandas only supports SQLAlchemy connectable (engine/connection) or database string URI or sqlite3 DBAPI2 connection. Other DBAPI2 objects are not tested. Please consider using SQLAlchemy.
[2025-11-01T15:13:16.090+0000] {etl_gold.py:119} INFO - Dados lidos do Silver com sucesso. Total de linhas: 400
[2025-11-01T15:13:16.137+0000] {etl_gold.py:147} INFO - Modelagem GOLD concluída. Total de grupos: 4
[2025-11-01T15:13:16.168+0000] {etl_gold.py:54} INFO - Tabela Gold 'gold_volumes_by_destination' verificada/criada.
[2025-11-01T15:13:16.215+0000] {etl_gold.py:86} INFO - COMMIT final da transação. Carga Gold concluída com sucesso.
[2025-11-01T15:13:16.217+0000] {etl_gold.py:156} INFO - Carga da Tabela Gold concluída com sucesso. O Pipeline Medallhão está 100% FUNCIONAL!
[2025-11-01T15:13:16.219+0000] {python.py:240} INFO - Done. Returned value was: None
[2025-11-01T15:13:16.236+0000] {taskinstance.py:349} INFO - ::group::Post task execution logs
[2025-11-01T15:13:16.239+0000] {taskinstance.py:361} INFO - Marking task as SUCCESS. dag_id=processamento_medallion, task_id=modelagem_gold, run_id=manual__2025-11-01T15:13:06.821406+00:00, execution_date=20251101T151306, start_date=20251101T151315, end_date=20251101T151316
[2025-11-01T15:13:16.316+0000] {local_task_job_runner.py:266} INFO - Task exited with return code 0
[2025-11-01T15:13:16.347+0000] {taskinstance.py:3924} INFO - 0 downstream tasks scheduled from follow-on schedule check
[2025-11-01T15:13:16.354+0000] {local_task_job_runner.py:245} INFO - ::endgroup::
