[2025-10-31T21:07:50.909+0000] {local_task_job_runner.py:123} INFO - ::group::Pre task execution logs
[2025-10-31T21:07:50.952+0000] {taskinstance.py:2631} INFO - Dependencies all met for dep_context=non-requeueable deps ti=<TaskInstance: processamento_de_bronze.processar_bronze_incremental manual__2025-10-31T21:07:48.725205+00:00 [queued]>
[2025-10-31T21:07:50.974+0000] {taskinstance.py:2631} INFO - Dependencies all met for dep_context=requeueable deps ti=<TaskInstance: processamento_de_bronze.processar_bronze_incremental manual__2025-10-31T21:07:48.725205+00:00 [queued]>
[2025-10-31T21:07:50.977+0000] {taskinstance.py:2884} INFO - Starting attempt 1 of 2
[2025-10-31T21:07:51.013+0000] {taskinstance.py:2907} INFO - Executing <Task(PythonOperator): processar_bronze_incremental> on 2025-10-31 21:07:48.725205+00:00
[2025-10-31T21:07:51.039+0000] {standard_task_runner.py:72} INFO - Started process 456 to run task
[2025-10-31T21:07:51.048+0000] {standard_task_runner.py:104} INFO - Running: ['airflow', 'tasks', 'run', 'processamento_de_bronze', 'processar_bronze_incremental', 'manual__2025-10-31T21:07:48.725205+00:00', '--job-id', '78', '--raw', '--subdir', 'DAGS_FOLDER/bronze_processing_dag.py', '--cfg-path', '/tmp/tmp6heslqd0']
[2025-10-31T21:07:51.059+0000] {standard_task_runner.py:105} INFO - Job 78: Subtask processar_bronze_incremental
[2025-10-31T21:07:51.228+0000] {task_command.py:467} INFO - Running <TaskInstance: processamento_de_bronze.processar_bronze_incremental manual__2025-10-31T21:07:48.725205+00:00 [running]> on host b1dcca16ab9b
[2025-10-31T21:07:51.518+0000] {taskinstance.py:3157} INFO - Exporting env vars: AIRFLOW_CTX_DAG_OWNER='daxlog' AIRFLOW_CTX_DAG_ID='processamento_de_bronze' AIRFLOW_CTX_TASK_ID='processar_bronze_incremental' AIRFLOW_CTX_EXECUTION_DATE='2025-10-31T21:07:48.725205+00:00' AIRFLOW_CTX_TRY_NUMBER='1' AIRFLOW_CTX_DAG_RUN_ID='manual__2025-10-31T21:07:48.725205+00:00'
[2025-10-31T21:07:51.523+0000] {taskinstance.py:740} INFO - ::endgroup::
[2025-10-31T21:07:51.543+0000] {etl_bronze.py:160} INFO - --- Iniciando ETL: RAW -> BRONZE (Pandas Puro + Psycopg2 Load) ---
[2025-10-31T21:07:51.544+0000] {s3_utils.py:25} INFO - Conectando ao MinIO em: http://minio:9000 com BUCKET: datalake
[2025-10-31T21:07:51.765+0000] {etl_bronze.py:176} INFO - Dados lidos do MinIO com sucesso. Total de linhas: 200
[2025-10-31T21:07:51.782+0000] {etl_bronze.py:197} INFO - Transformação e garantia de tipos com Pandas concluída.
[2025-10-31T21:07:51.803+0000] {etl_bronze.py:72} INFO - Iniciando Transação Única: Criação/Carga/Upsert.
[2025-10-31T21:07:51.824+0000] {etl_bronze.py:96} INFO - Tabela de staging TEMPORÁRIA criada no cursor atual.
[2025-10-31T21:07:51.827+0000] {etl_bronze.py:99} INFO - Iniciando carga massiva (COPY FROM STDIN) de 200 registros...
[2025-10-31T21:07:51.831+0000] {etl_bronze.py:106} INFO - Carga massiva para a tabela de staging concluída.
[2025-10-31T21:07:51.865+0000] {etl_bronze.py:129} INFO - Tabela bronze_awb_data verificada/criada.
[2025-10-31T21:07:51.874+0000] {etl_bronze.py:138} INFO - Transação UPSERT (ON CONFLICT DO NOTHING) concluída.
[2025-10-31T21:07:51.883+0000] {etl_bronze.py:142} INFO - COMMIT final da transação. Carga Bronze concluída com sucesso.
[2025-10-31T21:07:51.886+0000] {etl_bronze.py:210} INFO - Carga Incremental da Tabela Bronze concluída com sucesso. Verifique 'bronze_awb_data' no PGAdmin.
[2025-10-31T21:07:51.889+0000] {python.py:240} INFO - Done. Returned value was: None
[2025-10-31T21:07:51.903+0000] {taskinstance.py:349} INFO - ::group::Post task execution logs
[2025-10-31T21:07:51.905+0000] {taskinstance.py:361} INFO - Marking task as SUCCESS. dag_id=processamento_de_bronze, task_id=processar_bronze_incremental, run_id=manual__2025-10-31T21:07:48.725205+00:00, execution_date=20251031T210748, start_date=20251031T210750, end_date=20251031T210751
[2025-10-31T21:07:51.952+0000] {local_task_job_runner.py:266} INFO - Task exited with return code 0
[2025-10-31T21:07:51.971+0000] {taskinstance.py:3924} INFO - 0 downstream tasks scheduled from follow-on schedule check
[2025-10-31T21:07:51.976+0000] {local_task_job_runner.py:245} INFO - ::endgroup::
