[2025-10-31T13:28:45.024+0000] {local_task_job_runner.py:123} INFO - ::group::Pre task execution logs
[2025-10-31T13:28:45.072+0000] {taskinstance.py:2631} INFO - Dependencies all met for dep_context=non-requeueable deps ti=<TaskInstance: bronze_processing.wait_for_raw_ingestion manual__2025-10-31T13:28:43.118041+00:00 [queued]>
[2025-10-31T13:28:45.087+0000] {taskinstance.py:2631} INFO - Dependencies all met for dep_context=requeueable deps ti=<TaskInstance: bronze_processing.wait_for_raw_ingestion manual__2025-10-31T13:28:43.118041+00:00 [queued]>
[2025-10-31T13:28:45.090+0000] {taskinstance.py:2884} INFO - Starting attempt 1 of 2
[2025-10-31T13:28:45.107+0000] {taskinstance.py:2907} INFO - Executing <Task(ExternalTaskSensor): wait_for_raw_ingestion> on 2025-10-31 13:28:43.118041+00:00
[2025-10-31T13:28:45.115+0000] {standard_task_runner.py:72} INFO - Started process 224 to run task
[2025-10-31T13:28:45.120+0000] {standard_task_runner.py:104} INFO - Running: ['airflow', 'tasks', 'run', 'bronze_processing', 'wait_for_raw_ingestion', 'manual__2025-10-31T13:28:43.118041+00:00', '--job-id', '4', '--raw', '--subdir', 'DAGS_FOLDER/bronze_processing_dag.py', '--cfg-path', '/tmp/tmpczhjqs9z']
[2025-10-31T13:28:45.123+0000] {standard_task_runner.py:105} INFO - Job 4: Subtask wait_for_raw_ingestion
[2025-10-31T13:28:45.238+0000] {task_command.py:467} INFO - Running <TaskInstance: bronze_processing.wait_for_raw_ingestion manual__2025-10-31T13:28:43.118041+00:00 [running]> on host cb0bda40d6ad
[2025-10-31T13:28:45.348+0000] {taskinstance.py:3157} INFO - Exporting env vars: AIRFLOW_CTX_DAG_OWNER='daxlog' AIRFLOW_CTX_DAG_ID='bronze_processing' AIRFLOW_CTX_TASK_ID='wait_for_raw_ingestion' AIRFLOW_CTX_EXECUTION_DATE='2025-10-31T13:28:43.118041+00:00' AIRFLOW_CTX_TRY_NUMBER='1' AIRFLOW_CTX_DAG_RUN_ID='manual__2025-10-31T13:28:43.118041+00:00'
[2025-10-31T13:28:45.353+0000] {taskinstance.py:740} INFO - ::endgroup::
[2025-10-31T13:28:45.371+0000] {baseoperator.py:423} WARNING - ExternalTaskSensor.execute cannot be called outside TaskInstance!
[2025-10-31T13:28:45.373+0000] {external_task.py:258} INFO - Poking for tasks ['generate_raw'] in dag raw_ingestion on 2025-10-31T13:28:43.118041+00:00 ... 
[2025-10-31T13:28:45.378+0000] {logging_mixin.py:190} WARNING - /home/airflow/.local/lib/python3.11/site-packages/airflow/utils/session.py:97 DeprecationWarning: This method is deprecated and will be removed in future.
[2025-10-31T13:29:45.396+0000] {external_task.py:258} INFO - Poking for tasks ['generate_raw'] in dag raw_ingestion on 2025-10-31T13:28:43.118041+00:00 ... 
[2025-10-31T13:30:45.443+0000] {external_task.py:258} INFO - Poking for tasks ['generate_raw'] in dag raw_ingestion on 2025-10-31T13:28:43.118041+00:00 ... 
[2025-10-31T13:31:45.449+0000] {external_task.py:258} INFO - Poking for tasks ['generate_raw'] in dag raw_ingestion on 2025-10-31T13:28:43.118041+00:00 ... 
[2025-10-31T13:32:45.472+0000] {external_task.py:258} INFO - Poking for tasks ['generate_raw'] in dag raw_ingestion on 2025-10-31T13:28:43.118041+00:00 ... 
[2025-10-31T13:33:45.495+0000] {external_task.py:258} INFO - Poking for tasks ['generate_raw'] in dag raw_ingestion on 2025-10-31T13:28:43.118041+00:00 ... 
[2025-10-31T13:34:45.537+0000] {external_task.py:258} INFO - Poking for tasks ['generate_raw'] in dag raw_ingestion on 2025-10-31T13:28:43.118041+00:00 ... 
[2025-10-31T13:35:45.573+0000] {external_task.py:258} INFO - Poking for tasks ['generate_raw'] in dag raw_ingestion on 2025-10-31T13:28:43.118041+00:00 ... 
[2025-10-31T13:36:45.598+0000] {external_task.py:258} INFO - Poking for tasks ['generate_raw'] in dag raw_ingestion on 2025-10-31T13:28:43.118041+00:00 ... 
[2025-10-31T13:37:45.628+0000] {external_task.py:258} INFO - Poking for tasks ['generate_raw'] in dag raw_ingestion on 2025-10-31T13:28:43.118041+00:00 ... 
[2025-10-31T13:38:45.643+0000] {external_task.py:258} INFO - Poking for tasks ['generate_raw'] in dag raw_ingestion on 2025-10-31T13:28:43.118041+00:00 ... 
[2025-10-31T13:39:45.668+0000] {external_task.py:258} INFO - Poking for tasks ['generate_raw'] in dag raw_ingestion on 2025-10-31T13:28:43.118041+00:00 ... 
[2025-10-31T13:40:45.691+0000] {external_task.py:258} INFO - Poking for tasks ['generate_raw'] in dag raw_ingestion on 2025-10-31T13:28:43.118041+00:00 ... 
[2025-10-31T13:41:45.729+0000] {external_task.py:258} INFO - Poking for tasks ['generate_raw'] in dag raw_ingestion on 2025-10-31T13:28:43.118041+00:00 ... 
[2025-10-31T13:42:45.751+0000] {external_task.py:258} INFO - Poking for tasks ['generate_raw'] in dag raw_ingestion on 2025-10-31T13:28:43.118041+00:00 ... 
[2025-10-31T13:43:45.765+0000] {external_task.py:258} INFO - Poking for tasks ['generate_raw'] in dag raw_ingestion on 2025-10-31T13:28:43.118041+00:00 ... 
[2025-10-31T13:44:45.782+0000] {external_task.py:258} INFO - Poking for tasks ['generate_raw'] in dag raw_ingestion on 2025-10-31T13:28:43.118041+00:00 ... 
[2025-10-31T13:45:45.803+0000] {external_task.py:258} INFO - Poking for tasks ['generate_raw'] in dag raw_ingestion on 2025-10-31T13:28:43.118041+00:00 ... 
[2025-10-31T13:46:45.832+0000] {external_task.py:258} INFO - Poking for tasks ['generate_raw'] in dag raw_ingestion on 2025-10-31T13:28:43.118041+00:00 ... 
[2025-10-31T13:47:45.842+0000] {external_task.py:258} INFO - Poking for tasks ['generate_raw'] in dag raw_ingestion on 2025-10-31T13:28:43.118041+00:00 ... 
[2025-10-31T13:48:45.869+0000] {external_task.py:258} INFO - Poking for tasks ['generate_raw'] in dag raw_ingestion on 2025-10-31T13:28:43.118041+00:00 ... 
[2025-10-31T13:48:45.950+0000] {taskinstance.py:3336} ERROR - Task failed with exception
Traceback (most recent call last):
  File "/home/airflow/.local/lib/python3.11/site-packages/airflow/models/taskinstance.py", line 776, in _execute_task
    result = _execute_callable(context=context, **execute_callable_kwargs)
             ^^^^^^^^^^^^^^^^^^^^^^^^^^^^^^^^^^^^^^^^^^^^^^^^^^^^^^^^^^^^^
  File "/home/airflow/.local/lib/python3.11/site-packages/airflow/models/taskinstance.py", line 742, in _execute_callable
    return ExecutionCallableRunner(
           ^^^^^^^^^^^^^^^^^^^^^^^^
  File "/home/airflow/.local/lib/python3.11/site-packages/airflow/utils/operator_helpers.py", line 252, in run
    return self.func(*args, **kwargs)
           ^^^^^^^^^^^^^^^^^^^^^^^^^^
  File "/home/airflow/.local/lib/python3.11/site-packages/airflow/models/baseoperator.py", line 424, in wrapper
    return func(self, *args, **kwargs)
           ^^^^^^^^^^^^^^^^^^^^^^^^^^^
  File "/home/airflow/.local/lib/python3.11/site-packages/airflow/sensors/external_task.py", line 348, in execute
    super().execute(context)
  File "/home/airflow/.local/lib/python3.11/site-packages/airflow/models/baseoperator.py", line 424, in wrapper
    return func(self, *args, **kwargs)
           ^^^^^^^^^^^^^^^^^^^^^^^^^^^
  File "/home/airflow/.local/lib/python3.11/site-packages/airflow/sensors/base.py", line 326, in execute
    raise AirflowSensorTimeout(message)
airflow.exceptions.AirflowSensorTimeout: Sensor has timed out; run duration of 1200.671704674 seconds exceeds the specified timeout of 1200.0.
[2025-10-31T13:48:46.070+0000] {taskinstance.py:1242} INFO - Immediate failure requested. Marking task as FAILED. dag_id=bronze_processing, task_id=wait_for_raw_ingestion, run_id=manual__2025-10-31T13:28:43.118041+00:00, execution_date=20251031T132843, start_date=20251031T132845, end_date=20251031T134846
[2025-10-31T13:48:46.195+0000] {taskinstance.py:349} INFO - ::group::Post task execution logs
[2025-10-31T13:48:46.209+0000] {standard_task_runner.py:124} ERROR - Failed to execute job 4 for task wait_for_raw_ingestion (Sensor has timed out; run duration of 1200.671704674 seconds exceeds the specified timeout of 1200.0.; 224)
Traceback (most recent call last):
  File "/home/airflow/.local/lib/python3.11/site-packages/airflow/task/task_runner/standard_task_runner.py", line 117, in _start_by_fork
    ret = args.func(args, dag=self.dag)
          ^^^^^^^^^^^^^^^^^^^^^^^^^^^^^
  File "/home/airflow/.local/lib/python3.11/site-packages/airflow/cli/cli_config.py", line 49, in command
    return func(*args, **kwargs)
           ^^^^^^^^^^^^^^^^^^^^^
  File "/home/airflow/.local/lib/python3.11/site-packages/airflow/utils/cli.py", line 116, in wrapper
    return f(*args, **kwargs)
           ^^^^^^^^^^^^^^^^^^
  File "/home/airflow/.local/lib/python3.11/site-packages/airflow/cli/commands/task_command.py", line 483, in task_run
    task_return_code = _run_task_by_selected_method(args, _dag, ti)
                       ^^^^^^^^^^^^^^^^^^^^^^^^^^^^^^^^^^^^^^^^^^^^
  File "/home/airflow/.local/lib/python3.11/site-packages/airflow/cli/commands/task_command.py", line 256, in _run_task_by_selected_method
    return _run_raw_task(args, ti)
           ^^^^^^^^^^^^^^^^^^^^^^^
  File "/home/airflow/.local/lib/python3.11/site-packages/airflow/cli/commands/task_command.py", line 341, in _run_raw_task
    return ti._run_raw_task(
           ^^^^^^^^^^^^^^^^^
  File "/home/airflow/.local/lib/python3.11/site-packages/airflow/utils/session.py", line 97, in wrapper
    return func(*args, session=session, **kwargs)
           ^^^^^^^^^^^^^^^^^^^^^^^^^^^^^^^^^^^^^^
  File "/home/airflow/.local/lib/python3.11/site-packages/airflow/models/taskinstance.py", line 3029, in _run_raw_task
    return _run_raw_task(
           ^^^^^^^^^^^^^^
  File "/home/airflow/.local/lib/python3.11/site-packages/airflow/models/taskinstance.py", line 282, in _run_raw_task
    TaskInstance._execute_task_with_callbacks(
  File "/home/airflow/.local/lib/python3.11/site-packages/airflow/models/taskinstance.py", line 3184, in _execute_task_with_callbacks
    result = self._execute_task(context, task_orig)
             ^^^^^^^^^^^^^^^^^^^^^^^^^^^^^^^^^^^^^^
  File "/home/airflow/.local/lib/python3.11/site-packages/airflow/models/taskinstance.py", line 3208, in _execute_task
    return _execute_task(self, context, task_orig)
           ^^^^^^^^^^^^^^^^^^^^^^^^^^^^^^^^^^^^^^^
  File "/home/airflow/.local/lib/python3.11/site-packages/airflow/models/taskinstance.py", line 776, in _execute_task
    result = _execute_callable(context=context, **execute_callable_kwargs)
             ^^^^^^^^^^^^^^^^^^^^^^^^^^^^^^^^^^^^^^^^^^^^^^^^^^^^^^^^^^^^^
  File "/home/airflow/.local/lib/python3.11/site-packages/airflow/models/taskinstance.py", line 742, in _execute_callable
    return ExecutionCallableRunner(
           ^^^^^^^^^^^^^^^^^^^^^^^^
  File "/home/airflow/.local/lib/python3.11/site-packages/airflow/utils/operator_helpers.py", line 252, in run
    return self.func(*args, **kwargs)
           ^^^^^^^^^^^^^^^^^^^^^^^^^^
  File "/home/airflow/.local/lib/python3.11/site-packages/airflow/models/baseoperator.py", line 424, in wrapper
    return func(self, *args, **kwargs)
           ^^^^^^^^^^^^^^^^^^^^^^^^^^^
  File "/home/airflow/.local/lib/python3.11/site-packages/airflow/sensors/external_task.py", line 348, in execute
    super().execute(context)
  File "/home/airflow/.local/lib/python3.11/site-packages/airflow/models/baseoperator.py", line 424, in wrapper
    return func(self, *args, **kwargs)
           ^^^^^^^^^^^^^^^^^^^^^^^^^^^
  File "/home/airflow/.local/lib/python3.11/site-packages/airflow/sensors/base.py", line 326, in execute
    raise AirflowSensorTimeout(message)
airflow.exceptions.AirflowSensorTimeout: Sensor has timed out; run duration of 1200.671704674 seconds exceeds the specified timeout of 1200.0.
[2025-10-31T13:48:46.362+0000] {local_task_job_runner.py:266} INFO - Task exited with return code 1
[2025-10-31T13:48:46.489+0000] {local_task_job_runner.py:245} INFO - ::endgroup::
