[2025-10-31T16:26:29.193+0000] {local_task_job_runner.py:123} INFO - ::group::Pre task execution logs
[2025-10-31T16:26:29.215+0000] {taskinstance.py:2631} INFO - Dependencies all met for dep_context=non-requeueable deps ti=<TaskInstance: ingestao_bruta.gerar_bruto manual__2025-10-31T16:26:27.743094+00:00 [queued]>
[2025-10-31T16:26:29.224+0000] {taskinstance.py:2631} INFO - Dependencies all met for dep_context=requeueable deps ti=<TaskInstance: ingestao_bruta.gerar_bruto manual__2025-10-31T16:26:27.743094+00:00 [queued]>
[2025-10-31T16:26:29.226+0000] {taskinstance.py:2884} INFO - Starting attempt 1 of 2
[2025-10-31T16:26:29.241+0000] {taskinstance.py:2907} INFO - Executing <Task(PythonOperator): gerar_bruto> on 2025-10-31 16:26:27.743094+00:00
[2025-10-31T16:26:29.250+0000] {standard_task_runner.py:72} INFO - Started process 376 to run task
[2025-10-31T16:26:29.254+0000] {standard_task_runner.py:104} INFO - Running: ['airflow', 'tasks', 'run', 'ingestao_bruta', 'gerar_bruto', 'manual__2025-10-31T16:26:27.743094+00:00', '--job-id', '21', '--raw', '--subdir', 'DAGS_FOLDER/raw_ingestion_dag.py', '--cfg-path', '/tmp/tmpn2y15x03']
[2025-10-31T16:26:29.259+0000] {standard_task_runner.py:105} INFO - Job 21: Subtask gerar_bruto
[2025-10-31T16:26:29.345+0000] {task_command.py:467} INFO - Running <TaskInstance: ingestao_bruta.gerar_bruto manual__2025-10-31T16:26:27.743094+00:00 [running]> on host 525b9bc65a4a
[2025-10-31T16:26:29.447+0000] {taskinstance.py:3157} INFO - Exporting env vars: AIRFLOW_CTX_DAG_OWNER='daxlog' AIRFLOW_CTX_DAG_ID='ingestao_bruta' AIRFLOW_CTX_TASK_ID='gerar_bruto' AIRFLOW_CTX_EXECUTION_DATE='2025-10-31T16:26:27.743094+00:00' AIRFLOW_CTX_TRY_NUMBER='1' AIRFLOW_CTX_DAG_RUN_ID='manual__2025-10-31T16:26:27.743094+00:00'
[2025-10-31T16:26:29.449+0000] {taskinstance.py:740} INFO - ::endgroup::
[2025-10-31T16:26:29.471+0000] {raw_ingestion_dag.py:57} INFO - --- Iniciando a Tarefa de Ingestão Bruta (200 linhas de Sorter/AWB) ---
[2025-10-31T16:26:29.472+0000] {s3_utils.py:25} INFO - Conectando ao MinIO em: http://minio:9000 com BUCKET: datalake
[2025-10-31T16:26:31.958+0000] {s3_utils.py:44} INFO - Bucket 'datalake' já existe.
[2025-10-31T16:26:31.971+0000] {raw_ingestion_dag.py:102} INFO - Gerados 200 registros de Sorter/AWB robustos.
[2025-10-31T16:26:31.974+0000] {s3_utils.py:25} INFO - Conectando ao MinIO em: http://minio:9000 com BUCKET: datalake
[2025-10-31T16:26:31.986+0000] {s3_utils.py:44} INFO - Bucket 'datalake' já existe.
[2025-10-31T16:26:31.987+0000] {s3_utils.py:25} INFO - Conectando ao MinIO em: http://minio:9000 com BUCKET: datalake
[2025-10-31T16:26:32.041+0000] {s3_utils.py:73} INFO - Upload bem-sucedido: s3://datalake/raw/awb_sortation_20251031162631_d4e4c148-5c69-4cf4-bf70-bcafaf903aee.json
[2025-10-31T16:26:32.045+0000] {raw_ingestion_dag.py:118} INFO - Upload bem-sucedido: s3://datalake/raw/awb_sortation_20251031162631_d4e4c148-5c69-4cf4-bf70-bcafaf903aee.json
[2025-10-31T16:26:32.046+0000] {python.py:240} INFO - Done. Returned value was: None
[2025-10-31T16:26:32.067+0000] {taskinstance.py:349} INFO - ::group::Post task execution logs
[2025-10-31T16:26:32.069+0000] {taskinstance.py:361} INFO - Marking task as SUCCESS. dag_id=ingestao_bruta, task_id=gerar_bruto, run_id=manual__2025-10-31T16:26:27.743094+00:00, execution_date=20251031T162627, start_date=20251031T162629, end_date=20251031T162632
[2025-10-31T16:26:32.131+0000] {local_task_job_runner.py:266} INFO - Task exited with return code 0
[2025-10-31T16:26:32.162+0000] {taskinstance.py:3924} INFO - 0 downstream tasks scheduled from follow-on schedule check
[2025-10-31T16:26:32.169+0000] {local_task_job_runner.py:245} INFO - ::endgroup::
