[2025-10-31T19:58:23.866+0000] {local_task_job_runner.py:123} INFO - ::group::Pre task execution logs
[2025-10-31T19:58:23.896+0000] {taskinstance.py:2631} INFO - Dependencies all met for dep_context=non-requeueable deps ti=<TaskInstance: ingestao_bruta.gerar_bruto manual__2025-10-31T19:58:21.231369+00:00 [queued]>
[2025-10-31T19:58:23.911+0000] {taskinstance.py:2631} INFO - Dependencies all met for dep_context=requeueable deps ti=<TaskInstance: ingestao_bruta.gerar_bruto manual__2025-10-31T19:58:21.231369+00:00 [queued]>
[2025-10-31T19:58:23.913+0000] {taskinstance.py:2884} INFO - Starting attempt 1 of 2
[2025-10-31T19:58:23.931+0000] {taskinstance.py:2907} INFO - Executing <Task(PythonOperator): gerar_bruto> on 2025-10-31 19:58:21.231369+00:00
[2025-10-31T19:58:23.940+0000] {standard_task_runner.py:72} INFO - Started process 540 to run task
[2025-10-31T19:58:23.945+0000] {standard_task_runner.py:104} INFO - Running: ['airflow', 'tasks', 'run', 'ingestao_bruta', 'gerar_bruto', 'manual__2025-10-31T19:58:21.231369+00:00', '--job-id', '61', '--raw', '--subdir', 'DAGS_FOLDER/raw_ingestion_dag.py', '--cfg-path', '/tmp/tmpu1a58390']
[2025-10-31T19:58:23.949+0000] {standard_task_runner.py:105} INFO - Job 61: Subtask gerar_bruto
[2025-10-31T19:58:24.078+0000] {task_command.py:467} INFO - Running <TaskInstance: ingestao_bruta.gerar_bruto manual__2025-10-31T19:58:21.231369+00:00 [running]> on host d1b4523221b9
[2025-10-31T19:58:24.220+0000] {taskinstance.py:3157} INFO - Exporting env vars: AIRFLOW_CTX_DAG_OWNER='daxlog' AIRFLOW_CTX_DAG_ID='ingestao_bruta' AIRFLOW_CTX_TASK_ID='gerar_bruto' AIRFLOW_CTX_EXECUTION_DATE='2025-10-31T19:58:21.231369+00:00' AIRFLOW_CTX_TRY_NUMBER='1' AIRFLOW_CTX_DAG_RUN_ID='manual__2025-10-31T19:58:21.231369+00:00'
[2025-10-31T19:58:24.223+0000] {taskinstance.py:740} INFO - ::endgroup::
[2025-10-31T19:58:24.259+0000] {raw_ingestion_dag.py:57} INFO - --- Iniciando a Tarefa de Ingestão Bruta (200 linhas de Sorter/AWB) ---
[2025-10-31T19:58:24.262+0000] {s3_utils.py:25} INFO - Conectando ao MinIO em: http://minio:9000 com BUCKET: datalake
[2025-10-31T19:58:25.327+0000] {s3_utils.py:44} INFO - Bucket 'datalake' já existe.
[2025-10-31T19:58:25.340+0000] {raw_ingestion_dag.py:102} INFO - Gerados 200 registros de Sorter/AWB robustos.
[2025-10-31T19:58:25.345+0000] {s3_utils.py:25} INFO - Conectando ao MinIO em: http://minio:9000 com BUCKET: datalake
[2025-10-31T19:58:25.361+0000] {s3_utils.py:44} INFO - Bucket 'datalake' já existe.
[2025-10-31T19:58:25.363+0000] {s3_utils.py:25} INFO - Conectando ao MinIO em: http://minio:9000 com BUCKET: datalake
[2025-10-31T19:58:25.428+0000] {s3_utils.py:73} INFO - Upload bem-sucedido: s3://datalake/raw/awb_sortation_20251031195825_08c9d952-8087-4600-aaa1-3a2c994a1e31.json
[2025-10-31T19:58:25.429+0000] {raw_ingestion_dag.py:118} INFO - Upload bem-sucedido: s3://datalake/raw/awb_sortation_20251031195825_08c9d952-8087-4600-aaa1-3a2c994a1e31.json
[2025-10-31T19:58:25.431+0000] {python.py:240} INFO - Done. Returned value was: None
[2025-10-31T19:58:25.446+0000] {taskinstance.py:349} INFO - ::group::Post task execution logs
[2025-10-31T19:58:25.448+0000] {taskinstance.py:361} INFO - Marking task as SUCCESS. dag_id=ingestao_bruta, task_id=gerar_bruto, run_id=manual__2025-10-31T19:58:21.231369+00:00, execution_date=20251031T195821, start_date=20251031T195823, end_date=20251031T195825
[2025-10-31T19:58:25.529+0000] {local_task_job_runner.py:266} INFO - Task exited with return code 0
[2025-10-31T19:58:25.559+0000] {taskinstance.py:3924} INFO - 0 downstream tasks scheduled from follow-on schedule check
[2025-10-31T19:58:25.565+0000] {local_task_job_runner.py:245} INFO - ::endgroup::
