[2025-10-31T10:59:56.357+0000] {local_task_job_runner.py:123} INFO - ::group::Pre task execution logs
[2025-10-31T10:59:56.413+0000] {taskinstance.py:2631} INFO - Dependencies all met for dep_context=non-requeueable deps ti=<TaskInstance: bronze_processing.wait_for_raw_ingestion manual__2025-10-30T21:19:42.938125+00:00 [queued]>
[2025-10-31T10:59:56.436+0000] {taskinstance.py:2631} INFO - Dependencies all met for dep_context=requeueable deps ti=<TaskInstance: bronze_processing.wait_for_raw_ingestion manual__2025-10-30T21:19:42.938125+00:00 [queued]>
[2025-10-31T10:59:56.439+0000] {taskinstance.py:2884} INFO - Starting attempt 2 of 2
[2025-10-31T10:59:56.468+0000] {taskinstance.py:2907} INFO - Executing <Task(ExternalTaskSensor): wait_for_raw_ingestion> on 2025-10-30 21:19:42.938125+00:00
[2025-10-31T10:59:56.487+0000] {standard_task_runner.py:72} INFO - Started process 184 to run task
[2025-10-31T10:59:56.500+0000] {standard_task_runner.py:104} INFO - Running: ['airflow', 'tasks', 'run', 'bronze_processing', 'wait_for_raw_ingestion', 'manual__2025-10-30T21:19:42.938125+00:00', '--job-id', '35', '--raw', '--subdir', 'DAGS_FOLDER/bronze_processing_dag.py', '--cfg-path', '/tmp/tmpun4xgym6']
[2025-10-31T10:59:56.516+0000] {standard_task_runner.py:105} INFO - Job 35: Subtask wait_for_raw_ingestion
[2025-10-31T10:59:56.856+0000] {task_command.py:467} INFO - Running <TaskInstance: bronze_processing.wait_for_raw_ingestion manual__2025-10-30T21:19:42.938125+00:00 [running]> on host 743330a29803
[2025-10-31T10:59:57.403+0000] {taskinstance.py:3157} INFO - Exporting env vars: AIRFLOW_CTX_DAG_OWNER='daxlog' AIRFLOW_CTX_DAG_ID='bronze_processing' AIRFLOW_CTX_TASK_ID='wait_for_raw_ingestion' AIRFLOW_CTX_EXECUTION_DATE='2025-10-30T21:19:42.938125+00:00' AIRFLOW_CTX_TRY_NUMBER='2' AIRFLOW_CTX_DAG_RUN_ID='manual__2025-10-30T21:19:42.938125+00:00'
[2025-10-31T10:59:57.418+0000] {taskinstance.py:740} INFO - ::endgroup::
[2025-10-31T10:59:57.580+0000] {baseoperator.py:423} WARNING - ExternalTaskSensor.execute cannot be called outside TaskInstance!
[2025-10-31T10:59:57.585+0000] {external_task.py:258} INFO - Poking for tasks ['generate_raw'] in dag raw_ingestion on 2025-10-30T21:19:42.938125+00:00 ... 
[2025-10-31T10:59:57.623+0000] {logging_mixin.py:190} WARNING - /home/airflow/.local/lib/python3.11/site-packages/airflow/utils/session.py:97 DeprecationWarning: This method is deprecated and will be removed in future.
[2025-10-31T11:00:57.751+0000] {external_task.py:258} INFO - Poking for tasks ['generate_raw'] in dag raw_ingestion on 2025-10-30T21:19:42.938125+00:00 ... 
[2025-10-31T11:01:57.781+0000] {external_task.py:258} INFO - Poking for tasks ['generate_raw'] in dag raw_ingestion on 2025-10-30T21:19:42.938125+00:00 ... 
[2025-10-31T11:02:57.879+0000] {external_task.py:258} INFO - Poking for tasks ['generate_raw'] in dag raw_ingestion on 2025-10-30T21:19:42.938125+00:00 ... 
[2025-10-31T11:03:57.927+0000] {external_task.py:258} INFO - Poking for tasks ['generate_raw'] in dag raw_ingestion on 2025-10-30T21:19:42.938125+00:00 ... 
[2025-10-31T11:04:57.958+0000] {external_task.py:258} INFO - Poking for tasks ['generate_raw'] in dag raw_ingestion on 2025-10-30T21:19:42.938125+00:00 ... 
[2025-10-31T11:05:57.981+0000] {external_task.py:258} INFO - Poking for tasks ['generate_raw'] in dag raw_ingestion on 2025-10-30T21:19:42.938125+00:00 ... 
[2025-10-31T11:06:58.011+0000] {external_task.py:258} INFO - Poking for tasks ['generate_raw'] in dag raw_ingestion on 2025-10-30T21:19:42.938125+00:00 ... 
[2025-10-31T11:07:58.037+0000] {external_task.py:258} INFO - Poking for tasks ['generate_raw'] in dag raw_ingestion on 2025-10-30T21:19:42.938125+00:00 ... 
[2025-10-31T11:08:58.077+0000] {external_task.py:258} INFO - Poking for tasks ['generate_raw'] in dag raw_ingestion on 2025-10-30T21:19:42.938125+00:00 ... 
[2025-10-31T11:09:58.101+0000] {external_task.py:258} INFO - Poking for tasks ['generate_raw'] in dag raw_ingestion on 2025-10-30T21:19:42.938125+00:00 ... 
[2025-10-31T11:10:58.115+0000] {external_task.py:258} INFO - Poking for tasks ['generate_raw'] in dag raw_ingestion on 2025-10-30T21:19:42.938125+00:00 ... 
[2025-10-31T11:11:58.163+0000] {external_task.py:258} INFO - Poking for tasks ['generate_raw'] in dag raw_ingestion on 2025-10-30T21:19:42.938125+00:00 ... 
[2025-10-31T11:12:58.177+0000] {external_task.py:258} INFO - Poking for tasks ['generate_raw'] in dag raw_ingestion on 2025-10-30T21:19:42.938125+00:00 ... 
[2025-10-31T11:13:58.190+0000] {external_task.py:258} INFO - Poking for tasks ['generate_raw'] in dag raw_ingestion on 2025-10-30T21:19:42.938125+00:00 ... 
[2025-10-31T11:14:58.202+0000] {external_task.py:258} INFO - Poking for tasks ['generate_raw'] in dag raw_ingestion on 2025-10-30T21:19:42.938125+00:00 ... 
[2025-10-31T11:15:58.233+0000] {external_task.py:258} INFO - Poking for tasks ['generate_raw'] in dag raw_ingestion on 2025-10-30T21:19:42.938125+00:00 ... 
[2025-10-31T11:16:58.266+0000] {external_task.py:258} INFO - Poking for tasks ['generate_raw'] in dag raw_ingestion on 2025-10-30T21:19:42.938125+00:00 ... 
[2025-10-31T11:17:58.301+0000] {external_task.py:258} INFO - Poking for tasks ['generate_raw'] in dag raw_ingestion on 2025-10-30T21:19:42.938125+00:00 ... 
[2025-10-31T11:18:58.330+0000] {external_task.py:258} INFO - Poking for tasks ['generate_raw'] in dag raw_ingestion on 2025-10-30T21:19:42.938125+00:00 ... 
[2025-10-31T11:19:58.352+0000] {external_task.py:258} INFO - Poking for tasks ['generate_raw'] in dag raw_ingestion on 2025-10-30T21:19:42.938125+00:00 ... 
[2025-10-31T11:19:58.506+0000] {taskinstance.py:3336} ERROR - Task failed with exception
Traceback (most recent call last):
  File "/home/airflow/.local/lib/python3.11/site-packages/airflow/models/taskinstance.py", line 776, in _execute_task
    result = _execute_callable(context=context, **execute_callable_kwargs)
             ^^^^^^^^^^^^^^^^^^^^^^^^^^^^^^^^^^^^^^^^^^^^^^^^^^^^^^^^^^^^^
  File "/home/airflow/.local/lib/python3.11/site-packages/airflow/models/taskinstance.py", line 742, in _execute_callable
    return ExecutionCallableRunner(
           ^^^^^^^^^^^^^^^^^^^^^^^^
  File "/home/airflow/.local/lib/python3.11/site-packages/airflow/utils/operator_helpers.py", line 252, in run
    return self.func(*args, **kwargs)
           ^^^^^^^^^^^^^^^^^^^^^^^^^^
  File "/home/airflow/.local/lib/python3.11/site-packages/airflow/models/baseoperator.py", line 424, in wrapper
    return func(self, *args, **kwargs)
           ^^^^^^^^^^^^^^^^^^^^^^^^^^^
  File "/home/airflow/.local/lib/python3.11/site-packages/airflow/sensors/external_task.py", line 348, in execute
    super().execute(context)
  File "/home/airflow/.local/lib/python3.11/site-packages/airflow/models/baseoperator.py", line 424, in wrapper
    return func(self, *args, **kwargs)
           ^^^^^^^^^^^^^^^^^^^^^^^^^^^
  File "/home/airflow/.local/lib/python3.11/site-packages/airflow/sensors/base.py", line 326, in execute
    raise AirflowSensorTimeout(message)
airflow.exceptions.AirflowSensorTimeout: Sensor has timed out; run duration of 1200.968672021 seconds exceeds the specified timeout of 1200.0.
[2025-10-31T11:19:58.733+0000] {taskinstance.py:1242} INFO - Immediate failure requested. Marking task as FAILED. dag_id=bronze_processing, task_id=wait_for_raw_ingestion, run_id=manual__2025-10-30T21:19:42.938125+00:00, execution_date=20251030T211942, start_date=20251031T105956, end_date=20251031T111958
[2025-10-31T11:19:58.881+0000] {taskinstance.py:349} INFO - ::group::Post task execution logs
[2025-10-31T11:19:58.888+0000] {standard_task_runner.py:124} ERROR - Failed to execute job 35 for task wait_for_raw_ingestion (Sensor has timed out; run duration of 1200.968672021 seconds exceeds the specified timeout of 1200.0.; 184)
Traceback (most recent call last):
  File "/home/airflow/.local/lib/python3.11/site-packages/airflow/task/task_runner/standard_task_runner.py", line 117, in _start_by_fork
    ret = args.func(args, dag=self.dag)
          ^^^^^^^^^^^^^^^^^^^^^^^^^^^^^
  File "/home/airflow/.local/lib/python3.11/site-packages/airflow/cli/cli_config.py", line 49, in command
    return func(*args, **kwargs)
           ^^^^^^^^^^^^^^^^^^^^^
  File "/home/airflow/.local/lib/python3.11/site-packages/airflow/utils/cli.py", line 116, in wrapper
    return f(*args, **kwargs)
           ^^^^^^^^^^^^^^^^^^
  File "/home/airflow/.local/lib/python3.11/site-packages/airflow/cli/commands/task_command.py", line 483, in task_run
    task_return_code = _run_task_by_selected_method(args, _dag, ti)
                       ^^^^^^^^^^^^^^^^^^^^^^^^^^^^^^^^^^^^^^^^^^^^
  File "/home/airflow/.local/lib/python3.11/site-packages/airflow/cli/commands/task_command.py", line 256, in _run_task_by_selected_method
    return _run_raw_task(args, ti)
           ^^^^^^^^^^^^^^^^^^^^^^^
  File "/home/airflow/.local/lib/python3.11/site-packages/airflow/cli/commands/task_command.py", line 341, in _run_raw_task
    return ti._run_raw_task(
           ^^^^^^^^^^^^^^^^^
  File "/home/airflow/.local/lib/python3.11/site-packages/airflow/utils/session.py", line 97, in wrapper
    return func(*args, session=session, **kwargs)
           ^^^^^^^^^^^^^^^^^^^^^^^^^^^^^^^^^^^^^^
  File "/home/airflow/.local/lib/python3.11/site-packages/airflow/models/taskinstance.py", line 3029, in _run_raw_task
    return _run_raw_task(
           ^^^^^^^^^^^^^^
  File "/home/airflow/.local/lib/python3.11/site-packages/airflow/models/taskinstance.py", line 282, in _run_raw_task
    TaskInstance._execute_task_with_callbacks(
  File "/home/airflow/.local/lib/python3.11/site-packages/airflow/models/taskinstance.py", line 3184, in _execute_task_with_callbacks
    result = self._execute_task(context, task_orig)
             ^^^^^^^^^^^^^^^^^^^^^^^^^^^^^^^^^^^^^^
  File "/home/airflow/.local/lib/python3.11/site-packages/airflow/models/taskinstance.py", line 3208, in _execute_task
    return _execute_task(self, context, task_orig)
           ^^^^^^^^^^^^^^^^^^^^^^^^^^^^^^^^^^^^^^^
  File "/home/airflow/.local/lib/python3.11/site-packages/airflow/models/taskinstance.py", line 776, in _execute_task
    result = _execute_callable(context=context, **execute_callable_kwargs)
             ^^^^^^^^^^^^^^^^^^^^^^^^^^^^^^^^^^^^^^^^^^^^^^^^^^^^^^^^^^^^^
  File "/home/airflow/.local/lib/python3.11/site-packages/airflow/models/taskinstance.py", line 742, in _execute_callable
    return ExecutionCallableRunner(
           ^^^^^^^^^^^^^^^^^^^^^^^^
  File "/home/airflow/.local/lib/python3.11/site-packages/airflow/utils/operator_helpers.py", line 252, in run
    return self.func(*args, **kwargs)
           ^^^^^^^^^^^^^^^^^^^^^^^^^^
  File "/home/airflow/.local/lib/python3.11/site-packages/airflow/models/baseoperator.py", line 424, in wrapper
    return func(self, *args, **kwargs)
           ^^^^^^^^^^^^^^^^^^^^^^^^^^^
  File "/home/airflow/.local/lib/python3.11/site-packages/airflow/sensors/external_task.py", line 348, in execute
    super().execute(context)
  File "/home/airflow/.local/lib/python3.11/site-packages/airflow/models/baseoperator.py", line 424, in wrapper
    return func(self, *args, **kwargs)
           ^^^^^^^^^^^^^^^^^^^^^^^^^^^
  File "/home/airflow/.local/lib/python3.11/site-packages/airflow/sensors/base.py", line 326, in execute
    raise AirflowSensorTimeout(message)
airflow.exceptions.AirflowSensorTimeout: Sensor has timed out; run duration of 1200.968672021 seconds exceeds the specified timeout of 1200.0.
[2025-10-31T11:19:58.970+0000] {local_task_job_runner.py:266} INFO - Task exited with return code 1
[2025-10-31T11:19:59.152+0000] {taskinstance.py:3924} INFO - 0 downstream tasks scheduled from follow-on schedule check
[2025-10-31T11:19:59.183+0000] {local_task_job_runner.py:245} INFO - ::endgroup::
