[2025-10-31T12:41:04.787+0000] {local_task_job_runner.py:123} INFO - ::group::Pre task execution logs
[2025-10-31T12:41:04.856+0000] {taskinstance.py:2631} INFO - Dependencies all met for dep_context=non-requeueable deps ti=<TaskInstance: ingestao_bruta.gerar_bruto manual__2025-10-31T12:41:02.117186+00:00 [queued]>
[2025-10-31T12:41:04.887+0000] {taskinstance.py:2631} INFO - Dependencies all met for dep_context=requeueable deps ti=<TaskInstance: ingestao_bruta.gerar_bruto manual__2025-10-31T12:41:02.117186+00:00 [queued]>
[2025-10-31T12:41:04.889+0000] {taskinstance.py:2884} INFO - Starting attempt 1 of 2
[2025-10-31T12:41:04.927+0000] {taskinstance.py:2907} INFO - Executing <Task(PythonOperator): gerar_bruto> on 2025-10-31 12:41:02.117186+00:00
[2025-10-31T12:41:04.949+0000] {standard_task_runner.py:72} INFO - Started process 261 to run task
[2025-10-31T12:41:05.036+0000] {standard_task_runner.py:104} INFO - Running: ['airflow', 'tasks', 'run', 'ingestao_bruta', 'gerar_bruto', 'manual__2025-10-31T12:41:02.117186+00:00', '--job-id', '3', '--raw', '--subdir', 'DAGS_FOLDER/raw_ingestion_dag.py', '--cfg-path', '/tmp/tmpkse3480w']
[2025-10-31T12:41:05.059+0000] {standard_task_runner.py:105} INFO - Job 3: Subtask gerar_bruto
[2025-10-31T12:41:05.644+0000] {task_command.py:467} INFO - Running <TaskInstance: ingestao_bruta.gerar_bruto manual__2025-10-31T12:41:02.117186+00:00 [running]> on host b523f962759e
[2025-10-31T12:41:06.267+0000] {taskinstance.py:3157} INFO - Exporting env vars: AIRFLOW_CTX_DAG_OWNER='daxlog' AIRFLOW_CTX_DAG_ID='ingestao_bruta' AIRFLOW_CTX_TASK_ID='gerar_bruto' AIRFLOW_CTX_EXECUTION_DATE='2025-10-31T12:41:02.117186+00:00' AIRFLOW_CTX_TRY_NUMBER='1' AIRFLOW_CTX_DAG_RUN_ID='manual__2025-10-31T12:41:02.117186+00:00'
[2025-10-31T12:41:06.275+0000] {taskinstance.py:740} INFO - ::endgroup::
[2025-10-31T12:41:06.381+0000] {raw_ingestion_dag.py:57} INFO - --- Iniciando a Tarefa de Ingestão Bruta (200 linhas de Sorter/AWB) ---
[2025-10-31T12:41:06.383+0000] {s3_utils.py:21} INFO - Conectando ao MinIO em: http://minio:9000 com BUCKET: datalake
[2025-10-31T12:41:10.102+0000] {s3_utils.py:47} INFO - Bucket 'datalake' criado com sucesso.
[2025-10-31T12:41:10.144+0000] {raw_ingestion_dag.py:102} INFO - Gerados 200 registros de Sorter/AWB robustos.
[2025-10-31T12:41:10.151+0000] {s3_utils.py:21} INFO - Conectando ao MinIO em: http://minio:9000 com BUCKET: datalake
[2025-10-31T12:41:10.207+0000] {s3_utils.py:40} INFO - Bucket 'datalake' já existe.
[2025-10-31T12:41:10.210+0000] {s3_utils.py:21} INFO - Conectando ao MinIO em: http://minio:9000 com BUCKET: datalake
[2025-10-31T12:41:10.445+0000] {s3_utils.py:69} INFO - Upload bem-sucedido: s3://datalake/raw/awb_sortation_20251031124110_b97c7070-35df-40b7-b058-c89578c58728.json
[2025-10-31T12:41:10.447+0000] {raw_ingestion_dag.py:118} INFO - Upload bem-sucedido: s3://datalake/raw/awb_sortation_20251031124110_b97c7070-35df-40b7-b058-c89578c58728.json
[2025-10-31T12:41:10.450+0000] {python.py:240} INFO - Done. Returned value was: None
[2025-10-31T12:41:10.476+0000] {taskinstance.py:349} INFO - ::group::Post task execution logs
[2025-10-31T12:41:10.479+0000] {taskinstance.py:361} INFO - Marking task as SUCCESS. dag_id=ingestao_bruta, task_id=gerar_bruto, run_id=manual__2025-10-31T12:41:02.117186+00:00, execution_date=20251031T124102, start_date=20251031T124104, end_date=20251031T124110
[2025-10-31T12:41:10.588+0000] {local_task_job_runner.py:266} INFO - Task exited with return code 0
[2025-10-31T12:41:10.603+0000] {taskinstance.py:3924} INFO - 0 downstream tasks scheduled from follow-on schedule check
[2025-10-31T12:41:10.609+0000] {local_task_job_runner.py:245} INFO - ::endgroup::
