[2025-10-31T17:41:18.417+0000] {local_task_job_runner.py:123} INFO - ::group::Pre task execution logs
[2025-10-31T17:41:18.453+0000] {taskinstance.py:2631} INFO - Dependencies all met for dep_context=non-requeueable deps ti=<TaskInstance: silver_gold.wait_for_bronze_processing scheduled__2025-10-30T00:00:00+00:00 [queued]>
[2025-10-31T17:41:18.468+0000] {taskinstance.py:2631} INFO - Dependencies all met for dep_context=requeueable deps ti=<TaskInstance: silver_gold.wait_for_bronze_processing scheduled__2025-10-30T00:00:00+00:00 [queued]>
[2025-10-31T17:41:18.470+0000] {taskinstance.py:2884} INFO - Starting attempt 5 of 2
[2025-10-31T17:41:18.491+0000] {taskinstance.py:2907} INFO - Executing <Task(ExternalTaskSensor): wait_for_bronze_processing> on 2025-10-30 00:00:00+00:00
[2025-10-31T17:41:18.501+0000] {standard_task_runner.py:72} INFO - Started process 180 to run task
[2025-10-31T17:41:18.510+0000] {standard_task_runner.py:104} INFO - Running: ['airflow', 'tasks', 'run', 'silver_gold', 'wait_for_bronze_processing', 'scheduled__2025-10-30T00:00:00+00:00', '--job-id', '37', '--raw', '--subdir', 'DAGS_FOLDER/silver_gold_dag.py', '--cfg-path', '/tmp/tmpkicizpjj']
[2025-10-31T17:41:18.516+0000] {standard_task_runner.py:105} INFO - Job 37: Subtask wait_for_bronze_processing
[2025-10-31T17:41:18.650+0000] {task_command.py:467} INFO - Running <TaskInstance: silver_gold.wait_for_bronze_processing scheduled__2025-10-30T00:00:00+00:00 [running]> on host f0931ccd30b3
[2025-10-31T17:41:18.842+0000] {taskinstance.py:3157} INFO - Exporting env vars: AIRFLOW_CTX_DAG_OWNER='daxlog' AIRFLOW_CTX_DAG_ID='silver_gold' AIRFLOW_CTX_TASK_ID='wait_for_bronze_processing' AIRFLOW_CTX_EXECUTION_DATE='2025-10-30T00:00:00+00:00' AIRFLOW_CTX_TRY_NUMBER='5' AIRFLOW_CTX_DAG_RUN_ID='scheduled__2025-10-30T00:00:00+00:00'
[2025-10-31T17:41:18.847+0000] {taskinstance.py:740} INFO - ::endgroup::
[2025-10-31T17:41:18.886+0000] {baseoperator.py:423} WARNING - ExternalTaskSensor.execute cannot be called outside TaskInstance!
[2025-10-31T17:41:18.888+0000] {external_task.py:258} INFO - Poking for tasks ['process_raw_to_bronze'] in dag bronze_processing on 2025-10-30T00:00:00+00:00 ... 
[2025-10-31T17:41:18.894+0000] {logging_mixin.py:190} WARNING - /home/airflow/.local/lib/python3.11/site-packages/airflow/utils/session.py:97 DeprecationWarning: This method is deprecated and will be removed in future.
[2025-10-31T17:42:18.974+0000] {external_task.py:258} INFO - Poking for tasks ['process_raw_to_bronze'] in dag bronze_processing on 2025-10-30T00:00:00+00:00 ... 
[2025-10-31T17:43:19.093+0000] {external_task.py:258} INFO - Poking for tasks ['process_raw_to_bronze'] in dag bronze_processing on 2025-10-30T00:00:00+00:00 ... 
[2025-10-31T17:44:19.153+0000] {external_task.py:258} INFO - Poking for tasks ['process_raw_to_bronze'] in dag bronze_processing on 2025-10-30T00:00:00+00:00 ... 
[2025-10-31T17:45:19.181+0000] {external_task.py:258} INFO - Poking for tasks ['process_raw_to_bronze'] in dag bronze_processing on 2025-10-30T00:00:00+00:00 ... 
[2025-10-31T17:46:19.253+0000] {external_task.py:258} INFO - Poking for tasks ['process_raw_to_bronze'] in dag bronze_processing on 2025-10-30T00:00:00+00:00 ... 
[2025-10-31T17:47:19.278+0000] {external_task.py:258} INFO - Poking for tasks ['process_raw_to_bronze'] in dag bronze_processing on 2025-10-30T00:00:00+00:00 ... 
[2025-10-31T17:48:19.333+0000] {external_task.py:258} INFO - Poking for tasks ['process_raw_to_bronze'] in dag bronze_processing on 2025-10-30T00:00:00+00:00 ... 
[2025-10-31T17:49:19.357+0000] {external_task.py:258} INFO - Poking for tasks ['process_raw_to_bronze'] in dag bronze_processing on 2025-10-30T00:00:00+00:00 ... 
[2025-10-31T17:50:19.376+0000] {external_task.py:258} INFO - Poking for tasks ['process_raw_to_bronze'] in dag bronze_processing on 2025-10-30T00:00:00+00:00 ... 
[2025-10-31T17:51:19.397+0000] {external_task.py:258} INFO - Poking for tasks ['process_raw_to_bronze'] in dag bronze_processing on 2025-10-30T00:00:00+00:00 ... 
[2025-10-31T17:52:19.438+0000] {external_task.py:258} INFO - Poking for tasks ['process_raw_to_bronze'] in dag bronze_processing on 2025-10-30T00:00:00+00:00 ... 
[2025-10-31T17:53:19.484+0000] {external_task.py:258} INFO - Poking for tasks ['process_raw_to_bronze'] in dag bronze_processing on 2025-10-30T00:00:00+00:00 ... 
[2025-10-31T17:54:19.521+0000] {external_task.py:258} INFO - Poking for tasks ['process_raw_to_bronze'] in dag bronze_processing on 2025-10-30T00:00:00+00:00 ... 
[2025-10-31T17:55:19.559+0000] {external_task.py:258} INFO - Poking for tasks ['process_raw_to_bronze'] in dag bronze_processing on 2025-10-30T00:00:00+00:00 ... 
[2025-10-31T17:56:19.586+0000] {external_task.py:258} INFO - Poking for tasks ['process_raw_to_bronze'] in dag bronze_processing on 2025-10-30T00:00:00+00:00 ... 
[2025-10-31T17:57:19.618+0000] {external_task.py:258} INFO - Poking for tasks ['process_raw_to_bronze'] in dag bronze_processing on 2025-10-30T00:00:00+00:00 ... 
[2025-10-31T17:57:59.440+0000] {local_task_job_runner.py:127} ERROR - Received SIGTERM. Terminating subprocesses
[2025-10-31T17:57:59.749+0000] {process_utils.py:132} INFO - Sending 15 to group 180. PIDs of all processes in the group: [180]
[2025-10-31T17:57:59.787+0000] {process_utils.py:87} INFO - Sending the signal 15 to group 180
[2025-10-31T17:57:59.926+0000] {taskinstance.py:3117} ERROR - Received SIGTERM. Terminating subprocesses.
[2025-10-31T17:58:00.871+0000] {taskinstance.py:3118} ERROR - Stacktrace: 
  File "/home/airflow/.local/bin/airflow", line 7, in <module>
    sys.exit(main())
  File "/home/airflow/.local/lib/python3.11/site-packages/airflow/__main__.py", line 62, in main
    args.func(args)
  File "/home/airflow/.local/lib/python3.11/site-packages/airflow/cli/cli_config.py", line 49, in command
    return func(*args, **kwargs)
  File "/home/airflow/.local/lib/python3.11/site-packages/airflow/utils/cli.py", line 116, in wrapper
    return f(*args, **kwargs)
  File "/home/airflow/.local/lib/python3.11/site-packages/airflow/utils/providers_configuration_loader.py", line 55, in wrapped_function
    return func(*args, **kwargs)
  File "/home/airflow/.local/lib/python3.11/site-packages/airflow/cli/commands/scheduler_command.py", line 56, in scheduler
    run_command_with_daemon_option(
  File "/home/airflow/.local/lib/python3.11/site-packages/airflow/cli/commands/daemon_utils.py", line 86, in run_command_with_daemon_option
    callback()
  File "/home/airflow/.local/lib/python3.11/site-packages/airflow/cli/commands/scheduler_command.py", line 59, in <lambda>
    callback=lambda: _run_scheduler_job(args),
  File "/home/airflow/.local/lib/python3.11/site-packages/airflow/cli/commands/scheduler_command.py", line 47, in _run_scheduler_job
    run_job(job=job_runner.job, execute_callable=job_runner._execute)
  File "/home/airflow/.local/lib/python3.11/site-packages/airflow/utils/session.py", line 97, in wrapper
    return func(*args, session=session, **kwargs)
  File "/home/airflow/.local/lib/python3.11/site-packages/airflow/jobs/job.py", line 421, in run_job
    return execute_job(job, execute_callable=execute_callable)
  File "/home/airflow/.local/lib/python3.11/site-packages/airflow/jobs/job.py", line 450, in execute_job
    ret = execute_callable()
  File "/home/airflow/.local/lib/python3.11/site-packages/airflow/jobs/scheduler_job_runner.py", line 990, in _execute
    executor.start()
  File "/home/airflow/.local/lib/python3.11/site-packages/airflow/executors/local_executor.py", line 392, in start
    self.impl.start()
  File "/home/airflow/.local/lib/python3.11/site-packages/airflow/executors/local_executor.py", line 330, in start
    worker.start()
  File "/usr/local/lib/python3.11/multiprocessing/process.py", line 121, in start
    self._popen = self._Popen(self)
  File "/usr/local/lib/python3.11/multiprocessing/context.py", line 224, in _Popen
    return _default_context.get_context().Process._Popen(process_obj)
  File "/usr/local/lib/python3.11/multiprocessing/context.py", line 281, in _Popen
    return Popen(process_obj)
  File "/usr/local/lib/python3.11/multiprocessing/popen_fork.py", line 19, in __init__
    self._launch(process_obj)
  File "/usr/local/lib/python3.11/multiprocessing/popen_fork.py", line 71, in _launch
    code = process_obj._bootstrap(parent_sentinel=child_r)
  File "/usr/local/lib/python3.11/multiprocessing/process.py", line 314, in _bootstrap
    self.run()
  File "/home/airflow/.local/lib/python3.11/site-packages/airflow/executors/local_executor.py", line 80, in run
    return super().run()
  File "/usr/local/lib/python3.11/multiprocessing/process.py", line 108, in run
    self._target(*self._args, **self._kwargs)
  File "/home/airflow/.local/lib/python3.11/site-packages/airflow/traces/tracer.py", line 58, in wrapper
    return func(*args, **kwargs)
  File "/home/airflow/.local/lib/python3.11/site-packages/airflow/executors/local_executor.py", line 211, in do_work
    self.execute_work(key=key, command=command)
  File "/home/airflow/.local/lib/python3.11/site-packages/airflow/traces/tracer.py", line 58, in wrapper
    return func(*args, **kwargs)
  File "/home/airflow/.local/lib/python3.11/site-packages/airflow/executors/local_executor.py", line 100, in execute_work
    state = self._execute_work_in_fork(command)
  File "/home/airflow/.local/lib/python3.11/site-packages/airflow/traces/tracer.py", line 58, in wrapper
    return func(*args, **kwargs)
  File "/home/airflow/.local/lib/python3.11/site-packages/airflow/executors/local_executor.py", line 142, in _execute_work_in_fork
    args.func(args)
  File "/home/airflow/.local/lib/python3.11/site-packages/airflow/cli/cli_config.py", line 49, in command
    return func(*args, **kwargs)
  File "/home/airflow/.local/lib/python3.11/site-packages/airflow/utils/cli.py", line 116, in wrapper
    return f(*args, **kwargs)
  File "/home/airflow/.local/lib/python3.11/site-packages/airflow/cli/commands/task_command.py", line 483, in task_run
    task_return_code = _run_task_by_selected_method(args, _dag, ti)
  File "/home/airflow/.local/lib/python3.11/site-packages/airflow/cli/commands/task_command.py", line 254, in _run_task_by_selected_method
    return _run_task_by_local_task_job(args, ti)
  File "/home/airflow/.local/lib/python3.11/site-packages/airflow/cli/commands/task_command.py", line 322, in _run_task_by_local_task_job
    ret = run_job(job=job_runner.job, execute_callable=job_runner._execute)
  File "/home/airflow/.local/lib/python3.11/site-packages/airflow/utils/session.py", line 97, in wrapper
    return func(*args, session=session, **kwargs)
  File "/home/airflow/.local/lib/python3.11/site-packages/airflow/jobs/job.py", line 421, in run_job
    return execute_job(job, execute_callable=execute_callable)
  File "/home/airflow/.local/lib/python3.11/site-packages/airflow/jobs/job.py", line 450, in execute_job
    ret = execute_callable()
  File "/home/airflow/.local/lib/python3.11/site-packages/airflow/jobs/local_task_job_runner.py", line 171, in _execute
    self.task_runner.start()
  File "/home/airflow/.local/lib/python3.11/site-packages/airflow/task/task_runner/standard_task_runner.py", line 55, in start
    self.process = self._start_by_fork()
  File "/home/airflow/.local/lib/python3.11/site-packages/airflow/task/task_runner/standard_task_runner.py", line 117, in _start_by_fork
    ret = args.func(args, dag=self.dag)
  File "/home/airflow/.local/lib/python3.11/site-packages/airflow/cli/cli_config.py", line 49, in command
    return func(*args, **kwargs)
  File "/home/airflow/.local/lib/python3.11/site-packages/airflow/utils/cli.py", line 116, in wrapper
    return f(*args, **kwargs)
  File "/home/airflow/.local/lib/python3.11/site-packages/airflow/cli/commands/task_command.py", line 483, in task_run
    task_return_code = _run_task_by_selected_method(args, _dag, ti)
  File "/home/airflow/.local/lib/python3.11/site-packages/airflow/cli/commands/task_command.py", line 256, in _run_task_by_selected_method
    return _run_raw_task(args, ti)
  File "/home/airflow/.local/lib/python3.11/site-packages/airflow/cli/commands/task_command.py", line 341, in _run_raw_task
    return ti._run_raw_task(
  File "/home/airflow/.local/lib/python3.11/site-packages/airflow/utils/session.py", line 97, in wrapper
    return func(*args, session=session, **kwargs)
  File "/home/airflow/.local/lib/python3.11/site-packages/airflow/models/taskinstance.py", line 3029, in _run_raw_task
    return _run_raw_task(
  File "/home/airflow/.local/lib/python3.11/site-packages/airflow/models/taskinstance.py", line 282, in _run_raw_task
    TaskInstance._execute_task_with_callbacks(
  File "/home/airflow/.local/lib/python3.11/site-packages/airflow/models/taskinstance.py", line 3184, in _execute_task_with_callbacks
    result = self._execute_task(context, task_orig)
  File "/home/airflow/.local/lib/python3.11/site-packages/airflow/models/taskinstance.py", line 3208, in _execute_task
    return _execute_task(self, context, task_orig)
  File "/home/airflow/.local/lib/python3.11/site-packages/airflow/models/taskinstance.py", line 776, in _execute_task
    result = _execute_callable(context=context, **execute_callable_kwargs)
  File "/home/airflow/.local/lib/python3.11/site-packages/airflow/models/taskinstance.py", line 742, in _execute_callable
    return ExecutionCallableRunner(
  File "/home/airflow/.local/lib/python3.11/site-packages/airflow/utils/operator_helpers.py", line 252, in run
    return self.func(*args, **kwargs)
  File "/home/airflow/.local/lib/python3.11/site-packages/airflow/models/baseoperator.py", line 424, in wrapper
    return func(self, *args, **kwargs)
  File "/home/airflow/.local/lib/python3.11/site-packages/airflow/sensors/external_task.py", line 348, in execute
    super().execute(context)
  File "/home/airflow/.local/lib/python3.11/site-packages/airflow/models/baseoperator.py", line 424, in wrapper
    return func(self, *args, **kwargs)
  File "/home/airflow/.local/lib/python3.11/site-packages/airflow/sensors/base.py", line 337, in execute
    time.sleep(self._get_next_poke_interval(started_at, run_duration, poke_count))
  File "/home/airflow/.local/lib/python3.11/site-packages/airflow/models/taskinstance.py", line 3118, in signal_handler
    self.log.error("Stacktrace: \n%s", "".join(traceback.format_stack()))

