[2025-11-01T15:04:41.405+0000] {local_task_job_runner.py:123} INFO - ::group::Pre task execution logs
[2025-11-01T15:04:41.442+0000] {taskinstance.py:2631} INFO - Dependencies all met for dep_context=non-requeueable deps ti=<TaskInstance: processamento_medallion.ingestao_bronze manual__2025-11-01T15:04:37.246434+00:00 [queued]>
[2025-11-01T15:04:41.463+0000] {taskinstance.py:2631} INFO - Dependencies all met for dep_context=requeueable deps ti=<TaskInstance: processamento_medallion.ingestao_bronze manual__2025-11-01T15:04:37.246434+00:00 [queued]>
[2025-11-01T15:04:41.467+0000] {taskinstance.py:2884} INFO - Starting attempt 1 of 1
[2025-11-01T15:04:41.493+0000] {taskinstance.py:2907} INFO - Executing <Task(PythonOperator): ingestao_bronze> on 2025-11-01 15:04:37.246434+00:00
[2025-11-01T15:04:41.521+0000] {standard_task_runner.py:72} INFO - Started process 1330 to run task
[2025-11-01T15:04:41.526+0000] {standard_task_runner.py:104} INFO - Running: ['airflow', 'tasks', 'run', 'processamento_medallion', 'ingestao_bronze', 'manual__2025-11-01T15:04:37.246434+00:00', '--job-id', '96', '--raw', '--subdir', 'DAGS_FOLDER/dag_processamento_medallion.py', '--cfg-path', '/tmp/tmpsbn2xbbn']
[2025-11-01T15:04:41.535+0000] {standard_task_runner.py:105} INFO - Job 96: Subtask ingestao_bronze
[2025-11-01T15:04:41.697+0000] {task_command.py:467} INFO - Running <TaskInstance: processamento_medallion.ingestao_bronze manual__2025-11-01T15:04:37.246434+00:00 [running]> on host f905ec57e2bc
[2025-11-01T15:04:41.864+0000] {taskinstance.py:3157} INFO - Exporting env vars: AIRFLOW_CTX_DAG_OWNER='airflow' AIRFLOW_CTX_DAG_ID='processamento_medallion' AIRFLOW_CTX_TASK_ID='ingestao_bronze' AIRFLOW_CTX_EXECUTION_DATE='2025-11-01T15:04:37.246434+00:00' AIRFLOW_CTX_TRY_NUMBER='1' AIRFLOW_CTX_DAG_RUN_ID='manual__2025-11-01T15:04:37.246434+00:00'
[2025-11-01T15:04:41.871+0000] {taskinstance.py:740} INFO - ::endgroup::
[2025-11-01T15:04:41.910+0000] {etl_bronze.py:158} INFO - --- Iniciando ETL: RAW -> BRONZE (Pandas Puro + Psycopg2 Load) ---
[2025-11-01T15:04:41.914+0000] {s3_utils.py:25} INFO - Conectando ao MinIO em: http://minio:9000 com BUCKET: datalake
[2025-11-01T15:04:42.359+0000] {etl_bronze.py:175} INFO - Dados lidos do MinIO com sucesso. Total de linhas: 200
[2025-11-01T15:04:42.389+0000] {etl_bronze.py:196} INFO - Transformação e garantia de tipos com Pandas concluída.
[2025-11-01T15:04:42.438+0000] {etl_bronze.py:71} INFO - Iniciando Transação Única: Criação/Carga/Upsert.
[2025-11-01T15:04:42.471+0000] {etl_bronze.py:94} INFO - Tabela de staging TEMPORÁRIA criada no cursor atual.
[2025-11-01T15:04:42.474+0000] {etl_bronze.py:97} INFO - Iniciando carga massiva (COPY FROM STDIN) de 200 registros...
[2025-11-01T15:04:42.479+0000] {etl_bronze.py:104} INFO - Carga massiva para a tabela de staging concluída.
[2025-11-01T15:04:42.482+0000] {etl_bronze.py:127} INFO - Tabela bronze_awb_data verificada/criada.
[2025-11-01T15:04:42.487+0000] {etl_bronze.py:136} INFO - Transação UPSERT (ON CONFLICT DO NOTHING) concluída.
[2025-11-01T15:04:42.496+0000] {etl_bronze.py:140} INFO - COMMIT final da transação. Carga Bronze concluída com sucesso.
[2025-11-01T15:04:42.499+0000] {etl_bronze.py:209} INFO - Carga Incremental da Tabela Bronze concluída com sucesso. Verifique 'bronze_awb_data' no PGAdmin.
[2025-11-01T15:04:42.503+0000] {python.py:240} INFO - Done. Returned value was: None
[2025-11-01T15:04:42.523+0000] {taskinstance.py:349} INFO - ::group::Post task execution logs
[2025-11-01T15:04:42.526+0000] {taskinstance.py:361} INFO - Marking task as SUCCESS. dag_id=processamento_medallion, task_id=ingestao_bronze, run_id=manual__2025-11-01T15:04:37.246434+00:00, execution_date=20251101T150437, start_date=20251101T150441, end_date=20251101T150442
[2025-11-01T15:04:42.593+0000] {local_task_job_runner.py:266} INFO - Task exited with return code 0
[2025-11-01T15:04:42.633+0000] {taskinstance.py:3924} INFO - 1 downstream tasks scheduled from follow-on schedule check
[2025-11-01T15:04:42.638+0000] {local_task_job_runner.py:245} INFO - ::endgroup::
