[2025-10-30T20:47:11.974+0000] {local_task_job_runner.py:123} INFO - ::group::Pre task execution logs
[2025-10-30T20:47:11.996+0000] {taskinstance.py:2631} INFO - Dependencies all met for dep_context=non-requeueable deps ti=<TaskInstance: ingestao_bruta.gerar_bruto manual__2025-10-30T20:47:10.364218+00:00 [queued]>
[2025-10-30T20:47:12.005+0000] {taskinstance.py:2631} INFO - Dependencies all met for dep_context=requeueable deps ti=<TaskInstance: ingestao_bruta.gerar_bruto manual__2025-10-30T20:47:10.364218+00:00 [queued]>
[2025-10-30T20:47:12.007+0000] {taskinstance.py:2884} INFO - Starting attempt 1 of 2
[2025-10-30T20:47:12.024+0000] {taskinstance.py:2907} INFO - Executing <Task(PythonOperator): gerar_bruto> on 2025-10-30 20:47:10.364218+00:00
[2025-10-30T20:47:12.043+0000] {standard_task_runner.py:72} INFO - Started process 208 to run task
[2025-10-30T20:47:12.057+0000] {standard_task_runner.py:104} INFO - Running: ['airflow', 'tasks', 'run', 'ingestao_bruta', 'gerar_bruto', 'manual__2025-10-30T20:47:10.364218+00:00', '--job-id', '19', '--raw', '--subdir', 'DAGS_FOLDER/raw_ingestion_dag.py', '--cfg-path', '/tmp/tmpw1b9791h']
[2025-10-30T20:47:12.070+0000] {standard_task_runner.py:105} INFO - Job 19: Subtask gerar_bruto
[2025-10-30T20:47:12.291+0000] {task_command.py:467} INFO - Running <TaskInstance: ingestao_bruta.gerar_bruto manual__2025-10-30T20:47:10.364218+00:00 [running]> on host 6b91c6a0e539
[2025-10-30T20:47:12.478+0000] {taskinstance.py:3157} INFO - Exporting env vars: AIRFLOW_CTX_DAG_OWNER='daxlog' AIRFLOW_CTX_DAG_ID='ingestao_bruta' AIRFLOW_CTX_TASK_ID='gerar_bruto' AIRFLOW_CTX_EXECUTION_DATE='2025-10-30T20:47:10.364218+00:00' AIRFLOW_CTX_TRY_NUMBER='1' AIRFLOW_CTX_DAG_RUN_ID='manual__2025-10-30T20:47:10.364218+00:00'
[2025-10-30T20:47:12.492+0000] {taskinstance.py:740} INFO - ::endgroup::
[2025-10-30T20:47:12.535+0000] {raw_ingestion_dag.py:56} INFO - --- Iniciando a Tarefa de Ingestão Bruta (200 linhas robustas) ---
[2025-10-30T20:47:12.552+0000] {s3_utils.py:21} INFO - Conectando ao MinIO em: http://minio:9000 com BUCKET: datalake
[2025-10-30T20:47:14.310+0000] {s3_utils.py:40} INFO - Bucket 'datalake' já existe.
[2025-10-30T20:47:14.331+0000] {raw_ingestion_dag.py:94} INFO - Gerados 200 registros logísticos robustos.
[2025-10-30T20:47:14.335+0000] {s3_utils.py:21} INFO - Conectando ao MinIO em: http://minio:9000 com BUCKET: datalake
[2025-10-30T20:47:14.351+0000] {s3_utils.py:40} INFO - Bucket 'datalake' já existe.
[2025-10-30T20:47:14.352+0000] {s3_utils.py:21} INFO - Conectando ao MinIO em: http://minio:9000 com BUCKET: datalake
[2025-10-30T20:47:14.387+0000] {s3_utils.py:69} INFO - Upload bem-sucedido: s3://datalake/raw/telemetry_20251030204714_35719efb-d27d-4c2f-a118-c9f4d83edf32.json
[2025-10-30T20:47:14.389+0000] {raw_ingestion_dag.py:109} INFO - Upload bem-sucedido: s3://datalake/raw/telemetry_20251030204714_35719efb-d27d-4c2f-a118-c9f4d83edf32.json
[2025-10-30T20:47:14.391+0000] {python.py:240} INFO - Done. Returned value was: None
[2025-10-30T20:47:14.421+0000] {taskinstance.py:349} INFO - ::group::Post task execution logs
[2025-10-30T20:47:14.423+0000] {taskinstance.py:361} INFO - Marking task as SUCCESS. dag_id=ingestao_bruta, task_id=gerar_bruto, run_id=manual__2025-10-30T20:47:10.364218+00:00, execution_date=20251030T204710, start_date=20251030T204711, end_date=20251030T204714
[2025-10-30T20:47:14.504+0000] {local_task_job_runner.py:266} INFO - Task exited with return code 0
[2025-10-30T20:47:14.522+0000] {taskinstance.py:3924} INFO - 0 downstream tasks scheduled from follow-on schedule check
[2025-10-30T20:47:14.526+0000] {local_task_job_runner.py:245} INFO - ::endgroup::
