[2025-10-31T21:35:23.102+0000] {processor.py:186} INFO - Started process (PID=778) to work on /opt/airflow/dags/dag_processamento_medallion.py
[2025-10-31T21:35:23.103+0000] {processor.py:914} INFO - Processing file /opt/airflow/dags/dag_processamento_medallion.py for tasks to queue
[2025-10-31T21:35:23.104+0000] {logging_mixin.py:190} INFO - [2025-10-31T21:35:23.104+0000] {dagbag.py:588} INFO - Filling up the DagBag from /opt/airflow/dags/dag_processamento_medallion.py
[2025-10-31T21:35:23.739+0000] {processor.py:925} INFO - DAG(s) 'processamento_medallion' retrieved from /opt/airflow/dags/dag_processamento_medallion.py
[2025-10-31T21:35:24.182+0000] {logging_mixin.py:190} INFO - [2025-10-31T21:35:24.182+0000] {override.py:1930} INFO - Created Permission View: can delete on DAG:processamento_medallion
[2025-10-31T21:35:24.196+0000] {logging_mixin.py:190} INFO - [2025-10-31T21:35:24.196+0000] {override.py:1930} INFO - Created Permission View: can read on DAG:processamento_medallion
[2025-10-31T21:35:24.204+0000] {logging_mixin.py:190} INFO - [2025-10-31T21:35:24.203+0000] {override.py:1930} INFO - Created Permission View: can edit on DAG:processamento_medallion
[2025-10-31T21:35:24.218+0000] {logging_mixin.py:190} INFO - [2025-10-31T21:35:24.218+0000] {override.py:1930} INFO - Created Permission View: can delete on DAG Run:processamento_medallion
[2025-10-31T21:35:24.233+0000] {logging_mixin.py:190} INFO - [2025-10-31T21:35:24.233+0000] {override.py:1930} INFO - Created Permission View: can read on DAG Run:processamento_medallion
[2025-10-31T21:35:24.242+0000] {logging_mixin.py:190} INFO - [2025-10-31T21:35:24.242+0000] {override.py:1930} INFO - Created Permission View: can create on DAG Run:processamento_medallion
[2025-10-31T21:35:24.251+0000] {logging_mixin.py:190} INFO - [2025-10-31T21:35:24.251+0000] {override.py:1930} INFO - Created Permission View: menu access on DAG Run:processamento_medallion
[2025-10-31T21:35:24.252+0000] {logging_mixin.py:190} INFO - [2025-10-31T21:35:24.252+0000] {dag.py:3239} INFO - Sync 1 DAGs
[2025-10-31T21:35:24.266+0000] {logging_mixin.py:190} INFO - [2025-10-31T21:35:24.265+0000] {dag.py:3262} INFO - Creating ORM DAG for processamento_medallion
[2025-10-31T21:35:24.267+0000] {logging_mixin.py:190} INFO - [2025-10-31T21:35:24.267+0000] {dag.py:4180} INFO - Setting next_dagrun for processamento_medallion to None, run_after=None
[2025-10-31T21:35:24.301+0000] {processor.py:208} INFO - Processing /opt/airflow/dags/dag_processamento_medallion.py took 1.209 seconds
[2025-10-31T21:35:54.572+0000] {processor.py:186} INFO - Started process (PID=795) to work on /opt/airflow/dags/dag_processamento_medallion.py
[2025-10-31T21:35:54.574+0000] {processor.py:914} INFO - Processing file /opt/airflow/dags/dag_processamento_medallion.py for tasks to queue
[2025-10-31T21:35:54.575+0000] {logging_mixin.py:190} INFO - [2025-10-31T21:35:54.575+0000] {dagbag.py:588} INFO - Filling up the DagBag from /opt/airflow/dags/dag_processamento_medallion.py
[2025-10-31T21:35:55.143+0000] {processor.py:925} INFO - DAG(s) 'processamento_medallion' retrieved from /opt/airflow/dags/dag_processamento_medallion.py
[2025-10-31T21:35:55.161+0000] {logging_mixin.py:190} INFO - [2025-10-31T21:35:55.160+0000] {dag.py:3239} INFO - Sync 1 DAGs
[2025-10-31T21:35:55.175+0000] {logging_mixin.py:190} INFO - [2025-10-31T21:35:55.174+0000] {dag.py:4180} INFO - Setting next_dagrun for processamento_medallion to None, run_after=None
[2025-10-31T21:35:55.200+0000] {processor.py:208} INFO - Processing /opt/airflow/dags/dag_processamento_medallion.py took 0.638 seconds
[2025-10-31T21:36:25.445+0000] {processor.py:186} INFO - Started process (PID=812) to work on /opt/airflow/dags/dag_processamento_medallion.py
[2025-10-31T21:36:25.446+0000] {processor.py:914} INFO - Processing file /opt/airflow/dags/dag_processamento_medallion.py for tasks to queue
[2025-10-31T21:36:25.448+0000] {logging_mixin.py:190} INFO - [2025-10-31T21:36:25.448+0000] {dagbag.py:588} INFO - Filling up the DagBag from /opt/airflow/dags/dag_processamento_medallion.py
[2025-10-31T21:36:26.099+0000] {processor.py:925} INFO - DAG(s) 'processamento_medallion' retrieved from /opt/airflow/dags/dag_processamento_medallion.py
[2025-10-31T21:36:26.123+0000] {logging_mixin.py:190} INFO - [2025-10-31T21:36:26.123+0000] {dag.py:3239} INFO - Sync 1 DAGs
[2025-10-31T21:36:26.136+0000] {logging_mixin.py:190} INFO - [2025-10-31T21:36:26.136+0000] {dag.py:4180} INFO - Setting next_dagrun for processamento_medallion to None, run_after=None
[2025-10-31T21:36:26.162+0000] {processor.py:208} INFO - Processing /opt/airflow/dags/dag_processamento_medallion.py took 0.728 seconds
[2025-10-31T21:36:56.317+0000] {processor.py:186} INFO - Started process (PID=829) to work on /opt/airflow/dags/dag_processamento_medallion.py
[2025-10-31T21:36:56.319+0000] {processor.py:914} INFO - Processing file /opt/airflow/dags/dag_processamento_medallion.py for tasks to queue
[2025-10-31T21:36:56.324+0000] {logging_mixin.py:190} INFO - [2025-10-31T21:36:56.323+0000] {dagbag.py:588} INFO - Filling up the DagBag from /opt/airflow/dags/dag_processamento_medallion.py
[2025-10-31T21:36:57.029+0000] {processor.py:925} INFO - DAG(s) 'processamento_medallion' retrieved from /opt/airflow/dags/dag_processamento_medallion.py
[2025-10-31T21:36:57.055+0000] {logging_mixin.py:190} INFO - [2025-10-31T21:36:57.055+0000] {dag.py:3239} INFO - Sync 1 DAGs
[2025-10-31T21:36:57.072+0000] {logging_mixin.py:190} INFO - [2025-10-31T21:36:57.072+0000] {dag.py:4180} INFO - Setting next_dagrun for processamento_medallion to None, run_after=None
[2025-10-31T21:36:57.095+0000] {processor.py:208} INFO - Processing /opt/airflow/dags/dag_processamento_medallion.py took 0.789 seconds
[2025-10-31T21:37:27.426+0000] {processor.py:186} INFO - Started process (PID=846) to work on /opt/airflow/dags/dag_processamento_medallion.py
[2025-10-31T21:37:27.428+0000] {processor.py:914} INFO - Processing file /opt/airflow/dags/dag_processamento_medallion.py for tasks to queue
[2025-10-31T21:37:27.430+0000] {logging_mixin.py:190} INFO - [2025-10-31T21:37:27.430+0000] {dagbag.py:588} INFO - Filling up the DagBag from /opt/airflow/dags/dag_processamento_medallion.py
[2025-10-31T21:37:28.110+0000] {processor.py:925} INFO - DAG(s) 'processamento_medallion' retrieved from /opt/airflow/dags/dag_processamento_medallion.py
[2025-10-31T21:37:28.131+0000] {logging_mixin.py:190} INFO - [2025-10-31T21:37:28.130+0000] {dag.py:3239} INFO - Sync 1 DAGs
[2025-10-31T21:37:28.143+0000] {logging_mixin.py:190} INFO - [2025-10-31T21:37:28.143+0000] {dag.py:4180} INFO - Setting next_dagrun for processamento_medallion to None, run_after=None
[2025-10-31T21:37:28.162+0000] {processor.py:208} INFO - Processing /opt/airflow/dags/dag_processamento_medallion.py took 0.749 seconds
[2025-10-31T21:39:18.023+0000] {processor.py:186} INFO - Started process (PID=174) to work on /opt/airflow/dags/dag_processamento_medallion.py
[2025-10-31T21:39:18.030+0000] {processor.py:914} INFO - Processing file /opt/airflow/dags/dag_processamento_medallion.py for tasks to queue
[2025-10-31T21:39:18.046+0000] {logging_mixin.py:190} INFO - [2025-10-31T21:39:18.044+0000] {dagbag.py:588} INFO - Filling up the DagBag from /opt/airflow/dags/dag_processamento_medallion.py
[2025-10-31T21:39:19.970+0000] {processor.py:925} INFO - DAG(s) 'processamento_medallion' retrieved from /opt/airflow/dags/dag_processamento_medallion.py
[2025-10-31T21:39:20.070+0000] {logging_mixin.py:190} INFO - [2025-10-31T21:39:20.068+0000] {dag.py:3239} INFO - Sync 1 DAGs
[2025-10-31T21:39:20.135+0000] {logging_mixin.py:190} INFO - [2025-10-31T21:39:20.134+0000] {dag.py:4180} INFO - Setting next_dagrun for processamento_medallion to None, run_after=None
[2025-10-31T21:39:20.214+0000] {processor.py:208} INFO - Processing /opt/airflow/dags/dag_processamento_medallion.py took 2.224 seconds
[2025-10-31T21:39:51.230+0000] {processor.py:186} INFO - Started process (PID=198) to work on /opt/airflow/dags/dag_processamento_medallion.py
[2025-10-31T21:39:51.232+0000] {processor.py:914} INFO - Processing file /opt/airflow/dags/dag_processamento_medallion.py for tasks to queue
[2025-10-31T21:39:51.236+0000] {logging_mixin.py:190} INFO - [2025-10-31T21:39:51.235+0000] {dagbag.py:588} INFO - Filling up the DagBag from /opt/airflow/dags/dag_processamento_medallion.py
[2025-10-31T21:39:51.866+0000] {processor.py:925} INFO - DAG(s) 'processamento_medallion' retrieved from /opt/airflow/dags/dag_processamento_medallion.py
[2025-10-31T21:39:51.900+0000] {logging_mixin.py:190} INFO - [2025-10-31T21:39:51.899+0000] {dag.py:3239} INFO - Sync 1 DAGs
[2025-10-31T21:39:51.917+0000] {logging_mixin.py:190} INFO - [2025-10-31T21:39:51.917+0000] {dag.py:4180} INFO - Setting next_dagrun for processamento_medallion to None, run_after=None
[2025-10-31T21:39:51.941+0000] {processor.py:208} INFO - Processing /opt/airflow/dags/dag_processamento_medallion.py took 0.721 seconds
[2025-10-31T21:40:22.130+0000] {processor.py:186} INFO - Started process (PID=220) to work on /opt/airflow/dags/dag_processamento_medallion.py
[2025-10-31T21:40:22.132+0000] {processor.py:914} INFO - Processing file /opt/airflow/dags/dag_processamento_medallion.py for tasks to queue
[2025-10-31T21:40:22.142+0000] {logging_mixin.py:190} INFO - [2025-10-31T21:40:22.141+0000] {dagbag.py:588} INFO - Filling up the DagBag from /opt/airflow/dags/dag_processamento_medallion.py
[2025-10-31T21:40:23.033+0000] {processor.py:925} INFO - DAG(s) 'processamento_medallion' retrieved from /opt/airflow/dags/dag_processamento_medallion.py
[2025-10-31T21:40:23.060+0000] {logging_mixin.py:190} INFO - [2025-10-31T21:40:23.060+0000] {dag.py:3239} INFO - Sync 1 DAGs
[2025-10-31T21:40:23.072+0000] {logging_mixin.py:190} INFO - [2025-10-31T21:40:23.072+0000] {dag.py:4180} INFO - Setting next_dagrun for processamento_medallion to None, run_after=None
[2025-10-31T21:40:23.113+0000] {processor.py:208} INFO - Processing /opt/airflow/dags/dag_processamento_medallion.py took 0.999 seconds
[2025-10-31T21:40:53.846+0000] {processor.py:186} INFO - Started process (PID=256) to work on /opt/airflow/dags/dag_processamento_medallion.py
[2025-10-31T21:40:53.848+0000] {processor.py:914} INFO - Processing file /opt/airflow/dags/dag_processamento_medallion.py for tasks to queue
[2025-10-31T21:40:53.852+0000] {logging_mixin.py:190} INFO - [2025-10-31T21:40:53.852+0000] {dagbag.py:588} INFO - Filling up the DagBag from /opt/airflow/dags/dag_processamento_medallion.py
[2025-10-31T21:40:54.463+0000] {processor.py:925} INFO - DAG(s) 'processamento_medallion' retrieved from /opt/airflow/dags/dag_processamento_medallion.py
[2025-10-31T21:40:54.484+0000] {logging_mixin.py:190} INFO - [2025-10-31T21:40:54.484+0000] {dag.py:3239} INFO - Sync 1 DAGs
[2025-10-31T21:40:54.495+0000] {logging_mixin.py:190} INFO - [2025-10-31T21:40:54.495+0000] {dag.py:4180} INFO - Setting next_dagrun for processamento_medallion to None, run_after=None
[2025-10-31T21:40:54.517+0000] {processor.py:208} INFO - Processing /opt/airflow/dags/dag_processamento_medallion.py took 0.681 seconds
[2025-10-31T21:41:24.856+0000] {processor.py:186} INFO - Started process (PID=281) to work on /opt/airflow/dags/dag_processamento_medallion.py
[2025-10-31T21:41:24.857+0000] {processor.py:914} INFO - Processing file /opt/airflow/dags/dag_processamento_medallion.py for tasks to queue
[2025-10-31T21:41:24.859+0000] {logging_mixin.py:190} INFO - [2025-10-31T21:41:24.859+0000] {dagbag.py:588} INFO - Filling up the DagBag from /opt/airflow/dags/dag_processamento_medallion.py
[2025-10-31T21:41:25.434+0000] {processor.py:925} INFO - DAG(s) 'processamento_medallion' retrieved from /opt/airflow/dags/dag_processamento_medallion.py
[2025-10-31T21:41:25.455+0000] {logging_mixin.py:190} INFO - [2025-10-31T21:41:25.455+0000] {dag.py:3239} INFO - Sync 1 DAGs
[2025-10-31T21:41:25.468+0000] {logging_mixin.py:190} INFO - [2025-10-31T21:41:25.467+0000] {dag.py:4180} INFO - Setting next_dagrun for processamento_medallion to None, run_after=None
[2025-10-31T21:41:25.491+0000] {processor.py:208} INFO - Processing /opt/airflow/dags/dag_processamento_medallion.py took 0.643 seconds
[2025-10-31T21:41:55.788+0000] {processor.py:186} INFO - Started process (PID=303) to work on /opt/airflow/dags/dag_processamento_medallion.py
[2025-10-31T21:41:55.789+0000] {processor.py:914} INFO - Processing file /opt/airflow/dags/dag_processamento_medallion.py for tasks to queue
[2025-10-31T21:41:55.792+0000] {logging_mixin.py:190} INFO - [2025-10-31T21:41:55.792+0000] {dagbag.py:588} INFO - Filling up the DagBag from /opt/airflow/dags/dag_processamento_medallion.py
[2025-10-31T21:41:56.622+0000] {processor.py:925} INFO - DAG(s) 'processamento_medallion' retrieved from /opt/airflow/dags/dag_processamento_medallion.py
[2025-10-31T21:41:56.659+0000] {logging_mixin.py:190} INFO - [2025-10-31T21:41:56.659+0000] {dag.py:3239} INFO - Sync 1 DAGs
[2025-10-31T21:41:56.677+0000] {logging_mixin.py:190} INFO - [2025-10-31T21:41:56.676+0000] {dag.py:4180} INFO - Setting next_dagrun for processamento_medallion to None, run_after=None
[2025-10-31T21:41:56.712+0000] {processor.py:208} INFO - Processing /opt/airflow/dags/dag_processamento_medallion.py took 0.936 seconds
[2025-10-31T21:42:26.988+0000] {processor.py:186} INFO - Started process (PID=321) to work on /opt/airflow/dags/dag_processamento_medallion.py
[2025-10-31T21:42:26.990+0000] {processor.py:914} INFO - Processing file /opt/airflow/dags/dag_processamento_medallion.py for tasks to queue
[2025-10-31T21:42:26.995+0000] {logging_mixin.py:190} INFO - [2025-10-31T21:42:26.994+0000] {dagbag.py:588} INFO - Filling up the DagBag from /opt/airflow/dags/dag_processamento_medallion.py
[2025-10-31T21:42:28.305+0000] {processor.py:925} INFO - DAG(s) 'processamento_medallion' retrieved from /opt/airflow/dags/dag_processamento_medallion.py
[2025-10-31T21:42:28.344+0000] {logging_mixin.py:190} INFO - [2025-10-31T21:42:28.343+0000] {dag.py:3239} INFO - Sync 1 DAGs
[2025-10-31T21:42:28.360+0000] {logging_mixin.py:190} INFO - [2025-10-31T21:42:28.359+0000] {dag.py:4180} INFO - Setting next_dagrun for processamento_medallion to None, run_after=None
[2025-10-31T21:42:28.390+0000] {processor.py:208} INFO - Processing /opt/airflow/dags/dag_processamento_medallion.py took 1.414 seconds
[2025-10-31T21:42:58.695+0000] {processor.py:186} INFO - Started process (PID=346) to work on /opt/airflow/dags/dag_processamento_medallion.py
[2025-10-31T21:42:58.697+0000] {processor.py:914} INFO - Processing file /opt/airflow/dags/dag_processamento_medallion.py for tasks to queue
[2025-10-31T21:42:58.704+0000] {logging_mixin.py:190} INFO - [2025-10-31T21:42:58.703+0000] {dagbag.py:588} INFO - Filling up the DagBag from /opt/airflow/dags/dag_processamento_medallion.py
[2025-10-31T21:42:59.523+0000] {processor.py:925} INFO - DAG(s) 'processamento_medallion' retrieved from /opt/airflow/dags/dag_processamento_medallion.py
[2025-10-31T21:42:59.550+0000] {logging_mixin.py:190} INFO - [2025-10-31T21:42:59.550+0000] {dag.py:3239} INFO - Sync 1 DAGs
[2025-10-31T21:42:59.562+0000] {logging_mixin.py:190} INFO - [2025-10-31T21:42:59.561+0000] {dag.py:4180} INFO - Setting next_dagrun for processamento_medallion to None, run_after=None
[2025-10-31T21:42:59.583+0000] {processor.py:208} INFO - Processing /opt/airflow/dags/dag_processamento_medallion.py took 0.902 seconds
[2025-10-31T21:43:30.369+0000] {processor.py:186} INFO - Started process (PID=365) to work on /opt/airflow/dags/dag_processamento_medallion.py
[2025-10-31T21:43:30.373+0000] {processor.py:914} INFO - Processing file /opt/airflow/dags/dag_processamento_medallion.py for tasks to queue
[2025-10-31T21:43:30.386+0000] {logging_mixin.py:190} INFO - [2025-10-31T21:43:30.385+0000] {dagbag.py:588} INFO - Filling up the DagBag from /opt/airflow/dags/dag_processamento_medallion.py
[2025-10-31T21:43:32.124+0000] {processor.py:925} INFO - DAG(s) 'processamento_medallion' retrieved from /opt/airflow/dags/dag_processamento_medallion.py
[2025-10-31T21:43:32.173+0000] {logging_mixin.py:190} INFO - [2025-10-31T21:43:32.173+0000] {dag.py:3239} INFO - Sync 1 DAGs
[2025-10-31T21:43:32.190+0000] {logging_mixin.py:190} INFO - [2025-10-31T21:43:32.190+0000] {dag.py:4180} INFO - Setting next_dagrun for processamento_medallion to None, run_after=None
[2025-10-31T21:43:32.217+0000] {processor.py:208} INFO - Processing /opt/airflow/dags/dag_processamento_medallion.py took 1.882 seconds
[2025-10-31T21:44:02.961+0000] {processor.py:186} INFO - Started process (PID=387) to work on /opt/airflow/dags/dag_processamento_medallion.py
[2025-10-31T21:44:02.962+0000] {processor.py:914} INFO - Processing file /opt/airflow/dags/dag_processamento_medallion.py for tasks to queue
[2025-10-31T21:44:02.968+0000] {logging_mixin.py:190} INFO - [2025-10-31T21:44:02.967+0000] {dagbag.py:588} INFO - Filling up the DagBag from /opt/airflow/dags/dag_processamento_medallion.py
[2025-10-31T21:44:04.016+0000] {processor.py:925} INFO - DAG(s) 'processamento_medallion' retrieved from /opt/airflow/dags/dag_processamento_medallion.py
[2025-10-31T21:44:04.045+0000] {logging_mixin.py:190} INFO - [2025-10-31T21:44:04.045+0000] {dag.py:3239} INFO - Sync 1 DAGs
[2025-10-31T21:44:04.057+0000] {logging_mixin.py:190} INFO - [2025-10-31T21:44:04.057+0000] {dag.py:4180} INFO - Setting next_dagrun for processamento_medallion to None, run_after=None
[2025-10-31T21:44:04.078+0000] {processor.py:208} INFO - Processing /opt/airflow/dags/dag_processamento_medallion.py took 1.126 seconds
[2025-10-31T21:44:34.414+0000] {processor.py:186} INFO - Started process (PID=417) to work on /opt/airflow/dags/dag_processamento_medallion.py
[2025-10-31T21:44:34.416+0000] {processor.py:914} INFO - Processing file /opt/airflow/dags/dag_processamento_medallion.py for tasks to queue
[2025-10-31T21:44:34.419+0000] {logging_mixin.py:190} INFO - [2025-10-31T21:44:34.419+0000] {dagbag.py:588} INFO - Filling up the DagBag from /opt/airflow/dags/dag_processamento_medallion.py
[2025-10-31T21:44:35.089+0000] {processor.py:925} INFO - DAG(s) 'processamento_medallion' retrieved from /opt/airflow/dags/dag_processamento_medallion.py
[2025-10-31T21:44:35.116+0000] {logging_mixin.py:190} INFO - [2025-10-31T21:44:35.115+0000] {dag.py:3239} INFO - Sync 1 DAGs
[2025-10-31T21:44:35.128+0000] {logging_mixin.py:190} INFO - [2025-10-31T21:44:35.128+0000] {dag.py:4180} INFO - Setting next_dagrun for processamento_medallion to None, run_after=None
[2025-10-31T21:44:35.148+0000] {processor.py:208} INFO - Processing /opt/airflow/dags/dag_processamento_medallion.py took 0.743 seconds
[2025-10-31T21:45:05.985+0000] {processor.py:186} INFO - Started process (PID=439) to work on /opt/airflow/dags/dag_processamento_medallion.py
[2025-10-31T21:45:05.986+0000] {processor.py:914} INFO - Processing file /opt/airflow/dags/dag_processamento_medallion.py for tasks to queue
[2025-10-31T21:45:05.989+0000] {logging_mixin.py:190} INFO - [2025-10-31T21:45:05.989+0000] {dagbag.py:588} INFO - Filling up the DagBag from /opt/airflow/dags/dag_processamento_medallion.py
[2025-10-31T21:45:06.655+0000] {processor.py:925} INFO - DAG(s) 'processamento_medallion' retrieved from /opt/airflow/dags/dag_processamento_medallion.py
[2025-10-31T21:45:06.692+0000] {logging_mixin.py:190} INFO - [2025-10-31T21:45:06.692+0000] {dag.py:3239} INFO - Sync 1 DAGs
[2025-10-31T21:45:06.704+0000] {logging_mixin.py:190} INFO - [2025-10-31T21:45:06.704+0000] {dag.py:4180} INFO - Setting next_dagrun for processamento_medallion to None, run_after=None
[2025-10-31T21:45:06.723+0000] {processor.py:208} INFO - Processing /opt/airflow/dags/dag_processamento_medallion.py took 0.749 seconds
[2025-10-31T21:45:37.416+0000] {processor.py:186} INFO - Started process (PID=467) to work on /opt/airflow/dags/dag_processamento_medallion.py
[2025-10-31T21:45:37.417+0000] {processor.py:914} INFO - Processing file /opt/airflow/dags/dag_processamento_medallion.py for tasks to queue
[2025-10-31T21:45:37.420+0000] {logging_mixin.py:190} INFO - [2025-10-31T21:45:37.420+0000] {dagbag.py:588} INFO - Filling up the DagBag from /opt/airflow/dags/dag_processamento_medallion.py
[2025-10-31T21:45:37.984+0000] {processor.py:925} INFO - DAG(s) 'processamento_medallion' retrieved from /opt/airflow/dags/dag_processamento_medallion.py
[2025-10-31T21:45:38.012+0000] {logging_mixin.py:190} INFO - [2025-10-31T21:45:38.011+0000] {dag.py:3239} INFO - Sync 1 DAGs
[2025-10-31T21:45:38.023+0000] {logging_mixin.py:190} INFO - [2025-10-31T21:45:38.023+0000] {dag.py:4180} INFO - Setting next_dagrun for processamento_medallion to None, run_after=None
[2025-10-31T21:45:38.044+0000] {processor.py:208} INFO - Processing /opt/airflow/dags/dag_processamento_medallion.py took 0.640 seconds
[2025-10-31T21:46:08.318+0000] {processor.py:186} INFO - Started process (PID=489) to work on /opt/airflow/dags/dag_processamento_medallion.py
[2025-10-31T21:46:08.321+0000] {processor.py:914} INFO - Processing file /opt/airflow/dags/dag_processamento_medallion.py for tasks to queue
[2025-10-31T21:46:08.325+0000] {logging_mixin.py:190} INFO - [2025-10-31T21:46:08.325+0000] {dagbag.py:588} INFO - Filling up the DagBag from /opt/airflow/dags/dag_processamento_medallion.py
[2025-10-31T21:46:08.851+0000] {processor.py:925} INFO - DAG(s) 'processamento_medallion' retrieved from /opt/airflow/dags/dag_processamento_medallion.py
[2025-10-31T21:46:08.873+0000] {logging_mixin.py:190} INFO - [2025-10-31T21:46:08.873+0000] {dag.py:3239} INFO - Sync 1 DAGs
[2025-10-31T21:46:08.886+0000] {logging_mixin.py:190} INFO - [2025-10-31T21:46:08.886+0000] {dag.py:4180} INFO - Setting next_dagrun for processamento_medallion to None, run_after=None
[2025-10-31T21:46:08.905+0000] {processor.py:208} INFO - Processing /opt/airflow/dags/dag_processamento_medallion.py took 0.599 seconds
[2025-10-31T21:46:39.006+0000] {processor.py:186} INFO - Started process (PID=505) to work on /opt/airflow/dags/dag_processamento_medallion.py
[2025-10-31T21:46:39.009+0000] {processor.py:914} INFO - Processing file /opt/airflow/dags/dag_processamento_medallion.py for tasks to queue
[2025-10-31T21:46:39.012+0000] {logging_mixin.py:190} INFO - [2025-10-31T21:46:39.012+0000] {dagbag.py:588} INFO - Filling up the DagBag from /opt/airflow/dags/dag_processamento_medallion.py
[2025-10-31T21:46:39.631+0000] {processor.py:925} INFO - DAG(s) 'processamento_medallion' retrieved from /opt/airflow/dags/dag_processamento_medallion.py
[2025-10-31T21:46:39.658+0000] {logging_mixin.py:190} INFO - [2025-10-31T21:46:39.658+0000] {dag.py:3239} INFO - Sync 1 DAGs
[2025-10-31T21:46:39.672+0000] {logging_mixin.py:190} INFO - [2025-10-31T21:46:39.671+0000] {dag.py:4180} INFO - Setting next_dagrun for processamento_medallion to None, run_after=None
[2025-10-31T21:46:39.692+0000] {processor.py:208} INFO - Processing /opt/airflow/dags/dag_processamento_medallion.py took 0.696 seconds
[2025-10-31T21:47:10.492+0000] {processor.py:186} INFO - Started process (PID=527) to work on /opt/airflow/dags/dag_processamento_medallion.py
[2025-10-31T21:47:10.494+0000] {processor.py:914} INFO - Processing file /opt/airflow/dags/dag_processamento_medallion.py for tasks to queue
[2025-10-31T21:47:10.499+0000] {logging_mixin.py:190} INFO - [2025-10-31T21:47:10.498+0000] {dagbag.py:588} INFO - Filling up the DagBag from /opt/airflow/dags/dag_processamento_medallion.py
[2025-10-31T21:47:11.269+0000] {processor.py:925} INFO - DAG(s) 'processamento_medallion' retrieved from /opt/airflow/dags/dag_processamento_medallion.py
[2025-10-31T21:47:11.294+0000] {logging_mixin.py:190} INFO - [2025-10-31T21:47:11.294+0000] {dag.py:3239} INFO - Sync 1 DAGs
[2025-10-31T21:47:11.306+0000] {logging_mixin.py:190} INFO - [2025-10-31T21:47:11.306+0000] {dag.py:4180} INFO - Setting next_dagrun for processamento_medallion to None, run_after=None
[2025-10-31T21:47:11.325+0000] {processor.py:208} INFO - Processing /opt/airflow/dags/dag_processamento_medallion.py took 0.844 seconds
[2025-10-31T21:47:42.036+0000] {processor.py:186} INFO - Started process (PID=555) to work on /opt/airflow/dags/dag_processamento_medallion.py
[2025-10-31T21:47:42.037+0000] {processor.py:914} INFO - Processing file /opt/airflow/dags/dag_processamento_medallion.py for tasks to queue
[2025-10-31T21:47:42.040+0000] {logging_mixin.py:190} INFO - [2025-10-31T21:47:42.040+0000] {dagbag.py:588} INFO - Filling up the DagBag from /opt/airflow/dags/dag_processamento_medallion.py
[2025-10-31T21:47:42.596+0000] {processor.py:925} INFO - DAG(s) 'processamento_medallion' retrieved from /opt/airflow/dags/dag_processamento_medallion.py
[2025-10-31T21:47:42.617+0000] {logging_mixin.py:190} INFO - [2025-10-31T21:47:42.617+0000] {dag.py:3239} INFO - Sync 1 DAGs
[2025-10-31T21:47:42.628+0000] {logging_mixin.py:190} INFO - [2025-10-31T21:47:42.628+0000] {dag.py:4180} INFO - Setting next_dagrun for processamento_medallion to None, run_after=None
[2025-10-31T21:47:42.644+0000] {processor.py:208} INFO - Processing /opt/airflow/dags/dag_processamento_medallion.py took 0.617 seconds
