[2025-10-31T21:30:22.249+0000] {processor.py:186} INFO - Started process (PID=519) to work on /opt/airflow/dags/etl_silver.py
[2025-10-31T21:30:22.251+0000] {processor.py:914} INFO - Processing file /opt/airflow/dags/etl_silver.py for tasks to queue
[2025-10-31T21:30:22.254+0000] {logging_mixin.py:190} INFO - [2025-10-31T21:30:22.254+0000] {dagbag.py:588} INFO - Filling up the DagBag from /opt/airflow/dags/etl_silver.py
[2025-10-31T21:30:23.311+0000] {processor.py:927} WARNING - No viable dags retrieved from /opt/airflow/dags/etl_silver.py
[2025-10-31T21:30:23.331+0000] {processor.py:208} INFO - Processing /opt/airflow/dags/etl_silver.py took 1.100 seconds
[2025-10-31T21:30:39.724+0000] {processor.py:186} INFO - Started process (PID=553) to work on /opt/airflow/dags/etl_silver.py
[2025-10-31T21:30:39.726+0000] {processor.py:914} INFO - Processing file /opt/airflow/dags/etl_silver.py for tasks to queue
[2025-10-31T21:30:39.730+0000] {logging_mixin.py:190} INFO - [2025-10-31T21:30:39.729+0000] {dagbag.py:588} INFO - Filling up the DagBag from /opt/airflow/dags/etl_silver.py
[2025-10-31T21:30:39.745+0000] {logging_mixin.py:190} INFO - [2025-10-31T21:30:39.744+0000] {dagbag.py:366} INFO - File /opt/airflow/dags/etl_silver.py assumed to contain no DAGs. Skipping.
[2025-10-31T21:30:39.745+0000] {processor.py:927} WARNING - No viable dags retrieved from /opt/airflow/dags/etl_silver.py
[2025-10-31T21:30:39.767+0000] {processor.py:208} INFO - Processing /opt/airflow/dags/etl_silver.py took 0.055 seconds
[2025-10-31T21:31:10.475+0000] {processor.py:186} INFO - Started process (PID=585) to work on /opt/airflow/dags/etl_silver.py
[2025-10-31T21:31:10.477+0000] {processor.py:914} INFO - Processing file /opt/airflow/dags/etl_silver.py for tasks to queue
[2025-10-31T21:31:10.480+0000] {logging_mixin.py:190} INFO - [2025-10-31T21:31:10.480+0000] {dagbag.py:588} INFO - Filling up the DagBag from /opt/airflow/dags/etl_silver.py
[2025-10-31T21:31:10.497+0000] {logging_mixin.py:190} INFO - [2025-10-31T21:31:10.497+0000] {dagbag.py:366} INFO - File /opt/airflow/dags/etl_silver.py assumed to contain no DAGs. Skipping.
[2025-10-31T21:31:10.497+0000] {processor.py:927} WARNING - No viable dags retrieved from /opt/airflow/dags/etl_silver.py
[2025-10-31T21:31:10.514+0000] {processor.py:208} INFO - Processing /opt/airflow/dags/etl_silver.py took 0.054 seconds
[2025-10-31T21:31:40.676+0000] {processor.py:186} INFO - Started process (PID=612) to work on /opt/airflow/dags/etl_silver.py
[2025-10-31T21:31:40.677+0000] {processor.py:914} INFO - Processing file /opt/airflow/dags/etl_silver.py for tasks to queue
[2025-10-31T21:31:40.679+0000] {logging_mixin.py:190} INFO - [2025-10-31T21:31:40.678+0000] {dagbag.py:588} INFO - Filling up the DagBag from /opt/airflow/dags/etl_silver.py
[2025-10-31T21:31:40.691+0000] {logging_mixin.py:190} INFO - [2025-10-31T21:31:40.691+0000] {dagbag.py:366} INFO - File /opt/airflow/dags/etl_silver.py assumed to contain no DAGs. Skipping.
[2025-10-31T21:31:40.692+0000] {processor.py:927} WARNING - No viable dags retrieved from /opt/airflow/dags/etl_silver.py
[2025-10-31T21:31:40.708+0000] {processor.py:208} INFO - Processing /opt/airflow/dags/etl_silver.py took 0.046 seconds
[2025-10-31T21:32:11.397+0000] {processor.py:186} INFO - Started process (PID=639) to work on /opt/airflow/dags/etl_silver.py
[2025-10-31T21:32:11.398+0000] {processor.py:914} INFO - Processing file /opt/airflow/dags/etl_silver.py for tasks to queue
[2025-10-31T21:32:11.400+0000] {logging_mixin.py:190} INFO - [2025-10-31T21:32:11.400+0000] {dagbag.py:588} INFO - Filling up the DagBag from /opt/airflow/dags/etl_silver.py
[2025-10-31T21:32:11.415+0000] {logging_mixin.py:190} INFO - [2025-10-31T21:32:11.415+0000] {dagbag.py:366} INFO - File /opt/airflow/dags/etl_silver.py assumed to contain no DAGs. Skipping.
[2025-10-31T21:32:11.416+0000] {processor.py:927} WARNING - No viable dags retrieved from /opt/airflow/dags/etl_silver.py
[2025-10-31T21:32:11.433+0000] {processor.py:208} INFO - Processing /opt/airflow/dags/etl_silver.py took 0.048 seconds
[2025-10-31T21:32:42.354+0000] {processor.py:186} INFO - Started process (PID=666) to work on /opt/airflow/dags/etl_silver.py
[2025-10-31T21:32:42.357+0000] {processor.py:914} INFO - Processing file /opt/airflow/dags/etl_silver.py for tasks to queue
[2025-10-31T21:32:42.360+0000] {logging_mixin.py:190} INFO - [2025-10-31T21:32:42.360+0000] {dagbag.py:588} INFO - Filling up the DagBag from /opt/airflow/dags/etl_silver.py
[2025-10-31T21:32:42.384+0000] {logging_mixin.py:190} INFO - [2025-10-31T21:32:42.383+0000] {dagbag.py:366} INFO - File /opt/airflow/dags/etl_silver.py assumed to contain no DAGs. Skipping.
[2025-10-31T21:32:42.385+0000] {processor.py:927} WARNING - No viable dags retrieved from /opt/airflow/dags/etl_silver.py
[2025-10-31T21:32:42.411+0000] {processor.py:208} INFO - Processing /opt/airflow/dags/etl_silver.py took 0.082 seconds
[2025-10-31T21:33:12.656+0000] {processor.py:186} INFO - Started process (PID=693) to work on /opt/airflow/dags/etl_silver.py
[2025-10-31T21:33:12.658+0000] {processor.py:914} INFO - Processing file /opt/airflow/dags/etl_silver.py for tasks to queue
[2025-10-31T21:33:12.660+0000] {logging_mixin.py:190} INFO - [2025-10-31T21:33:12.660+0000] {dagbag.py:588} INFO - Filling up the DagBag from /opt/airflow/dags/etl_silver.py
[2025-10-31T21:33:12.676+0000] {logging_mixin.py:190} INFO - [2025-10-31T21:33:12.676+0000] {dagbag.py:366} INFO - File /opt/airflow/dags/etl_silver.py assumed to contain no DAGs. Skipping.
[2025-10-31T21:33:12.676+0000] {processor.py:927} WARNING - No viable dags retrieved from /opt/airflow/dags/etl_silver.py
[2025-10-31T21:33:12.698+0000] {processor.py:208} INFO - Processing /opt/airflow/dags/etl_silver.py took 0.054 seconds
[2025-10-31T21:33:42.952+0000] {processor.py:186} INFO - Started process (PID=720) to work on /opt/airflow/dags/etl_silver.py
[2025-10-31T21:33:42.954+0000] {processor.py:914} INFO - Processing file /opt/airflow/dags/etl_silver.py for tasks to queue
[2025-10-31T21:33:42.956+0000] {logging_mixin.py:190} INFO - [2025-10-31T21:33:42.956+0000] {dagbag.py:588} INFO - Filling up the DagBag from /opt/airflow/dags/etl_silver.py
[2025-10-31T21:33:42.969+0000] {logging_mixin.py:190} INFO - [2025-10-31T21:33:42.969+0000] {dagbag.py:366} INFO - File /opt/airflow/dags/etl_silver.py assumed to contain no DAGs. Skipping.
[2025-10-31T21:33:42.975+0000] {processor.py:927} WARNING - No viable dags retrieved from /opt/airflow/dags/etl_silver.py
[2025-10-31T21:33:43.001+0000] {processor.py:208} INFO - Processing /opt/airflow/dags/etl_silver.py took 0.066 seconds
[2025-10-31T21:34:13.233+0000] {processor.py:186} INFO - Started process (PID=741) to work on /opt/airflow/dags/etl_silver.py
[2025-10-31T21:34:13.235+0000] {processor.py:914} INFO - Processing file /opt/airflow/dags/etl_silver.py for tasks to queue
[2025-10-31T21:34:13.237+0000] {logging_mixin.py:190} INFO - [2025-10-31T21:34:13.237+0000] {dagbag.py:588} INFO - Filling up the DagBag from /opt/airflow/dags/etl_silver.py
[2025-10-31T21:34:13.256+0000] {logging_mixin.py:190} INFO - [2025-10-31T21:34:13.256+0000] {dagbag.py:366} INFO - File /opt/airflow/dags/etl_silver.py assumed to contain no DAGs. Skipping.
[2025-10-31T21:34:13.257+0000] {processor.py:927} WARNING - No viable dags retrieved from /opt/airflow/dags/etl_silver.py
[2025-10-31T21:34:13.280+0000] {processor.py:208} INFO - Processing /opt/airflow/dags/etl_silver.py took 0.060 seconds
[2025-10-31T21:34:43.495+0000] {processor.py:186} INFO - Started process (PID=757) to work on /opt/airflow/dags/etl_silver.py
[2025-10-31T21:34:43.496+0000] {processor.py:914} INFO - Processing file /opt/airflow/dags/etl_silver.py for tasks to queue
[2025-10-31T21:34:43.497+0000] {logging_mixin.py:190} INFO - [2025-10-31T21:34:43.497+0000] {dagbag.py:588} INFO - Filling up the DagBag from /opt/airflow/dags/etl_silver.py
[2025-10-31T21:34:43.511+0000] {logging_mixin.py:190} INFO - [2025-10-31T21:34:43.511+0000] {dagbag.py:366} INFO - File /opt/airflow/dags/etl_silver.py assumed to contain no DAGs. Skipping.
[2025-10-31T21:34:43.512+0000] {processor.py:927} WARNING - No viable dags retrieved from /opt/airflow/dags/etl_silver.py
[2025-10-31T21:34:43.527+0000] {processor.py:208} INFO - Processing /opt/airflow/dags/etl_silver.py took 0.054 seconds
[2025-10-31T21:35:13.711+0000] {processor.py:186} INFO - Started process (PID=773) to work on /opt/airflow/dags/etl_silver.py
[2025-10-31T21:35:13.712+0000] {processor.py:914} INFO - Processing file /opt/airflow/dags/etl_silver.py for tasks to queue
[2025-10-31T21:35:13.714+0000] {logging_mixin.py:190} INFO - [2025-10-31T21:35:13.713+0000] {dagbag.py:588} INFO - Filling up the DagBag from /opt/airflow/dags/etl_silver.py
[2025-10-31T21:35:13.724+0000] {logging_mixin.py:190} INFO - [2025-10-31T21:35:13.724+0000] {dagbag.py:366} INFO - File /opt/airflow/dags/etl_silver.py assumed to contain no DAGs. Skipping.
[2025-10-31T21:35:13.725+0000] {processor.py:927} WARNING - No viable dags retrieved from /opt/airflow/dags/etl_silver.py
[2025-10-31T21:35:13.740+0000] {processor.py:208} INFO - Processing /opt/airflow/dags/etl_silver.py took 0.039 seconds
