[2025-11-02T18:09:43.849+0000] {local_task_job_runner.py:123} INFO - ::group::Pre task execution logs
[2025-11-02T18:09:43.883+0000] {taskinstance.py:2631} INFO - Dependencies all met for dep_context=non-requeueable deps ti=<TaskInstance: processamento_medallion_elt_senior.ingestao_bronze manual__2025-11-02T18:09:40.518018+00:00 [queued]>
[2025-11-02T18:09:43.897+0000] {taskinstance.py:2631} INFO - Dependencies all met for dep_context=requeueable deps ti=<TaskInstance: processamento_medallion_elt_senior.ingestao_bronze manual__2025-11-02T18:09:40.518018+00:00 [queued]>
[2025-11-02T18:09:43.901+0000] {taskinstance.py:2884} INFO - Starting attempt 1 of 1
[2025-11-02T18:09:43.927+0000] {taskinstance.py:2907} INFO - Executing <Task(PythonOperator): ingestao_bronze> on 2025-11-02 18:09:40.518018+00:00
[2025-11-02T18:09:43.944+0000] {standard_task_runner.py:72} INFO - Started process 260 to run task
[2025-11-02T18:09:43.958+0000] {standard_task_runner.py:104} INFO - Running: ['airflow', 'tasks', 'run', 'processamento_medallion_elt_senior', 'ingestao_bronze', 'manual__2025-11-02T18:09:40.518018+00:00', '--job-id', '81', '--raw', '--subdir', 'DAGS_FOLDER/dag_processamento_medallion.py', '--cfg-path', '/tmp/tmprntqaevw']
[2025-11-02T18:09:43.998+0000] {standard_task_runner.py:105} INFO - Job 81: Subtask ingestao_bronze
[2025-11-02T18:09:44.188+0000] {task_command.py:467} INFO - Running <TaskInstance: processamento_medallion_elt_senior.ingestao_bronze manual__2025-11-02T18:09:40.518018+00:00 [running]> on host 08817d7a736d
[2025-11-02T18:09:44.507+0000] {taskinstance.py:3157} INFO - Exporting env vars: AIRFLOW_CTX_DAG_OWNER='airflow' AIRFLOW_CTX_DAG_ID='processamento_medallion_elt_senior' AIRFLOW_CTX_TASK_ID='ingestao_bronze' AIRFLOW_CTX_EXECUTION_DATE='2025-11-02T18:09:40.518018+00:00' AIRFLOW_CTX_TRY_NUMBER='1' AIRFLOW_CTX_DAG_RUN_ID='manual__2025-11-02T18:09:40.518018+00:00'
[2025-11-02T18:09:44.513+0000] {taskinstance.py:740} INFO - ::endgroup::
[2025-11-02T18:09:44.593+0000] {etl_bronze.py:158} INFO - --- Iniciando ETL: RAW -> BRONZE (Pandas Puro + Psycopg2 Load) ---
[2025-11-02T18:09:44.599+0000] {s3_utils.py:25} INFO - Conectando ao MinIO em: http://minio:9000 com BUCKET: datalake
[2025-11-02T18:09:44.933+0000] {etl_bronze.py:175} INFO - Dados lidos do MinIO com sucesso. Total de linhas: 200
[2025-11-02T18:09:44.993+0000] {etl_bronze.py:196} INFO - Transformação e garantia de tipos com Pandas concluída.
[2025-11-02T18:09:45.041+0000] {etl_bronze.py:71} INFO - Iniciando Transação Única: Criação/Carga/Upsert.
[2025-11-02T18:09:45.108+0000] {etl_bronze.py:94} INFO - Tabela de staging TEMPORÁRIA criada no cursor atual.
[2025-11-02T18:09:45.112+0000] {etl_bronze.py:97} INFO - Iniciando carga massiva (COPY FROM STDIN) de 200 registros...
[2025-11-02T18:09:45.121+0000] {etl_bronze.py:104} INFO - Carga massiva para a tabela de staging concluída.
[2025-11-02T18:09:45.125+0000] {etl_bronze.py:127} INFO - Tabela bronze_awb_data verificada/criada.
[2025-11-02T18:09:45.139+0000] {etl_bronze.py:136} INFO - Transação UPSERT (ON CONFLICT DO NOTHING) concluída.
[2025-11-02T18:09:45.163+0000] {etl_bronze.py:140} INFO - COMMIT final da transação. Carga Bronze concluída com sucesso.
[2025-11-02T18:09:45.166+0000] {etl_bronze.py:209} INFO - Carga Incremental da Tabela Bronze concluída com sucesso. Verifique 'bronze_awb_data' no PGAdmin.
[2025-11-02T18:09:45.171+0000] {python.py:240} INFO - Done. Returned value was: None
[2025-11-02T18:09:45.202+0000] {taskinstance.py:349} INFO - ::group::Post task execution logs
[2025-11-02T18:09:45.204+0000] {taskinstance.py:361} INFO - Marking task as SUCCESS. dag_id=processamento_medallion_elt_senior, task_id=ingestao_bronze, run_id=manual__2025-11-02T18:09:40.518018+00:00, execution_date=20251102T180940, start_date=20251102T180943, end_date=20251102T180945
[2025-11-02T18:09:45.339+0000] {local_task_job_runner.py:266} INFO - Task exited with return code 0
[2025-11-02T18:09:45.386+0000] {taskinstance.py:3924} INFO - 1 downstream tasks scheduled from follow-on schedule check
[2025-11-02T18:09:45.393+0000] {local_task_job_runner.py:245} INFO - ::endgroup::
