[2025-11-02T18:08:40.540+0000] {local_task_job_runner.py:123} INFO - ::group::Pre task execution logs
[2025-11-02T18:08:40.718+0000] {taskinstance.py:2631} INFO - Dependencies all met for dep_context=non-requeueable deps ti=<TaskInstance: ingestao_bruta.gerar_bruto scheduled__2025-11-01T00:00:00+00:00 [queued]>
[2025-11-02T18:08:40.860+0000] {taskinstance.py:2631} INFO - Dependencies all met for dep_context=requeueable deps ti=<TaskInstance: ingestao_bruta.gerar_bruto scheduled__2025-11-01T00:00:00+00:00 [queued]>
[2025-11-02T18:08:40.900+0000] {taskinstance.py:2884} INFO - Starting attempt 2 of 2
[2025-11-02T18:08:41.101+0000] {taskinstance.py:2907} INFO - Executing <Task(PythonOperator): gerar_bruto> on 2025-11-01 00:00:00+00:00
[2025-11-02T18:08:41.371+0000] {standard_task_runner.py:72} INFO - Started process 178 to run task
[2025-11-02T18:08:41.549+0000] {standard_task_runner.py:104} INFO - Running: ['airflow', 'tasks', 'run', 'ingestao_bruta', 'gerar_bruto', 'scheduled__2025-11-01T00:00:00+00:00', '--job-id', '80', '--raw', '--subdir', 'DAGS_FOLDER/raw_ingestion_dag.py', '--cfg-path', '/tmp/tmp8ueh2oe1']
[2025-11-02T18:08:41.824+0000] {standard_task_runner.py:105} INFO - Job 80: Subtask gerar_bruto
[2025-11-02T18:08:43.153+0000] {task_command.py:467} INFO - Running <TaskInstance: ingestao_bruta.gerar_bruto scheduled__2025-11-01T00:00:00+00:00 [running]> on host 08817d7a736d
[2025-11-02T18:08:45.019+0000] {taskinstance.py:3157} INFO - Exporting env vars: AIRFLOW_CTX_DAG_OWNER='daxlog' AIRFLOW_CTX_DAG_ID='ingestao_bruta' AIRFLOW_CTX_TASK_ID='gerar_bruto' AIRFLOW_CTX_EXECUTION_DATE='2025-11-01T00:00:00+00:00' AIRFLOW_CTX_TRY_NUMBER='2' AIRFLOW_CTX_DAG_RUN_ID='scheduled__2025-11-01T00:00:00+00:00'
[2025-11-02T18:08:45.029+0000] {taskinstance.py:740} INFO - ::endgroup::
[2025-11-02T18:08:45.176+0000] {raw_ingestion_dag.py:57} INFO - --- Iniciando a Tarefa de Ingestão Bruta (200 linhas de Sorter/AWB) ---
[2025-11-02T18:08:45.189+0000] {s3_utils.py:25} INFO - Conectando ao MinIO em: http://minio:9000 com BUCKET: datalake
[2025-11-02T18:08:48.222+0000] {s3_utils.py:44} INFO - Bucket 'datalake' já existe.
[2025-11-02T18:08:48.246+0000] {raw_ingestion_dag.py:102} INFO - Gerados 200 registros de Sorter/AWB robustos.
[2025-11-02T18:08:48.253+0000] {s3_utils.py:25} INFO - Conectando ao MinIO em: http://minio:9000 com BUCKET: datalake
[2025-11-02T18:08:48.302+0000] {s3_utils.py:44} INFO - Bucket 'datalake' já existe.
[2025-11-02T18:08:48.305+0000] {s3_utils.py:25} INFO - Conectando ao MinIO em: http://minio:9000 com BUCKET: datalake
[2025-11-02T18:08:48.447+0000] {s3_utils.py:73} INFO - Upload bem-sucedido: s3://datalake/raw/awb_sortation_20251102180848_3bc4f345-8d82-4c71-b033-96e2e8d6525f.json
[2025-11-02T18:08:48.451+0000] {raw_ingestion_dag.py:118} INFO - Upload bem-sucedido: s3://datalake/raw/awb_sortation_20251102180848_3bc4f345-8d82-4c71-b033-96e2e8d6525f.json
[2025-11-02T18:08:48.454+0000] {python.py:240} INFO - Done. Returned value was: None
[2025-11-02T18:08:48.537+0000] {taskinstance.py:349} INFO - ::group::Post task execution logs
[2025-11-02T18:08:48.539+0000] {taskinstance.py:361} INFO - Marking task as SUCCESS. dag_id=ingestao_bruta, task_id=gerar_bruto, run_id=scheduled__2025-11-01T00:00:00+00:00, execution_date=20251101T000000, start_date=20251102T180840, end_date=20251102T180848
[2025-11-02T18:08:48.665+0000] {local_task_job_runner.py:266} INFO - Task exited with return code 0
[2025-11-02T18:08:48.700+0000] {taskinstance.py:3924} INFO - 0 downstream tasks scheduled from follow-on schedule check
[2025-11-02T18:08:48.705+0000] {local_task_job_runner.py:245} INFO - ::endgroup::
