[2025-11-02T18:09:50.661+0000] {local_task_job_runner.py:123} INFO - ::group::Pre task execution logs
[2025-11-02T18:09:50.691+0000] {taskinstance.py:2631} INFO - Dependencies all met for dep_context=non-requeueable deps ti=<TaskInstance: processamento_medallion_elt_senior.data_quality_check manual__2025-11-02T18:09:40.518018+00:00 [queued]>
[2025-11-02T18:09:50.705+0000] {taskinstance.py:2631} INFO - Dependencies all met for dep_context=requeueable deps ti=<TaskInstance: processamento_medallion_elt_senior.data_quality_check manual__2025-11-02T18:09:40.518018+00:00 [queued]>
[2025-11-02T18:09:50.708+0000] {taskinstance.py:2884} INFO - Starting attempt 1 of 1
[2025-11-02T18:09:50.730+0000] {taskinstance.py:2907} INFO - Executing <Task(PythonOperator): data_quality_check> on 2025-11-02 18:09:40.518018+00:00
[2025-11-02T18:09:50.742+0000] {standard_task_runner.py:72} INFO - Started process 297 to run task
[2025-11-02T18:09:50.750+0000] {standard_task_runner.py:104} INFO - Running: ['airflow', 'tasks', 'run', 'processamento_medallion_elt_senior', 'data_quality_check', 'manual__2025-11-02T18:09:40.518018+00:00', '--job-id', '83', '--raw', '--subdir', 'DAGS_FOLDER/dag_processamento_medallion.py', '--cfg-path', '/tmp/tmp43vz50kz']
[2025-11-02T18:09:50.756+0000] {standard_task_runner.py:105} INFO - Job 83: Subtask data_quality_check
[2025-11-02T18:09:50.860+0000] {task_command.py:467} INFO - Running <TaskInstance: processamento_medallion_elt_senior.data_quality_check manual__2025-11-02T18:09:40.518018+00:00 [running]> on host 08817d7a736d
[2025-11-02T18:09:50.989+0000] {taskinstance.py:3157} INFO - Exporting env vars: AIRFLOW_CTX_DAG_OWNER='airflow' AIRFLOW_CTX_DAG_ID='processamento_medallion_elt_senior' AIRFLOW_CTX_TASK_ID='data_quality_check' AIRFLOW_CTX_EXECUTION_DATE='2025-11-02T18:09:40.518018+00:00' AIRFLOW_CTX_TRY_NUMBER='1' AIRFLOW_CTX_DAG_RUN_ID='manual__2025-11-02T18:09:40.518018+00:00'
[2025-11-02T18:09:50.993+0000] {taskinstance.py:740} INFO - ::endgroup::
[2025-11-02T18:09:51.018+0000] {etl_data_quality.py:16} INFO - Iniciando Soda Data Quality Scan na tabela: silver_enriched_awb_data
[2025-11-02T18:09:51.035+0000] {log.py:101} INFO - [18:09:51] Soda Core 3.5.6
[2025-11-02T18:09:51.328+0000] {log.py:101} INFO - [18:09:51] Scan summary:
[2025-11-02T18:09:51.332+0000] {log.py:101} INFO - [18:09:51] 3/3 checks PASSED: 
[2025-11-02T18:09:51.335+0000] {log.py:101} INFO - [18:09:51]     silver_enriched_awb_data in postgres_daxlog
[2025-11-02T18:09:51.339+0000] {log.py:101} INFO - [18:09:51]       integrity_positive_weight [PASSED]
[2025-11-02T18:09:51.341+0000] {log.py:101} INFO - [18:09:51]       critical_no_missing_destination_hub [PASSED]
[2025-11-02T18:09:51.343+0000] {log.py:101} INFO - [18:09:51]       integrity_non_negative_process_time [PASSED]
[2025-11-02T18:09:51.346+0000] {log.py:101} INFO - [18:09:51] All is good. No failures. No warnings. No errors.
[2025-11-02T18:09:51.363+0000] {etl_data_quality.py:32} INFO - Soda Scan concluído. Analisando resultados...
[2025-11-02T18:09:51.365+0000] {etl_data_quality.py:46} INFO - ✅ Sucesso! Nenhum erro de Data Quality crítico encontrado para silver_enriched_awb_data.
[2025-11-02T18:09:51.367+0000] {python.py:240} INFO - Done. Returned value was: Data Quality Aprovada
[2025-11-02T18:09:51.443+0000] {taskinstance.py:349} INFO - ::group::Post task execution logs
[2025-11-02T18:09:51.447+0000] {taskinstance.py:361} INFO - Marking task as SUCCESS. dag_id=processamento_medallion_elt_senior, task_id=data_quality_check, run_id=manual__2025-11-02T18:09:40.518018+00:00, execution_date=20251102T180940, start_date=20251102T180950, end_date=20251102T180951
[2025-11-02T18:09:51.571+0000] {local_task_job_runner.py:266} INFO - Task exited with return code 0
[2025-11-02T18:09:51.619+0000] {taskinstance.py:3924} INFO - 1 downstream tasks scheduled from follow-on schedule check
[2025-11-02T18:09:51.626+0000] {local_task_job_runner.py:245} INFO - ::endgroup::
