[2025-10-31T16:47:49.379+0000] {local_task_job_runner.py:123} INFO - ::group::Pre task execution logs
[2025-10-31T16:47:49.403+0000] {taskinstance.py:2631} INFO - Dependencies all met for dep_context=non-requeueable deps ti=<TaskInstance: ingestao_bruta.gerar_bruto manual__2025-10-31T16:47:48.204390+00:00 [queued]>
[2025-10-31T16:47:49.413+0000] {taskinstance.py:2631} INFO - Dependencies all met for dep_context=requeueable deps ti=<TaskInstance: ingestao_bruta.gerar_bruto manual__2025-10-31T16:47:48.204390+00:00 [queued]>
[2025-10-31T16:47:49.416+0000] {taskinstance.py:2884} INFO - Starting attempt 1 of 2
[2025-10-31T16:47:49.435+0000] {taskinstance.py:2907} INFO - Executing <Task(PythonOperator): gerar_bruto> on 2025-10-31 16:47:48.204390+00:00
[2025-10-31T16:47:49.442+0000] {standard_task_runner.py:72} INFO - Started process 311 to run task
[2025-10-31T16:47:49.448+0000] {standard_task_runner.py:104} INFO - Running: ['airflow', 'tasks', 'run', 'ingestao_bruta', 'gerar_bruto', 'manual__2025-10-31T16:47:48.204390+00:00', '--job-id', '26', '--raw', '--subdir', 'DAGS_FOLDER/raw_ingestion_dag.py', '--cfg-path', '/tmp/tmpv05glnx4']
[2025-10-31T16:47:49.452+0000] {standard_task_runner.py:105} INFO - Job 26: Subtask gerar_bruto
[2025-10-31T16:47:49.583+0000] {task_command.py:467} INFO - Running <TaskInstance: ingestao_bruta.gerar_bruto manual__2025-10-31T16:47:48.204390+00:00 [running]> on host 558c0143f48b
[2025-10-31T16:47:49.715+0000] {taskinstance.py:3157} INFO - Exporting env vars: AIRFLOW_CTX_DAG_OWNER='daxlog' AIRFLOW_CTX_DAG_ID='ingestao_bruta' AIRFLOW_CTX_TASK_ID='gerar_bruto' AIRFLOW_CTX_EXECUTION_DATE='2025-10-31T16:47:48.204390+00:00' AIRFLOW_CTX_TRY_NUMBER='1' AIRFLOW_CTX_DAG_RUN_ID='manual__2025-10-31T16:47:48.204390+00:00'
[2025-10-31T16:47:49.717+0000] {taskinstance.py:740} INFO - ::endgroup::
[2025-10-31T16:47:49.749+0000] {raw_ingestion_dag.py:57} INFO - --- Iniciando a Tarefa de Ingestão Bruta (200 linhas de Sorter/AWB) ---
[2025-10-31T16:47:49.751+0000] {s3_utils.py:25} INFO - Conectando ao MinIO em: http://minio:9000 com BUCKET: datalake
[2025-10-31T16:47:50.607+0000] {s3_utils.py:44} INFO - Bucket 'datalake' já existe.
[2025-10-31T16:47:50.618+0000] {raw_ingestion_dag.py:102} INFO - Gerados 200 registros de Sorter/AWB robustos.
[2025-10-31T16:47:50.622+0000] {s3_utils.py:25} INFO - Conectando ao MinIO em: http://minio:9000 com BUCKET: datalake
[2025-10-31T16:47:50.632+0000] {s3_utils.py:44} INFO - Bucket 'datalake' já existe.
[2025-10-31T16:47:50.634+0000] {s3_utils.py:25} INFO - Conectando ao MinIO em: http://minio:9000 com BUCKET: datalake
[2025-10-31T16:47:50.667+0000] {s3_utils.py:73} INFO - Upload bem-sucedido: s3://datalake/raw/awb_sortation_20251031164750_d9c3df69-6fcd-47d5-bc90-d4a7907c94f3.json
[2025-10-31T16:47:50.669+0000] {raw_ingestion_dag.py:118} INFO - Upload bem-sucedido: s3://datalake/raw/awb_sortation_20251031164750_d9c3df69-6fcd-47d5-bc90-d4a7907c94f3.json
[2025-10-31T16:47:50.670+0000] {python.py:240} INFO - Done. Returned value was: None
[2025-10-31T16:47:50.681+0000] {taskinstance.py:349} INFO - ::group::Post task execution logs
[2025-10-31T16:47:50.683+0000] {taskinstance.py:361} INFO - Marking task as SUCCESS. dag_id=ingestao_bruta, task_id=gerar_bruto, run_id=manual__2025-10-31T16:47:48.204390+00:00, execution_date=20251031T164748, start_date=20251031T164749, end_date=20251031T164750
[2025-10-31T16:47:50.749+0000] {local_task_job_runner.py:266} INFO - Task exited with return code 0
[2025-10-31T16:47:50.772+0000] {taskinstance.py:3924} INFO - 0 downstream tasks scheduled from follow-on schedule check
[2025-10-31T16:47:50.778+0000] {local_task_job_runner.py:245} INFO - ::endgroup::
