[2025-11-01T16:52:35.705+0000] {local_task_job_runner.py:123} INFO - ::group::Pre task execution logs
[2025-11-01T16:52:35.727+0000] {taskinstance.py:2631} INFO - Dependencies all met for dep_context=non-requeueable deps ti=<TaskInstance: ingestao_bruta.gerar_bruto manual__2025-11-01T16:51:31.051261+00:00 [queued]>
[2025-11-01T16:52:35.739+0000] {taskinstance.py:2631} INFO - Dependencies all met for dep_context=requeueable deps ti=<TaskInstance: ingestao_bruta.gerar_bruto manual__2025-11-01T16:51:31.051261+00:00 [queued]>
[2025-11-01T16:52:35.742+0000] {taskinstance.py:2884} INFO - Starting attempt 2 of 2
[2025-11-01T16:52:35.760+0000] {taskinstance.py:2907} INFO - Executing <Task(PythonOperator): gerar_bruto> on 2025-11-01 16:51:31.051261+00:00
[2025-11-01T16:52:35.773+0000] {standard_task_runner.py:72} INFO - Started process 345 to run task
[2025-11-01T16:52:35.776+0000] {standard_task_runner.py:104} INFO - Running: ['airflow', 'tasks', 'run', 'ingestao_bruta', 'gerar_bruto', 'manual__2025-11-01T16:51:31.051261+00:00', '--job-id', '7', '--raw', '--subdir', 'DAGS_FOLDER/raw_ingestion_dag.py', '--cfg-path', '/tmp/tmp0oz9rqdo']
[2025-11-01T16:52:35.780+0000] {standard_task_runner.py:105} INFO - Job 7: Subtask gerar_bruto
[2025-11-01T16:52:35.871+0000] {task_command.py:467} INFO - Running <TaskInstance: ingestao_bruta.gerar_bruto manual__2025-11-01T16:51:31.051261+00:00 [running]> on host d363ce3ac959
[2025-11-01T16:52:36.056+0000] {taskinstance.py:3157} INFO - Exporting env vars: AIRFLOW_CTX_DAG_OWNER='daxlog' AIRFLOW_CTX_DAG_ID='ingestao_bruta' AIRFLOW_CTX_TASK_ID='gerar_bruto' AIRFLOW_CTX_EXECUTION_DATE='2025-11-01T16:51:31.051261+00:00' AIRFLOW_CTX_TRY_NUMBER='2' AIRFLOW_CTX_DAG_RUN_ID='manual__2025-11-01T16:51:31.051261+00:00'
[2025-11-01T16:52:36.058+0000] {taskinstance.py:740} INFO - ::endgroup::
[2025-11-01T16:52:36.073+0000] {raw_ingestion_dag.py:57} INFO - --- Iniciando a Tarefa de Ingestão Bruta (200 linhas de Sorter/AWB) ---
[2025-11-01T16:52:36.075+0000] {s3_utils.py:25} INFO - Conectando ao MinIO em: http://minio:9000 com BUCKET: datalake
[2025-11-01T16:52:36.397+0000] {s3_utils.py:44} INFO - Bucket 'datalake' já existe.
[2025-11-01T16:52:36.407+0000] {raw_ingestion_dag.py:102} INFO - Gerados 200 registros de Sorter/AWB robustos.
[2025-11-01T16:52:36.410+0000] {s3_utils.py:25} INFO - Conectando ao MinIO em: http://minio:9000 com BUCKET: datalake
[2025-11-01T16:52:36.423+0000] {s3_utils.py:44} INFO - Bucket 'datalake' já existe.
[2025-11-01T16:52:36.425+0000] {s3_utils.py:25} INFO - Conectando ao MinIO em: http://minio:9000 com BUCKET: datalake
[2025-11-01T16:52:36.455+0000] {s3_utils.py:73} INFO - Upload bem-sucedido: s3://datalake/raw/awb_sortation_20251101165236_83f4b1f5-def7-42f2-816d-531e8d32f4f7.json
[2025-11-01T16:52:36.459+0000] {raw_ingestion_dag.py:118} INFO - Upload bem-sucedido: s3://datalake/raw/awb_sortation_20251101165236_83f4b1f5-def7-42f2-816d-531e8d32f4f7.json
[2025-11-01T16:52:36.468+0000] {python.py:240} INFO - Done. Returned value was: None
[2025-11-01T16:52:36.505+0000] {taskinstance.py:349} INFO - ::group::Post task execution logs
[2025-11-01T16:52:36.509+0000] {taskinstance.py:361} INFO - Marking task as SUCCESS. dag_id=ingestao_bruta, task_id=gerar_bruto, run_id=manual__2025-11-01T16:51:31.051261+00:00, execution_date=20251101T165131, start_date=20251101T165235, end_date=20251101T165236
[2025-11-01T16:52:36.596+0000] {local_task_job_runner.py:266} INFO - Task exited with return code 0
[2025-11-01T16:52:36.633+0000] {taskinstance.py:3924} INFO - 0 downstream tasks scheduled from follow-on schedule check
[2025-11-01T16:52:36.642+0000] {local_task_job_runner.py:245} INFO - ::endgroup::
