[2025-10-30T18:57:34.936+0000] {local_task_job_runner.py:123} INFO - ::group::Pre task execution logs
[2025-10-30T18:57:34.983+0000] {taskinstance.py:2631} INFO - Dependencies all met for dep_context=non-requeueable deps ti=<TaskInstance: bronze_processing.wait_for_raw_ingestion manual__2025-10-30T18:57:32.596203+00:00 [queued]>
[2025-10-30T18:57:35.011+0000] {taskinstance.py:2631} INFO - Dependencies all met for dep_context=requeueable deps ti=<TaskInstance: bronze_processing.wait_for_raw_ingestion manual__2025-10-30T18:57:32.596203+00:00 [queued]>
[2025-10-30T18:57:35.014+0000] {taskinstance.py:2884} INFO - Starting attempt 1 of 2
[2025-10-30T18:57:35.036+0000] {taskinstance.py:2907} INFO - Executing <Task(ExternalTaskSensor): wait_for_raw_ingestion> on 2025-10-30 18:57:32.596203+00:00
[2025-10-30T18:57:35.045+0000] {standard_task_runner.py:72} INFO - Started process 305 to run task
[2025-10-30T18:57:35.051+0000] {standard_task_runner.py:104} INFO - Running: ['airflow', 'tasks', 'run', 'bronze_processing', 'wait_for_raw_ingestion', 'manual__2025-10-30T18:57:32.596203+00:00', '--job-id', '11', '--raw', '--subdir', 'DAGS_FOLDER/bronze_processing_dag.py', '--cfg-path', '/tmp/tmphf4b3usx']
[2025-10-30T18:57:35.057+0000] {standard_task_runner.py:105} INFO - Job 11: Subtask wait_for_raw_ingestion
[2025-10-30T18:57:35.153+0000] {task_command.py:467} INFO - Running <TaskInstance: bronze_processing.wait_for_raw_ingestion manual__2025-10-30T18:57:32.596203+00:00 [running]> on host f98d5a993a06
[2025-10-30T18:57:35.247+0000] {taskinstance.py:3157} INFO - Exporting env vars: AIRFLOW_CTX_DAG_OWNER='daxlog' AIRFLOW_CTX_DAG_ID='bronze_processing' AIRFLOW_CTX_TASK_ID='wait_for_raw_ingestion' AIRFLOW_CTX_EXECUTION_DATE='2025-10-30T18:57:32.596203+00:00' AIRFLOW_CTX_TRY_NUMBER='1' AIRFLOW_CTX_DAG_RUN_ID='manual__2025-10-30T18:57:32.596203+00:00'
[2025-10-30T18:57:35.250+0000] {taskinstance.py:740} INFO - ::endgroup::
[2025-10-30T18:57:35.271+0000] {baseoperator.py:423} WARNING - ExternalTaskSensor.execute cannot be called outside TaskInstance!
[2025-10-30T18:57:35.274+0000] {external_task.py:258} INFO - Poking for tasks ['generate_raw'] in dag raw_ingestion on 2025-10-30T18:57:32.596203+00:00 ... 
[2025-10-30T18:57:35.276+0000] {logging_mixin.py:190} WARNING - /home/airflow/.local/lib/python3.11/site-packages/airflow/utils/session.py:97 DeprecationWarning: This method is deprecated and will be removed in future.
[2025-10-30T18:58:35.288+0000] {external_task.py:258} INFO - Poking for tasks ['generate_raw'] in dag raw_ingestion on 2025-10-30T18:57:32.596203+00:00 ... 
[2025-10-30T18:59:35.306+0000] {external_task.py:258} INFO - Poking for tasks ['generate_raw'] in dag raw_ingestion on 2025-10-30T18:57:32.596203+00:00 ... 
[2025-10-30T19:00:35.325+0000] {external_task.py:258} INFO - Poking for tasks ['generate_raw'] in dag raw_ingestion on 2025-10-30T18:57:32.596203+00:00 ... 
[2025-10-30T19:01:35.344+0000] {external_task.py:258} INFO - Poking for tasks ['generate_raw'] in dag raw_ingestion on 2025-10-30T18:57:32.596203+00:00 ... 
[2025-10-30T19:02:35.357+0000] {external_task.py:258} INFO - Poking for tasks ['generate_raw'] in dag raw_ingestion on 2025-10-30T18:57:32.596203+00:00 ... 
[2025-10-30T19:03:35.376+0000] {external_task.py:258} INFO - Poking for tasks ['generate_raw'] in dag raw_ingestion on 2025-10-30T18:57:32.596203+00:00 ... 
[2025-10-30T19:04:35.387+0000] {external_task.py:258} INFO - Poking for tasks ['generate_raw'] in dag raw_ingestion on 2025-10-30T18:57:32.596203+00:00 ... 
[2025-10-30T19:05:35.406+0000] {external_task.py:258} INFO - Poking for tasks ['generate_raw'] in dag raw_ingestion on 2025-10-30T18:57:32.596203+00:00 ... 
[2025-10-30T19:06:35.425+0000] {external_task.py:258} INFO - Poking for tasks ['generate_raw'] in dag raw_ingestion on 2025-10-30T18:57:32.596203+00:00 ... 
[2025-10-30T19:07:35.452+0000] {external_task.py:258} INFO - Poking for tasks ['generate_raw'] in dag raw_ingestion on 2025-10-30T18:57:32.596203+00:00 ... 
[2025-10-30T19:08:35.467+0000] {external_task.py:258} INFO - Poking for tasks ['generate_raw'] in dag raw_ingestion on 2025-10-30T18:57:32.596203+00:00 ... 
[2025-10-30T19:09:35.484+0000] {external_task.py:258} INFO - Poking for tasks ['generate_raw'] in dag raw_ingestion on 2025-10-30T18:57:32.596203+00:00 ... 
[2025-10-30T19:10:35.509+0000] {external_task.py:258} INFO - Poking for tasks ['generate_raw'] in dag raw_ingestion on 2025-10-30T18:57:32.596203+00:00 ... 
[2025-10-30T19:11:35.540+0000] {external_task.py:258} INFO - Poking for tasks ['generate_raw'] in dag raw_ingestion on 2025-10-30T18:57:32.596203+00:00 ... 
[2025-10-30T19:12:35.556+0000] {external_task.py:258} INFO - Poking for tasks ['generate_raw'] in dag raw_ingestion on 2025-10-30T18:57:32.596203+00:00 ... 
[2025-10-30T19:13:35.580+0000] {external_task.py:258} INFO - Poking for tasks ['generate_raw'] in dag raw_ingestion on 2025-10-30T18:57:32.596203+00:00 ... 
[2025-10-30T19:14:35.592+0000] {external_task.py:258} INFO - Poking for tasks ['generate_raw'] in dag raw_ingestion on 2025-10-30T18:57:32.596203+00:00 ... 
[2025-10-30T19:15:35.619+0000] {external_task.py:258} INFO - Poking for tasks ['generate_raw'] in dag raw_ingestion on 2025-10-30T18:57:32.596203+00:00 ... 
[2025-10-30T19:16:35.644+0000] {external_task.py:258} INFO - Poking for tasks ['generate_raw'] in dag raw_ingestion on 2025-10-30T18:57:32.596203+00:00 ... 
[2025-10-30T19:17:35.667+0000] {external_task.py:258} INFO - Poking for tasks ['generate_raw'] in dag raw_ingestion on 2025-10-30T18:57:32.596203+00:00 ... 
[2025-10-30T19:17:35.741+0000] {taskinstance.py:3336} ERROR - Task failed with exception
Traceback (most recent call last):
  File "/home/airflow/.local/lib/python3.11/site-packages/airflow/models/taskinstance.py", line 776, in _execute_task
    result = _execute_callable(context=context, **execute_callable_kwargs)
             ^^^^^^^^^^^^^^^^^^^^^^^^^^^^^^^^^^^^^^^^^^^^^^^^^^^^^^^^^^^^^
  File "/home/airflow/.local/lib/python3.11/site-packages/airflow/models/taskinstance.py", line 742, in _execute_callable
    return ExecutionCallableRunner(
           ^^^^^^^^^^^^^^^^^^^^^^^^
  File "/home/airflow/.local/lib/python3.11/site-packages/airflow/utils/operator_helpers.py", line 252, in run
    return self.func(*args, **kwargs)
           ^^^^^^^^^^^^^^^^^^^^^^^^^^
  File "/home/airflow/.local/lib/python3.11/site-packages/airflow/models/baseoperator.py", line 424, in wrapper
    return func(self, *args, **kwargs)
           ^^^^^^^^^^^^^^^^^^^^^^^^^^^
  File "/home/airflow/.local/lib/python3.11/site-packages/airflow/sensors/external_task.py", line 348, in execute
    super().execute(context)
  File "/home/airflow/.local/lib/python3.11/site-packages/airflow/models/baseoperator.py", line 424, in wrapper
    return func(self, *args, **kwargs)
           ^^^^^^^^^^^^^^^^^^^^^^^^^^^
  File "/home/airflow/.local/lib/python3.11/site-packages/airflow/sensors/base.py", line 326, in execute
    raise AirflowSensorTimeout(message)
airflow.exceptions.AirflowSensorTimeout: Sensor has timed out; run duration of 1200.5313603679988 seconds exceeds the specified timeout of 1200.0.
[2025-10-30T19:17:35.911+0000] {taskinstance.py:1242} INFO - Immediate failure requested. Marking task as FAILED. dag_id=bronze_processing, task_id=wait_for_raw_ingestion, run_id=manual__2025-10-30T18:57:32.596203+00:00, execution_date=20251030T185732, start_date=20251030T185734, end_date=20251030T191735
[2025-10-30T19:17:36.051+0000] {taskinstance.py:349} INFO - ::group::Post task execution logs
[2025-10-30T19:17:36.063+0000] {standard_task_runner.py:124} ERROR - Failed to execute job 11 for task wait_for_raw_ingestion (Sensor has timed out; run duration of 1200.5313603679988 seconds exceeds the specified timeout of 1200.0.; 305)
Traceback (most recent call last):
  File "/home/airflow/.local/lib/python3.11/site-packages/airflow/task/task_runner/standard_task_runner.py", line 117, in _start_by_fork
    ret = args.func(args, dag=self.dag)
          ^^^^^^^^^^^^^^^^^^^^^^^^^^^^^
  File "/home/airflow/.local/lib/python3.11/site-packages/airflow/cli/cli_config.py", line 49, in command
    return func(*args, **kwargs)
           ^^^^^^^^^^^^^^^^^^^^^
  File "/home/airflow/.local/lib/python3.11/site-packages/airflow/utils/cli.py", line 116, in wrapper
    return f(*args, **kwargs)
           ^^^^^^^^^^^^^^^^^^
  File "/home/airflow/.local/lib/python3.11/site-packages/airflow/cli/commands/task_command.py", line 483, in task_run
    task_return_code = _run_task_by_selected_method(args, _dag, ti)
                       ^^^^^^^^^^^^^^^^^^^^^^^^^^^^^^^^^^^^^^^^^^^^
  File "/home/airflow/.local/lib/python3.11/site-packages/airflow/cli/commands/task_command.py", line 256, in _run_task_by_selected_method
    return _run_raw_task(args, ti)
           ^^^^^^^^^^^^^^^^^^^^^^^
  File "/home/airflow/.local/lib/python3.11/site-packages/airflow/cli/commands/task_command.py", line 341, in _run_raw_task
    return ti._run_raw_task(
           ^^^^^^^^^^^^^^^^^
  File "/home/airflow/.local/lib/python3.11/site-packages/airflow/utils/session.py", line 97, in wrapper
    return func(*args, session=session, **kwargs)
           ^^^^^^^^^^^^^^^^^^^^^^^^^^^^^^^^^^^^^^
  File "/home/airflow/.local/lib/python3.11/site-packages/airflow/models/taskinstance.py", line 3029, in _run_raw_task
    return _run_raw_task(
           ^^^^^^^^^^^^^^
  File "/home/airflow/.local/lib/python3.11/site-packages/airflow/models/taskinstance.py", line 282, in _run_raw_task
    TaskInstance._execute_task_with_callbacks(
  File "/home/airflow/.local/lib/python3.11/site-packages/airflow/models/taskinstance.py", line 3184, in _execute_task_with_callbacks
    result = self._execute_task(context, task_orig)
             ^^^^^^^^^^^^^^^^^^^^^^^^^^^^^^^^^^^^^^
  File "/home/airflow/.local/lib/python3.11/site-packages/airflow/models/taskinstance.py", line 3208, in _execute_task
    return _execute_task(self, context, task_orig)
           ^^^^^^^^^^^^^^^^^^^^^^^^^^^^^^^^^^^^^^^
  File "/home/airflow/.local/lib/python3.11/site-packages/airflow/models/taskinstance.py", line 776, in _execute_task
    result = _execute_callable(context=context, **execute_callable_kwargs)
             ^^^^^^^^^^^^^^^^^^^^^^^^^^^^^^^^^^^^^^^^^^^^^^^^^^^^^^^^^^^^^
  File "/home/airflow/.local/lib/python3.11/site-packages/airflow/models/taskinstance.py", line 742, in _execute_callable
    return ExecutionCallableRunner(
           ^^^^^^^^^^^^^^^^^^^^^^^^
  File "/home/airflow/.local/lib/python3.11/site-packages/airflow/utils/operator_helpers.py", line 252, in run
    return self.func(*args, **kwargs)
           ^^^^^^^^^^^^^^^^^^^^^^^^^^
  File "/home/airflow/.local/lib/python3.11/site-packages/airflow/models/baseoperator.py", line 424, in wrapper
    return func(self, *args, **kwargs)
           ^^^^^^^^^^^^^^^^^^^^^^^^^^^
  File "/home/airflow/.local/lib/python3.11/site-packages/airflow/sensors/external_task.py", line 348, in execute
    super().execute(context)
  File "/home/airflow/.local/lib/python3.11/site-packages/airflow/models/baseoperator.py", line 424, in wrapper
    return func(self, *args, **kwargs)
           ^^^^^^^^^^^^^^^^^^^^^^^^^^^
  File "/home/airflow/.local/lib/python3.11/site-packages/airflow/sensors/base.py", line 326, in execute
    raise AirflowSensorTimeout(message)
airflow.exceptions.AirflowSensorTimeout: Sensor has timed out; run duration of 1200.5313603679988 seconds exceeds the specified timeout of 1200.0.
[2025-10-30T19:17:36.101+0000] {local_task_job_runner.py:266} INFO - Task exited with return code 1
[2025-10-30T19:17:36.256+0000] {taskinstance.py:3924} INFO - 0 downstream tasks scheduled from follow-on schedule check
[2025-10-30T19:17:36.287+0000] {local_task_job_runner.py:245} INFO - ::endgroup::
