[2025-10-30T17:33:36.425+0000] {local_task_job_runner.py:123} INFO - ::group::Pre task execution logs
[2025-10-30T17:33:36.458+0000] {taskinstance.py:2631} INFO - Dependencies all met for dep_context=non-requeueable deps ti=<TaskInstance: bronze_processing.wait_for_raw_ingestion scheduled__2025-10-29T00:00:00+00:00 [queued]>
[2025-10-30T17:33:36.471+0000] {taskinstance.py:2631} INFO - Dependencies all met for dep_context=requeueable deps ti=<TaskInstance: bronze_processing.wait_for_raw_ingestion scheduled__2025-10-29T00:00:00+00:00 [queued]>
[2025-10-30T17:33:36.473+0000] {taskinstance.py:2884} INFO - Starting attempt 2 of 2
[2025-10-30T17:33:36.500+0000] {taskinstance.py:2907} INFO - Executing <Task(ExternalTaskSensor): wait_for_raw_ingestion> on 2025-10-29 00:00:00+00:00
[2025-10-30T17:33:36.517+0000] {standard_task_runner.py:72} INFO - Started process 338 to run task
[2025-10-30T17:33:36.562+0000] {standard_task_runner.py:104} INFO - Running: ['airflow', 'tasks', 'run', 'bronze_processing', 'wait_for_raw_ingestion', 'scheduled__2025-10-29T00:00:00+00:00', '--job-id', '9', '--raw', '--subdir', 'DAGS_FOLDER/bronze_processing_dag.py', '--cfg-path', '/tmp/tmpslhxuv6m']
[2025-10-30T17:33:36.600+0000] {standard_task_runner.py:105} INFO - Job 9: Subtask wait_for_raw_ingestion
[2025-10-30T17:33:37.194+0000] {task_command.py:467} INFO - Running <TaskInstance: bronze_processing.wait_for_raw_ingestion scheduled__2025-10-29T00:00:00+00:00 [running]> on host 071b1dc40cc7
[2025-10-30T17:33:37.750+0000] {taskinstance.py:3157} INFO - Exporting env vars: AIRFLOW_CTX_DAG_OWNER='daxlog' AIRFLOW_CTX_DAG_ID='bronze_processing' AIRFLOW_CTX_TASK_ID='wait_for_raw_ingestion' AIRFLOW_CTX_EXECUTION_DATE='2025-10-29T00:00:00+00:00' AIRFLOW_CTX_TRY_NUMBER='2' AIRFLOW_CTX_DAG_RUN_ID='scheduled__2025-10-29T00:00:00+00:00'
[2025-10-30T17:33:37.757+0000] {taskinstance.py:740} INFO - ::endgroup::
[2025-10-30T17:33:37.842+0000] {baseoperator.py:423} WARNING - ExternalTaskSensor.execute cannot be called outside TaskInstance!
[2025-10-30T17:33:37.845+0000] {external_task.py:258} INFO - Poking for tasks ['generate_raw'] in dag raw_ingestion on 2025-10-29T00:00:00+00:00 ... 
[2025-10-30T17:33:37.873+0000] {logging_mixin.py:190} WARNING - /home/airflow/.local/lib/python3.11/site-packages/airflow/utils/session.py:97 DeprecationWarning: This method is deprecated and will be removed in future.
[2025-10-30T17:34:37.924+0000] {external_task.py:258} INFO - Poking for tasks ['generate_raw'] in dag raw_ingestion on 2025-10-29T00:00:00+00:00 ... 
[2025-10-30T17:35:37.951+0000] {external_task.py:258} INFO - Poking for tasks ['generate_raw'] in dag raw_ingestion on 2025-10-29T00:00:00+00:00 ... 
[2025-10-30T17:36:37.972+0000] {external_task.py:258} INFO - Poking for tasks ['generate_raw'] in dag raw_ingestion on 2025-10-29T00:00:00+00:00 ... 
[2025-10-30T17:37:37.995+0000] {external_task.py:258} INFO - Poking for tasks ['generate_raw'] in dag raw_ingestion on 2025-10-29T00:00:00+00:00 ... 
[2025-10-30T17:38:38.021+0000] {external_task.py:258} INFO - Poking for tasks ['generate_raw'] in dag raw_ingestion on 2025-10-29T00:00:00+00:00 ... 
[2025-10-30T17:39:38.034+0000] {external_task.py:258} INFO - Poking for tasks ['generate_raw'] in dag raw_ingestion on 2025-10-29T00:00:00+00:00 ... 
[2025-10-30T17:40:38.048+0000] {external_task.py:258} INFO - Poking for tasks ['generate_raw'] in dag raw_ingestion on 2025-10-29T00:00:00+00:00 ... 
[2025-10-30T17:41:38.067+0000] {external_task.py:258} INFO - Poking for tasks ['generate_raw'] in dag raw_ingestion on 2025-10-29T00:00:00+00:00 ... 
[2025-10-30T17:42:38.093+0000] {external_task.py:258} INFO - Poking for tasks ['generate_raw'] in dag raw_ingestion on 2025-10-29T00:00:00+00:00 ... 
[2025-10-30T17:42:40.552+0000] {local_task_job_runner.py:127} ERROR - Received SIGTERM. Terminating subprocesses
[2025-10-30T17:42:40.833+0000] {process_utils.py:132} INFO - Sending 15 to group 338. PIDs of all processes in the group: [338]
[2025-10-30T17:42:40.852+0000] {process_utils.py:87} INFO - Sending the signal 15 to group 338
[2025-10-30T17:42:40.880+0000] {taskinstance.py:3117} ERROR - Received SIGTERM. Terminating subprocesses.
[2025-10-30T17:42:41.050+0000] {taskinstance.py:3118} ERROR - Stacktrace: 
  File "/home/airflow/.local/bin/airflow", line 7, in <module>
    sys.exit(main())
  File "/home/airflow/.local/lib/python3.11/site-packages/airflow/__main__.py", line 62, in main
    args.func(args)
  File "/home/airflow/.local/lib/python3.11/site-packages/airflow/cli/cli_config.py", line 49, in command
    return func(*args, **kwargs)
  File "/home/airflow/.local/lib/python3.11/site-packages/airflow/utils/cli.py", line 116, in wrapper
    return f(*args, **kwargs)
  File "/home/airflow/.local/lib/python3.11/site-packages/airflow/utils/providers_configuration_loader.py", line 55, in wrapped_function
    return func(*args, **kwargs)
  File "/home/airflow/.local/lib/python3.11/site-packages/airflow/cli/commands/scheduler_command.py", line 56, in scheduler
    run_command_with_daemon_option(
  File "/home/airflow/.local/lib/python3.11/site-packages/airflow/cli/commands/daemon_utils.py", line 86, in run_command_with_daemon_option
    callback()
  File "/home/airflow/.local/lib/python3.11/site-packages/airflow/cli/commands/scheduler_command.py", line 59, in <lambda>
    callback=lambda: _run_scheduler_job(args),
  File "/home/airflow/.local/lib/python3.11/site-packages/airflow/cli/commands/scheduler_command.py", line 47, in _run_scheduler_job
    run_job(job=job_runner.job, execute_callable=job_runner._execute)
  File "/home/airflow/.local/lib/python3.11/site-packages/airflow/utils/session.py", line 97, in wrapper
    return func(*args, session=session, **kwargs)
  File "/home/airflow/.local/lib/python3.11/site-packages/airflow/jobs/job.py", line 421, in run_job
    return execute_job(job, execute_callable=execute_callable)
  File "/home/airflow/.local/lib/python3.11/site-packages/airflow/jobs/job.py", line 450, in execute_job
    ret = execute_callable()
  File "/home/airflow/.local/lib/python3.11/site-packages/airflow/jobs/scheduler_job_runner.py", line 990, in _execute
    executor.start()
  File "/home/airflow/.local/lib/python3.11/site-packages/airflow/executors/local_executor.py", line 392, in start
    self.impl.start()
  File "/home/airflow/.local/lib/python3.11/site-packages/airflow/executors/local_executor.py", line 330, in start
    worker.start()
  File "/usr/local/lib/python3.11/multiprocessing/process.py", line 121, in start
    self._popen = self._Popen(self)
  File "/usr/local/lib/python3.11/multiprocessing/context.py", line 224, in _Popen
    return _default_context.get_context().Process._Popen(process_obj)
  File "/usr/local/lib/python3.11/multiprocessing/context.py", line 281, in _Popen
    return Popen(process_obj)
  File "/usr/local/lib/python3.11/multiprocessing/popen_fork.py", line 19, in __init__
    self._launch(process_obj)
  File "/usr/local/lib/python3.11/multiprocessing/popen_fork.py", line 71, in _launch
    code = process_obj._bootstrap(parent_sentinel=child_r)
  File "/usr/local/lib/python3.11/multiprocessing/process.py", line 314, in _bootstrap
    self.run()
  File "/home/airflow/.local/lib/python3.11/site-packages/airflow/executors/local_executor.py", line 80, in run
    return super().run()
  File "/usr/local/lib/python3.11/multiprocessing/process.py", line 108, in run
    self._target(*self._args, **self._kwargs)
  File "/home/airflow/.local/lib/python3.11/site-packages/airflow/traces/tracer.py", line 58, in wrapper
    return func(*args, **kwargs)
  File "/home/airflow/.local/lib/python3.11/site-packages/airflow/executors/local_executor.py", line 211, in do_work
    self.execute_work(key=key, command=command)
  File "/home/airflow/.local/lib/python3.11/site-packages/airflow/traces/tracer.py", line 58, in wrapper
    return func(*args, **kwargs)
  File "/home/airflow/.local/lib/python3.11/site-packages/airflow/executors/local_executor.py", line 100, in execute_work
    state = self._execute_work_in_fork(command)
  File "/home/airflow/.local/lib/python3.11/site-packages/airflow/traces/tracer.py", line 58, in wrapper
    return func(*args, **kwargs)
  File "/home/airflow/.local/lib/python3.11/site-packages/airflow/executors/local_executor.py", line 142, in _execute_work_in_fork
    args.func(args)
  File "/home/airflow/.local/lib/python3.11/site-packages/airflow/cli/cli_config.py", line 49, in command
    return func(*args, **kwargs)
  File "/home/airflow/.local/lib/python3.11/site-packages/airflow/utils/cli.py", line 116, in wrapper
    return f(*args, **kwargs)
  File "/home/airflow/.local/lib/python3.11/site-packages/airflow/cli/commands/task_command.py", line 483, in task_run
    task_return_code = _run_task_by_selected_method(args, _dag, ti)
  File "/home/airflow/.local/lib/python3.11/site-packages/airflow/cli/commands/task_command.py", line 254, in _run_task_by_selected_method
    return _run_task_by_local_task_job(args, ti)
  File "/home/airflow/.local/lib/python3.11/site-packages/airflow/cli/commands/task_command.py", line 322, in _run_task_by_local_task_job
    ret = run_job(job=job_runner.job, execute_callable=job_runner._execute)
  File "/home/airflow/.local/lib/python3.11/site-packages/airflow/utils/session.py", line 97, in wrapper
    return func(*args, session=session, **kwargs)
  File "/home/airflow/.local/lib/python3.11/site-packages/airflow/jobs/job.py", line 421, in run_job
    return execute_job(job, execute_callable=execute_callable)
  File "/home/airflow/.local/lib/python3.11/site-packages/airflow/jobs/job.py", line 450, in execute_job
    ret = execute_callable()
  File "/home/airflow/.local/lib/python3.11/site-packages/airflow/jobs/local_task_job_runner.py", line 171, in _execute
    self.task_runner.start()
  File "/home/airflow/.local/lib/python3.11/site-packages/airflow/task/task_runner/standard_task_runner.py", line 55, in start
    self.process = self._start_by_fork()
  File "/home/airflow/.local/lib/python3.11/site-packages/airflow/task/task_runner/standard_task_runner.py", line 117, in _start_by_fork
    ret = args.func(args, dag=self.dag)
  File "/home/airflow/.local/lib/python3.11/site-packages/airflow/cli/cli_config.py", line 49, in command
    return func(*args, **kwargs)
  File "/home/airflow/.local/lib/python3.11/site-packages/airflow/utils/cli.py", line 116, in wrapper
    return f(*args, **kwargs)
  File "/home/airflow/.local/lib/python3.11/site-packages/airflow/cli/commands/task_command.py", line 483, in task_run
    task_return_code = _run_task_by_selected_method(args, _dag, ti)
  File "/home/airflow/.local/lib/python3.11/site-packages/airflow/cli/commands/task_command.py", line 256, in _run_task_by_selected_method
    return _run_raw_task(args, ti)
  File "/home/airflow/.local/lib/python3.11/site-packages/airflow/cli/commands/task_command.py", line 341, in _run_raw_task
    return ti._run_raw_task(
  File "/home/airflow/.local/lib/python3.11/site-packages/airflow/utils/session.py", line 97, in wrapper
    return func(*args, session=session, **kwargs)
  File "/home/airflow/.local/lib/python3.11/site-packages/airflow/models/taskinstance.py", line 3029, in _run_raw_task
    return _run_raw_task(
  File "/home/airflow/.local/lib/python3.11/site-packages/airflow/models/taskinstance.py", line 282, in _run_raw_task
    TaskInstance._execute_task_with_callbacks(
  File "/home/airflow/.local/lib/python3.11/site-packages/airflow/models/taskinstance.py", line 3184, in _execute_task_with_callbacks
    result = self._execute_task(context, task_orig)
  File "/home/airflow/.local/lib/python3.11/site-packages/airflow/models/taskinstance.py", line 3208, in _execute_task
    return _execute_task(self, context, task_orig)
  File "/home/airflow/.local/lib/python3.11/site-packages/airflow/models/taskinstance.py", line 776, in _execute_task
    result = _execute_callable(context=context, **execute_callable_kwargs)
  File "/home/airflow/.local/lib/python3.11/site-packages/airflow/models/taskinstance.py", line 742, in _execute_callable
    return ExecutionCallableRunner(
  File "/home/airflow/.local/lib/python3.11/site-packages/airflow/utils/operator_helpers.py", line 252, in run
    return self.func(*args, **kwargs)
  File "/home/airflow/.local/lib/python3.11/site-packages/airflow/models/baseoperator.py", line 424, in wrapper
    return func(self, *args, **kwargs)
  File "/home/airflow/.local/lib/python3.11/site-packages/airflow/sensors/external_task.py", line 348, in execute
    super().execute(context)
  File "/home/airflow/.local/lib/python3.11/site-packages/airflow/models/baseoperator.py", line 424, in wrapper
    return func(self, *args, **kwargs)
  File "/home/airflow/.local/lib/python3.11/site-packages/airflow/sensors/base.py", line 337, in execute
    time.sleep(self._get_next_poke_interval(started_at, run_duration, poke_count))
  File "/home/airflow/.local/lib/python3.11/site-packages/airflow/models/taskinstance.py", line 3118, in signal_handler
    self.log.error("Stacktrace: \n%s", "".join(traceback.format_stack()))

[2025-10-30T17:42:41.238+0000] {taskinstance.py:3336} ERROR - Task failed with exception
Traceback (most recent call last):
  File "/home/airflow/.local/lib/python3.11/site-packages/airflow/models/taskinstance.py", line 776, in _execute_task
    result = _execute_callable(context=context, **execute_callable_kwargs)
             ^^^^^^^^^^^^^^^^^^^^^^^^^^^^^^^^^^^^^^^^^^^^^^^^^^^^^^^^^^^^^
  File "/home/airflow/.local/lib/python3.11/site-packages/airflow/models/taskinstance.py", line 742, in _execute_callable
    return ExecutionCallableRunner(
           ^^^^^^^^^^^^^^^^^^^^^^^^
  File "/home/airflow/.local/lib/python3.11/site-packages/airflow/utils/operator_helpers.py", line 252, in run
    return self.func(*args, **kwargs)
           ^^^^^^^^^^^^^^^^^^^^^^^^^^
  File "/home/airflow/.local/lib/python3.11/site-packages/airflow/models/baseoperator.py", line 424, in wrapper
    return func(self, *args, **kwargs)
           ^^^^^^^^^^^^^^^^^^^^^^^^^^^
  File "/home/airflow/.local/lib/python3.11/site-packages/airflow/sensors/external_task.py", line 348, in execute
    super().execute(context)
  File "/home/airflow/.local/lib/python3.11/site-packages/airflow/models/baseoperator.py", line 424, in wrapper
    return func(self, *args, **kwargs)
           ^^^^^^^^^^^^^^^^^^^^^^^^^^^
  File "/home/airflow/.local/lib/python3.11/site-packages/airflow/sensors/base.py", line 337, in execute
    time.sleep(self._get_next_poke_interval(started_at, run_duration, poke_count))
  File "/home/airflow/.local/lib/python3.11/site-packages/airflow/models/taskinstance.py", line 3120, in signal_handler
    raise AirflowTaskTerminated("Task received SIGTERM signal")
airflow.exceptions.AirflowTaskTerminated: Task received SIGTERM signal
[2025-10-30T17:42:41.307+0000] {taskinstance.py:1242} INFO - Marking task as FAILED. dag_id=bronze_processing, task_id=wait_for_raw_ingestion, run_id=scheduled__2025-10-29T00:00:00+00:00, execution_date=20251029T000000, start_date=20251030T173336, end_date=20251030T174241
[2025-10-30T17:42:41.468+0000] {taskinstance.py:349} INFO - ::group::Post task execution logs
[2025-10-30T17:42:41.530+0000] {process_utils.py:80} INFO - Process psutil.Process(pid=338, status='terminated', exitcode=2, started='17:33:36') (338) terminated with exit code 2
[2025-10-30T17:42:41.534+0000] {local_task_job_runner.py:266} INFO - Task exited with return code 143
[2025-10-30T17:42:41.655+0000] {standard_task_runner.py:217} INFO - Process not found (most likely exited), stop collecting metrics
[2025-10-30T17:42:41.732+0000] {taskinstance.py:3924} INFO - 0 downstream tasks scheduled from follow-on schedule check
[2025-10-30T17:42:42.534+0000] {local_task_job_runner.py:245} INFO - ::endgroup::
[2025-10-30T18:57:08.030+0000] {local_task_job_runner.py:123} INFO - ::group::Pre task execution logs
[2025-10-30T18:57:08.055+0000] {taskinstance.py:2631} INFO - Dependencies all met for dep_context=non-requeueable deps ti=<TaskInstance: bronze_processing.wait_for_raw_ingestion scheduled__2025-10-29T00:00:00+00:00 [queued]>
[2025-10-30T18:57:08.064+0000] {taskinstance.py:2631} INFO - Dependencies all met for dep_context=requeueable deps ti=<TaskInstance: bronze_processing.wait_for_raw_ingestion scheduled__2025-10-29T00:00:00+00:00 [queued]>
[2025-10-30T18:57:08.065+0000] {taskinstance.py:2884} INFO - Starting attempt 2 of 2
[2025-10-30T18:57:08.080+0000] {taskinstance.py:2907} INFO - Executing <Task(ExternalTaskSensor): wait_for_raw_ingestion> on 2025-10-29 00:00:00+00:00
[2025-10-30T18:57:08.088+0000] {standard_task_runner.py:72} INFO - Started process 284 to run task
[2025-10-30T18:57:08.091+0000] {standard_task_runner.py:104} INFO - Running: ['airflow', 'tasks', 'run', 'bronze_processing', 'wait_for_raw_ingestion', 'scheduled__2025-10-29T00:00:00+00:00', '--job-id', '9', '--raw', '--subdir', 'DAGS_FOLDER/bronze_processing_dag.py', '--cfg-path', '/tmp/tmpgy83k45e']
[2025-10-30T18:57:08.099+0000] {standard_task_runner.py:105} INFO - Job 9: Subtask wait_for_raw_ingestion
[2025-10-30T18:57:08.543+0000] {task_command.py:467} INFO - Running <TaskInstance: bronze_processing.wait_for_raw_ingestion scheduled__2025-10-29T00:00:00+00:00 [running]> on host f98d5a993a06
[2025-10-30T18:57:08.775+0000] {taskinstance.py:3157} INFO - Exporting env vars: AIRFLOW_CTX_DAG_OWNER='daxlog' AIRFLOW_CTX_DAG_ID='bronze_processing' AIRFLOW_CTX_TASK_ID='wait_for_raw_ingestion' AIRFLOW_CTX_EXECUTION_DATE='2025-10-29T00:00:00+00:00' AIRFLOW_CTX_TRY_NUMBER='2' AIRFLOW_CTX_DAG_RUN_ID='scheduled__2025-10-29T00:00:00+00:00'
[2025-10-30T18:57:08.781+0000] {taskinstance.py:740} INFO - ::endgroup::
[2025-10-30T18:57:08.838+0000] {baseoperator.py:423} WARNING - ExternalTaskSensor.execute cannot be called outside TaskInstance!
[2025-10-30T18:57:08.840+0000] {external_task.py:258} INFO - Poking for tasks ['generate_raw'] in dag raw_ingestion on 2025-10-29T00:00:00+00:00 ... 
[2025-10-30T18:57:08.861+0000] {logging_mixin.py:190} WARNING - /home/airflow/.local/lib/python3.11/site-packages/airflow/utils/session.py:97 DeprecationWarning: This method is deprecated and will be removed in future.
[2025-10-30T18:58:08.907+0000] {external_task.py:258} INFO - Poking for tasks ['generate_raw'] in dag raw_ingestion on 2025-10-29T00:00:00+00:00 ... 
[2025-10-30T18:59:08.918+0000] {external_task.py:258} INFO - Poking for tasks ['generate_raw'] in dag raw_ingestion on 2025-10-29T00:00:00+00:00 ... 
[2025-10-30T19:00:08.934+0000] {external_task.py:258} INFO - Poking for tasks ['generate_raw'] in dag raw_ingestion on 2025-10-29T00:00:00+00:00 ... 
[2025-10-30T19:01:08.952+0000] {external_task.py:258} INFO - Poking for tasks ['generate_raw'] in dag raw_ingestion on 2025-10-29T00:00:00+00:00 ... 
[2025-10-30T19:02:08.965+0000] {external_task.py:258} INFO - Poking for tasks ['generate_raw'] in dag raw_ingestion on 2025-10-29T00:00:00+00:00 ... 
[2025-10-30T19:03:08.983+0000] {external_task.py:258} INFO - Poking for tasks ['generate_raw'] in dag raw_ingestion on 2025-10-29T00:00:00+00:00 ... 
[2025-10-30T19:04:08.990+0000] {external_task.py:258} INFO - Poking for tasks ['generate_raw'] in dag raw_ingestion on 2025-10-29T00:00:00+00:00 ... 
[2025-10-30T19:05:08.998+0000] {external_task.py:258} INFO - Poking for tasks ['generate_raw'] in dag raw_ingestion on 2025-10-29T00:00:00+00:00 ... 
[2025-10-30T19:06:09.010+0000] {external_task.py:258} INFO - Poking for tasks ['generate_raw'] in dag raw_ingestion on 2025-10-29T00:00:00+00:00 ... 
[2025-10-30T19:07:09.031+0000] {external_task.py:258} INFO - Poking for tasks ['generate_raw'] in dag raw_ingestion on 2025-10-29T00:00:00+00:00 ... 
[2025-10-30T19:08:09.062+0000] {external_task.py:258} INFO - Poking for tasks ['generate_raw'] in dag raw_ingestion on 2025-10-29T00:00:00+00:00 ... 
[2025-10-30T19:09:09.077+0000] {external_task.py:258} INFO - Poking for tasks ['generate_raw'] in dag raw_ingestion on 2025-10-29T00:00:00+00:00 ... 
[2025-10-30T19:10:09.095+0000] {external_task.py:258} INFO - Poking for tasks ['generate_raw'] in dag raw_ingestion on 2025-10-29T00:00:00+00:00 ... 
[2025-10-30T19:11:09.105+0000] {external_task.py:258} INFO - Poking for tasks ['generate_raw'] in dag raw_ingestion on 2025-10-29T00:00:00+00:00 ... 
[2025-10-30T19:12:09.130+0000] {external_task.py:258} INFO - Poking for tasks ['generate_raw'] in dag raw_ingestion on 2025-10-29T00:00:00+00:00 ... 
[2025-10-30T19:13:09.153+0000] {external_task.py:258} INFO - Poking for tasks ['generate_raw'] in dag raw_ingestion on 2025-10-29T00:00:00+00:00 ... 
[2025-10-30T19:14:09.175+0000] {external_task.py:258} INFO - Poking for tasks ['generate_raw'] in dag raw_ingestion on 2025-10-29T00:00:00+00:00 ... 
[2025-10-30T19:15:09.200+0000] {external_task.py:258} INFO - Poking for tasks ['generate_raw'] in dag raw_ingestion on 2025-10-29T00:00:00+00:00 ... 
[2025-10-30T19:16:09.219+0000] {external_task.py:258} INFO - Poking for tasks ['generate_raw'] in dag raw_ingestion on 2025-10-29T00:00:00+00:00 ... 
[2025-10-30T19:17:09.234+0000] {external_task.py:258} INFO - Poking for tasks ['generate_raw'] in dag raw_ingestion on 2025-10-29T00:00:00+00:00 ... 
[2025-10-30T19:17:09.281+0000] {taskinstance.py:3336} ERROR - Task failed with exception
Traceback (most recent call last):
  File "/home/airflow/.local/lib/python3.11/site-packages/airflow/models/taskinstance.py", line 776, in _execute_task
    result = _execute_callable(context=context, **execute_callable_kwargs)
             ^^^^^^^^^^^^^^^^^^^^^^^^^^^^^^^^^^^^^^^^^^^^^^^^^^^^^^^^^^^^^
  File "/home/airflow/.local/lib/python3.11/site-packages/airflow/models/taskinstance.py", line 742, in _execute_callable
    return ExecutionCallableRunner(
           ^^^^^^^^^^^^^^^^^^^^^^^^
  File "/home/airflow/.local/lib/python3.11/site-packages/airflow/utils/operator_helpers.py", line 252, in run
    return self.func(*args, **kwargs)
           ^^^^^^^^^^^^^^^^^^^^^^^^^^
  File "/home/airflow/.local/lib/python3.11/site-packages/airflow/models/baseoperator.py", line 424, in wrapper
    return func(self, *args, **kwargs)
           ^^^^^^^^^^^^^^^^^^^^^^^^^^^
  File "/home/airflow/.local/lib/python3.11/site-packages/airflow/sensors/external_task.py", line 348, in execute
    super().execute(context)
  File "/home/airflow/.local/lib/python3.11/site-packages/airflow/models/baseoperator.py", line 424, in wrapper
    return func(self, *args, **kwargs)
           ^^^^^^^^^^^^^^^^^^^^^^^^^^^
  File "/home/airflow/.local/lib/python3.11/site-packages/airflow/sensors/base.py", line 326, in execute
    raise AirflowSensorTimeout(message)
airflow.exceptions.AirflowSensorTimeout: Sensor has timed out; run duration of 1200.526901961999 seconds exceeds the specified timeout of 1200.0.
[2025-10-30T19:17:09.372+0000] {taskinstance.py:1242} INFO - Immediate failure requested. Marking task as FAILED. dag_id=bronze_processing, task_id=wait_for_raw_ingestion, run_id=scheduled__2025-10-29T00:00:00+00:00, execution_date=20251029T000000, start_date=20251030T185708, end_date=20251030T191709
[2025-10-30T19:17:09.456+0000] {taskinstance.py:349} INFO - ::group::Post task execution logs
[2025-10-30T19:17:09.462+0000] {standard_task_runner.py:124} ERROR - Failed to execute job 9 for task wait_for_raw_ingestion (Sensor has timed out; run duration of 1200.526901961999 seconds exceeds the specified timeout of 1200.0.; 284)
Traceback (most recent call last):
  File "/home/airflow/.local/lib/python3.11/site-packages/airflow/task/task_runner/standard_task_runner.py", line 117, in _start_by_fork
    ret = args.func(args, dag=self.dag)
          ^^^^^^^^^^^^^^^^^^^^^^^^^^^^^
  File "/home/airflow/.local/lib/python3.11/site-packages/airflow/cli/cli_config.py", line 49, in command
    return func(*args, **kwargs)
           ^^^^^^^^^^^^^^^^^^^^^
  File "/home/airflow/.local/lib/python3.11/site-packages/airflow/utils/cli.py", line 116, in wrapper
    return f(*args, **kwargs)
           ^^^^^^^^^^^^^^^^^^
  File "/home/airflow/.local/lib/python3.11/site-packages/airflow/cli/commands/task_command.py", line 483, in task_run
    task_return_code = _run_task_by_selected_method(args, _dag, ti)
                       ^^^^^^^^^^^^^^^^^^^^^^^^^^^^^^^^^^^^^^^^^^^^
  File "/home/airflow/.local/lib/python3.11/site-packages/airflow/cli/commands/task_command.py", line 256, in _run_task_by_selected_method
    return _run_raw_task(args, ti)
           ^^^^^^^^^^^^^^^^^^^^^^^
  File "/home/airflow/.local/lib/python3.11/site-packages/airflow/cli/commands/task_command.py", line 341, in _run_raw_task
    return ti._run_raw_task(
           ^^^^^^^^^^^^^^^^^
  File "/home/airflow/.local/lib/python3.11/site-packages/airflow/utils/session.py", line 97, in wrapper
    return func(*args, session=session, **kwargs)
           ^^^^^^^^^^^^^^^^^^^^^^^^^^^^^^^^^^^^^^
  File "/home/airflow/.local/lib/python3.11/site-packages/airflow/models/taskinstance.py", line 3029, in _run_raw_task
    return _run_raw_task(
           ^^^^^^^^^^^^^^
  File "/home/airflow/.local/lib/python3.11/site-packages/airflow/models/taskinstance.py", line 282, in _run_raw_task
    TaskInstance._execute_task_with_callbacks(
  File "/home/airflow/.local/lib/python3.11/site-packages/airflow/models/taskinstance.py", line 3184, in _execute_task_with_callbacks
    result = self._execute_task(context, task_orig)
             ^^^^^^^^^^^^^^^^^^^^^^^^^^^^^^^^^^^^^^
  File "/home/airflow/.local/lib/python3.11/site-packages/airflow/models/taskinstance.py", line 3208, in _execute_task
    return _execute_task(self, context, task_orig)
           ^^^^^^^^^^^^^^^^^^^^^^^^^^^^^^^^^^^^^^^
  File "/home/airflow/.local/lib/python3.11/site-packages/airflow/models/taskinstance.py", line 776, in _execute_task
    result = _execute_callable(context=context, **execute_callable_kwargs)
             ^^^^^^^^^^^^^^^^^^^^^^^^^^^^^^^^^^^^^^^^^^^^^^^^^^^^^^^^^^^^^
  File "/home/airflow/.local/lib/python3.11/site-packages/airflow/models/taskinstance.py", line 742, in _execute_callable
    return ExecutionCallableRunner(
           ^^^^^^^^^^^^^^^^^^^^^^^^
  File "/home/airflow/.local/lib/python3.11/site-packages/airflow/utils/operator_helpers.py", line 252, in run
    return self.func(*args, **kwargs)
           ^^^^^^^^^^^^^^^^^^^^^^^^^^
  File "/home/airflow/.local/lib/python3.11/site-packages/airflow/models/baseoperator.py", line 424, in wrapper
    return func(self, *args, **kwargs)
           ^^^^^^^^^^^^^^^^^^^^^^^^^^^
  File "/home/airflow/.local/lib/python3.11/site-packages/airflow/sensors/external_task.py", line 348, in execute
    super().execute(context)
  File "/home/airflow/.local/lib/python3.11/site-packages/airflow/models/baseoperator.py", line 424, in wrapper
    return func(self, *args, **kwargs)
           ^^^^^^^^^^^^^^^^^^^^^^^^^^^
  File "/home/airflow/.local/lib/python3.11/site-packages/airflow/sensors/base.py", line 326, in execute
    raise AirflowSensorTimeout(message)
airflow.exceptions.AirflowSensorTimeout: Sensor has timed out; run duration of 1200.526901961999 seconds exceeds the specified timeout of 1200.0.
[2025-10-30T19:17:09.500+0000] {local_task_job_runner.py:266} INFO - Task exited with return code 1
[2025-10-30T19:17:09.596+0000] {taskinstance.py:3924} INFO - 0 downstream tasks scheduled from follow-on schedule check
[2025-10-30T19:17:09.610+0000] {local_task_job_runner.py:245} INFO - ::endgroup::
[2025-10-30T20:36:30.130+0000] {local_task_job_runner.py:123} INFO - ::group::Pre task execution logs
[2025-10-30T20:36:30.198+0000] {taskinstance.py:2631} INFO - Dependencies all met for dep_context=non-requeueable deps ti=<TaskInstance: bronze_processing.wait_for_raw_ingestion scheduled__2025-10-29T00:00:00+00:00 [queued]>
[2025-10-30T20:36:30.232+0000] {taskinstance.py:2631} INFO - Dependencies all met for dep_context=requeueable deps ti=<TaskInstance: bronze_processing.wait_for_raw_ingestion scheduled__2025-10-29T00:00:00+00:00 [queued]>
[2025-10-30T20:36:30.234+0000] {taskinstance.py:2884} INFO - Starting attempt 2 of 2
[2025-10-30T20:36:30.322+0000] {taskinstance.py:2907} INFO - Executing <Task(ExternalTaskSensor): wait_for_raw_ingestion> on 2025-10-29 00:00:00+00:00
[2025-10-30T20:36:30.367+0000] {standard_task_runner.py:72} INFO - Started process 187 to run task
[2025-10-30T20:36:30.434+0000] {standard_task_runner.py:104} INFO - Running: ['airflow', 'tasks', 'run', 'bronze_processing', 'wait_for_raw_ingestion', 'scheduled__2025-10-29T00:00:00+00:00', '--job-id', '11', '--raw', '--subdir', 'DAGS_FOLDER/bronze_processing_dag.py', '--cfg-path', '/tmp/tmp_glumy_h']
[2025-10-30T20:36:30.473+0000] {standard_task_runner.py:105} INFO - Job 11: Subtask wait_for_raw_ingestion
[2025-10-30T20:36:30.897+0000] {task_command.py:467} INFO - Running <TaskInstance: bronze_processing.wait_for_raw_ingestion scheduled__2025-10-29T00:00:00+00:00 [running]> on host 6b91c6a0e539
[2025-10-30T20:36:31.078+0000] {taskinstance.py:3157} INFO - Exporting env vars: AIRFLOW_CTX_DAG_OWNER='daxlog' AIRFLOW_CTX_DAG_ID='bronze_processing' AIRFLOW_CTX_TASK_ID='wait_for_raw_ingestion' AIRFLOW_CTX_EXECUTION_DATE='2025-10-29T00:00:00+00:00' AIRFLOW_CTX_TRY_NUMBER='2' AIRFLOW_CTX_DAG_RUN_ID='scheduled__2025-10-29T00:00:00+00:00'
[2025-10-30T20:36:31.085+0000] {taskinstance.py:740} INFO - ::endgroup::
[2025-10-30T20:36:31.111+0000] {baseoperator.py:423} WARNING - ExternalTaskSensor.execute cannot be called outside TaskInstance!
[2025-10-30T20:36:31.114+0000] {external_task.py:258} INFO - Poking for tasks ['generate_raw'] in dag raw_ingestion on 2025-10-29T00:00:00+00:00 ... 
[2025-10-30T20:36:31.118+0000] {logging_mixin.py:190} WARNING - /home/airflow/.local/lib/python3.11/site-packages/airflow/utils/session.py:97 DeprecationWarning: This method is deprecated and will be removed in future.
[2025-10-30T20:37:31.157+0000] {external_task.py:258} INFO - Poking for tasks ['generate_raw'] in dag raw_ingestion on 2025-10-29T00:00:00+00:00 ... 
[2025-10-30T20:38:31.262+0000] {external_task.py:258} INFO - Poking for tasks ['generate_raw'] in dag raw_ingestion on 2025-10-29T00:00:00+00:00 ... 
[2025-10-30T20:39:31.321+0000] {external_task.py:258} INFO - Poking for tasks ['generate_raw'] in dag raw_ingestion on 2025-10-29T00:00:00+00:00 ... 
[2025-10-30T20:40:31.344+0000] {external_task.py:258} INFO - Poking for tasks ['generate_raw'] in dag raw_ingestion on 2025-10-29T00:00:00+00:00 ... 
[2025-10-30T20:41:31.369+0000] {external_task.py:258} INFO - Poking for tasks ['generate_raw'] in dag raw_ingestion on 2025-10-29T00:00:00+00:00 ... 
[2025-10-30T20:42:31.396+0000] {external_task.py:258} INFO - Poking for tasks ['generate_raw'] in dag raw_ingestion on 2025-10-29T00:00:00+00:00 ... 
[2025-10-30T20:43:31.436+0000] {external_task.py:258} INFO - Poking for tasks ['generate_raw'] in dag raw_ingestion on 2025-10-29T00:00:00+00:00 ... 
[2025-10-30T20:44:31.477+0000] {external_task.py:258} INFO - Poking for tasks ['generate_raw'] in dag raw_ingestion on 2025-10-29T00:00:00+00:00 ... 
[2025-10-30T20:45:31.505+0000] {external_task.py:258} INFO - Poking for tasks ['generate_raw'] in dag raw_ingestion on 2025-10-29T00:00:00+00:00 ... 
[2025-10-30T20:45:57.813+0000] {local_task_job_runner.py:127} ERROR - Received SIGTERM. Terminating subprocesses
[2025-10-30T20:45:57.947+0000] {process_utils.py:132} INFO - Sending 15 to group 187. PIDs of all processes in the group: [187]
[2025-10-30T20:45:57.963+0000] {process_utils.py:87} INFO - Sending the signal 15 to group 187
[2025-10-30T20:45:58.015+0000] {taskinstance.py:3117} ERROR - Received SIGTERM. Terminating subprocesses.
[2025-10-30T20:45:58.417+0000] {taskinstance.py:3118} ERROR - Stacktrace: 
  File "/home/airflow/.local/bin/airflow", line 7, in <module>
    sys.exit(main())
  File "/home/airflow/.local/lib/python3.11/site-packages/airflow/__main__.py", line 62, in main
    args.func(args)
  File "/home/airflow/.local/lib/python3.11/site-packages/airflow/cli/cli_config.py", line 49, in command
    return func(*args, **kwargs)
  File "/home/airflow/.local/lib/python3.11/site-packages/airflow/utils/cli.py", line 116, in wrapper
    return f(*args, **kwargs)
  File "/home/airflow/.local/lib/python3.11/site-packages/airflow/utils/providers_configuration_loader.py", line 55, in wrapped_function
    return func(*args, **kwargs)
  File "/home/airflow/.local/lib/python3.11/site-packages/airflow/cli/commands/scheduler_command.py", line 56, in scheduler
    run_command_with_daemon_option(
  File "/home/airflow/.local/lib/python3.11/site-packages/airflow/cli/commands/daemon_utils.py", line 86, in run_command_with_daemon_option
    callback()
  File "/home/airflow/.local/lib/python3.11/site-packages/airflow/cli/commands/scheduler_command.py", line 59, in <lambda>
    callback=lambda: _run_scheduler_job(args),
  File "/home/airflow/.local/lib/python3.11/site-packages/airflow/cli/commands/scheduler_command.py", line 47, in _run_scheduler_job
    run_job(job=job_runner.job, execute_callable=job_runner._execute)
  File "/home/airflow/.local/lib/python3.11/site-packages/airflow/utils/session.py", line 97, in wrapper
    return func(*args, session=session, **kwargs)
  File "/home/airflow/.local/lib/python3.11/site-packages/airflow/jobs/job.py", line 421, in run_job
    return execute_job(job, execute_callable=execute_callable)
  File "/home/airflow/.local/lib/python3.11/site-packages/airflow/jobs/job.py", line 450, in execute_job
    ret = execute_callable()
  File "/home/airflow/.local/lib/python3.11/site-packages/airflow/jobs/scheduler_job_runner.py", line 990, in _execute
    executor.start()
  File "/home/airflow/.local/lib/python3.11/site-packages/airflow/executors/local_executor.py", line 392, in start
    self.impl.start()
  File "/home/airflow/.local/lib/python3.11/site-packages/airflow/executors/local_executor.py", line 330, in start
    worker.start()
  File "/usr/local/lib/python3.11/multiprocessing/process.py", line 121, in start
    self._popen = self._Popen(self)
  File "/usr/local/lib/python3.11/multiprocessing/context.py", line 224, in _Popen
    return _default_context.get_context().Process._Popen(process_obj)
  File "/usr/local/lib/python3.11/multiprocessing/context.py", line 281, in _Popen
    return Popen(process_obj)
  File "/usr/local/lib/python3.11/multiprocessing/popen_fork.py", line 19, in __init__
    self._launch(process_obj)
  File "/usr/local/lib/python3.11/multiprocessing/popen_fork.py", line 71, in _launch
    code = process_obj._bootstrap(parent_sentinel=child_r)
  File "/usr/local/lib/python3.11/multiprocessing/process.py", line 314, in _bootstrap
    self.run()
  File "/home/airflow/.local/lib/python3.11/site-packages/airflow/executors/local_executor.py", line 80, in run
    return super().run()
  File "/usr/local/lib/python3.11/multiprocessing/process.py", line 108, in run
    self._target(*self._args, **self._kwargs)
  File "/home/airflow/.local/lib/python3.11/site-packages/airflow/traces/tracer.py", line 58, in wrapper
    return func(*args, **kwargs)
  File "/home/airflow/.local/lib/python3.11/site-packages/airflow/executors/local_executor.py", line 211, in do_work
    self.execute_work(key=key, command=command)
  File "/home/airflow/.local/lib/python3.11/site-packages/airflow/traces/tracer.py", line 58, in wrapper
    return func(*args, **kwargs)
  File "/home/airflow/.local/lib/python3.11/site-packages/airflow/executors/local_executor.py", line 100, in execute_work
    state = self._execute_work_in_fork(command)
  File "/home/airflow/.local/lib/python3.11/site-packages/airflow/traces/tracer.py", line 58, in wrapper
    return func(*args, **kwargs)
  File "/home/airflow/.local/lib/python3.11/site-packages/airflow/executors/local_executor.py", line 142, in _execute_work_in_fork
    args.func(args)
  File "/home/airflow/.local/lib/python3.11/site-packages/airflow/cli/cli_config.py", line 49, in command
    return func(*args, **kwargs)
  File "/home/airflow/.local/lib/python3.11/site-packages/airflow/utils/cli.py", line 116, in wrapper
    return f(*args, **kwargs)
  File "/home/airflow/.local/lib/python3.11/site-packages/airflow/cli/commands/task_command.py", line 483, in task_run
    task_return_code = _run_task_by_selected_method(args, _dag, ti)
  File "/home/airflow/.local/lib/python3.11/site-packages/airflow/cli/commands/task_command.py", line 254, in _run_task_by_selected_method
    return _run_task_by_local_task_job(args, ti)
  File "/home/airflow/.local/lib/python3.11/site-packages/airflow/cli/commands/task_command.py", line 322, in _run_task_by_local_task_job
    ret = run_job(job=job_runner.job, execute_callable=job_runner._execute)
  File "/home/airflow/.local/lib/python3.11/site-packages/airflow/utils/session.py", line 97, in wrapper
    return func(*args, session=session, **kwargs)
  File "/home/airflow/.local/lib/python3.11/site-packages/airflow/jobs/job.py", line 421, in run_job
    return execute_job(job, execute_callable=execute_callable)
  File "/home/airflow/.local/lib/python3.11/site-packages/airflow/jobs/job.py", line 450, in execute_job
    ret = execute_callable()
  File "/home/airflow/.local/lib/python3.11/site-packages/airflow/jobs/local_task_job_runner.py", line 171, in _execute
    self.task_runner.start()
  File "/home/airflow/.local/lib/python3.11/site-packages/airflow/task/task_runner/standard_task_runner.py", line 55, in start
    self.process = self._start_by_fork()
  File "/home/airflow/.local/lib/python3.11/site-packages/airflow/task/task_runner/standard_task_runner.py", line 117, in _start_by_fork
    ret = args.func(args, dag=self.dag)
  File "/home/airflow/.local/lib/python3.11/site-packages/airflow/cli/cli_config.py", line 49, in command
    return func(*args, **kwargs)
  File "/home/airflow/.local/lib/python3.11/site-packages/airflow/utils/cli.py", line 116, in wrapper
    return f(*args, **kwargs)
  File "/home/airflow/.local/lib/python3.11/site-packages/airflow/cli/commands/task_command.py", line 483, in task_run
    task_return_code = _run_task_by_selected_method(args, _dag, ti)
  File "/home/airflow/.local/lib/python3.11/site-packages/airflow/cli/commands/task_command.py", line 256, in _run_task_by_selected_method
    return _run_raw_task(args, ti)
  File "/home/airflow/.local/lib/python3.11/site-packages/airflow/cli/commands/task_command.py", line 341, in _run_raw_task
    return ti._run_raw_task(
  File "/home/airflow/.local/lib/python3.11/site-packages/airflow/utils/session.py", line 97, in wrapper
    return func(*args, session=session, **kwargs)
  File "/home/airflow/.local/lib/python3.11/site-packages/airflow/models/taskinstance.py", line 3029, in _run_raw_task
    return _run_raw_task(
  File "/home/airflow/.local/lib/python3.11/site-packages/airflow/models/taskinstance.py", line 282, in _run_raw_task
    TaskInstance._execute_task_with_callbacks(
  File "/home/airflow/.local/lib/python3.11/site-packages/airflow/models/taskinstance.py", line 3184, in _execute_task_with_callbacks
    result = self._execute_task(context, task_orig)
  File "/home/airflow/.local/lib/python3.11/site-packages/airflow/models/taskinstance.py", line 3208, in _execute_task
    return _execute_task(self, context, task_orig)
  File "/home/airflow/.local/lib/python3.11/site-packages/airflow/models/taskinstance.py", line 776, in _execute_task
    result = _execute_callable(context=context, **execute_callable_kwargs)
  File "/home/airflow/.local/lib/python3.11/site-packages/airflow/models/taskinstance.py", line 742, in _execute_callable
    return ExecutionCallableRunner(
  File "/home/airflow/.local/lib/python3.11/site-packages/airflow/utils/operator_helpers.py", line 252, in run
    return self.func(*args, **kwargs)
  File "/home/airflow/.local/lib/python3.11/site-packages/airflow/models/baseoperator.py", line 424, in wrapper
    return func(self, *args, **kwargs)
  File "/home/airflow/.local/lib/python3.11/site-packages/airflow/sensors/external_task.py", line 348, in execute
    super().execute(context)
  File "/home/airflow/.local/lib/python3.11/site-packages/airflow/models/baseoperator.py", line 424, in wrapper
    return func(self, *args, **kwargs)
  File "/home/airflow/.local/lib/python3.11/site-packages/airflow/sensors/base.py", line 337, in execute
    time.sleep(self._get_next_poke_interval(started_at, run_duration, poke_count))
  File "/home/airflow/.local/lib/python3.11/site-packages/airflow/models/taskinstance.py", line 3118, in signal_handler
    self.log.error("Stacktrace: \n%s", "".join(traceback.format_stack()))

[2025-10-30T20:46:03.967+0000] {taskinstance.py:3336} ERROR - Task failed with exception
Traceback (most recent call last):
  File "/home/airflow/.local/lib/python3.11/site-packages/airflow/models/taskinstance.py", line 776, in _execute_task
    result = _execute_callable(context=context, **execute_callable_kwargs)
             ^^^^^^^^^^^^^^^^^^^^^^^^^^^^^^^^^^^^^^^^^^^^^^^^^^^^^^^^^^^^^
  File "/home/airflow/.local/lib/python3.11/site-packages/airflow/models/taskinstance.py", line 742, in _execute_callable
    return ExecutionCallableRunner(
           ^^^^^^^^^^^^^^^^^^^^^^^^
  File "/home/airflow/.local/lib/python3.11/site-packages/airflow/utils/operator_helpers.py", line 252, in run
    return self.func(*args, **kwargs)
           ^^^^^^^^^^^^^^^^^^^^^^^^^^
  File "/home/airflow/.local/lib/python3.11/site-packages/airflow/models/baseoperator.py", line 424, in wrapper
    return func(self, *args, **kwargs)
           ^^^^^^^^^^^^^^^^^^^^^^^^^^^
  File "/home/airflow/.local/lib/python3.11/site-packages/airflow/sensors/external_task.py", line 348, in execute
    super().execute(context)
  File "/home/airflow/.local/lib/python3.11/site-packages/airflow/models/baseoperator.py", line 424, in wrapper
    return func(self, *args, **kwargs)
           ^^^^^^^^^^^^^^^^^^^^^^^^^^^
  File "/home/airflow/.local/lib/python3.11/site-packages/airflow/sensors/base.py", line 337, in execute
    time.sleep(self._get_next_poke_interval(started_at, run_duration, poke_count))
  File "/home/airflow/.local/lib/python3.11/site-packages/airflow/models/taskinstance.py", line 3120, in signal_handler
    raise AirflowTaskTerminated("Task received SIGTERM signal")
airflow.exceptions.AirflowTaskTerminated: Task received SIGTERM signal
[2025-10-30T20:46:04.055+0000] {taskinstance.py:1242} INFO - Marking task as FAILED. dag_id=bronze_processing, task_id=wait_for_raw_ingestion, run_id=scheduled__2025-10-29T00:00:00+00:00, execution_date=20251029T000000, start_date=20251030T203630, end_date=20251030T204604
[2025-10-30T20:46:04.306+0000] {taskinstance.py:349} INFO - ::group::Post task execution logs
[2025-10-30T20:46:04.379+0000] {process_utils.py:80} INFO - Process psutil.Process(pid=187, status='terminated', exitcode=2, started='20:36:29') (187) terminated with exit code 2
[2025-10-30T20:46:04.406+0000] {local_task_job_runner.py:266} INFO - Task exited with return code 143
[2025-10-30T20:46:04.775+0000] {taskinstance.py:3924} INFO - 0 downstream tasks scheduled from follow-on schedule check
[2025-10-30T20:46:04.858+0000] {local_task_job_runner.py:245} INFO - ::endgroup::
[2025-10-30T21:06:21.392+0000] {local_task_job_runner.py:123} INFO - ::group::Pre task execution logs
[2025-10-30T21:06:21.557+0000] {taskinstance.py:2631} INFO - Dependencies all met for dep_context=non-requeueable deps ti=<TaskInstance: bronze_processing.wait_for_raw_ingestion scheduled__2025-10-29T00:00:00+00:00 [queued]>
[2025-10-30T21:06:21.582+0000] {taskinstance.py:2631} INFO - Dependencies all met for dep_context=requeueable deps ti=<TaskInstance: bronze_processing.wait_for_raw_ingestion scheduled__2025-10-29T00:00:00+00:00 [queued]>
[2025-10-30T21:06:21.585+0000] {taskinstance.py:2884} INFO - Starting attempt 2 of 2
[2025-10-30T21:06:21.641+0000] {taskinstance.py:2907} INFO - Executing <Task(ExternalTaskSensor): wait_for_raw_ingestion> on 2025-10-29 00:00:00+00:00
[2025-10-30T21:06:21.686+0000] {standard_task_runner.py:72} INFO - Started process 184 to run task
[2025-10-30T21:06:21.754+0000] {standard_task_runner.py:104} INFO - Running: ['airflow', 'tasks', 'run', 'bronze_processing', 'wait_for_raw_ingestion', 'scheduled__2025-10-29T00:00:00+00:00', '--job-id', '25', '--raw', '--subdir', 'DAGS_FOLDER/bronze_processing_dag.py', '--cfg-path', '/tmp/tmpc5minyqf']
[2025-10-30T21:06:21.807+0000] {standard_task_runner.py:105} INFO - Job 25: Subtask wait_for_raw_ingestion
[2025-10-30T21:06:22.313+0000] {task_command.py:467} INFO - Running <TaskInstance: bronze_processing.wait_for_raw_ingestion scheduled__2025-10-29T00:00:00+00:00 [running]> on host 6b91c6a0e539
[2025-10-30T21:06:22.535+0000] {taskinstance.py:3157} INFO - Exporting env vars: AIRFLOW_CTX_DAG_OWNER='daxlog' AIRFLOW_CTX_DAG_ID='bronze_processing' AIRFLOW_CTX_TASK_ID='wait_for_raw_ingestion' AIRFLOW_CTX_EXECUTION_DATE='2025-10-29T00:00:00+00:00' AIRFLOW_CTX_TRY_NUMBER='2' AIRFLOW_CTX_DAG_RUN_ID='scheduled__2025-10-29T00:00:00+00:00'
[2025-10-30T21:06:22.545+0000] {taskinstance.py:740} INFO - ::endgroup::
[2025-10-30T21:06:22.774+0000] {baseoperator.py:423} WARNING - ExternalTaskSensor.execute cannot be called outside TaskInstance!
[2025-10-30T21:06:22.785+0000] {external_task.py:258} INFO - Poking for tasks ['generate_raw'] in dag raw_ingestion on 2025-10-29T00:00:00+00:00 ... 
[2025-10-30T21:06:22.795+0000] {logging_mixin.py:190} WARNING - /home/airflow/.local/lib/python3.11/site-packages/airflow/utils/session.py:97 DeprecationWarning: This method is deprecated and will be removed in future.
[2025-10-30T21:07:22.840+0000] {external_task.py:258} INFO - Poking for tasks ['generate_raw'] in dag raw_ingestion on 2025-10-29T00:00:00+00:00 ... 
[2025-10-30T21:08:22.900+0000] {external_task.py:258} INFO - Poking for tasks ['generate_raw'] in dag raw_ingestion on 2025-10-29T00:00:00+00:00 ... 
[2025-10-30T21:09:22.957+0000] {external_task.py:258} INFO - Poking for tasks ['generate_raw'] in dag raw_ingestion on 2025-10-29T00:00:00+00:00 ... 
[2025-10-30T21:10:22.976+0000] {external_task.py:258} INFO - Poking for tasks ['generate_raw'] in dag raw_ingestion on 2025-10-29T00:00:00+00:00 ... 
[2025-10-30T21:10:43.161+0000] {local_task_job_runner.py:127} ERROR - Received SIGTERM. Terminating subprocesses
[2025-10-30T21:10:43.754+0000] {process_utils.py:132} INFO - Sending 15 to group 184. PIDs of all processes in the group: [184]
[2025-10-30T21:10:43.795+0000] {process_utils.py:87} INFO - Sending the signal 15 to group 184
[2025-10-30T21:10:43.832+0000] {taskinstance.py:3117} ERROR - Received SIGTERM. Terminating subprocesses.
[2025-10-30T21:10:44.019+0000] {taskinstance.py:3118} ERROR - Stacktrace: 
  File "/home/airflow/.local/bin/airflow", line 7, in <module>
    sys.exit(main())
  File "/home/airflow/.local/lib/python3.11/site-packages/airflow/__main__.py", line 62, in main
    args.func(args)
  File "/home/airflow/.local/lib/python3.11/site-packages/airflow/cli/cli_config.py", line 49, in command
    return func(*args, **kwargs)
  File "/home/airflow/.local/lib/python3.11/site-packages/airflow/utils/cli.py", line 116, in wrapper
    return f(*args, **kwargs)
  File "/home/airflow/.local/lib/python3.11/site-packages/airflow/utils/providers_configuration_loader.py", line 55, in wrapped_function
    return func(*args, **kwargs)
  File "/home/airflow/.local/lib/python3.11/site-packages/airflow/cli/commands/scheduler_command.py", line 56, in scheduler
    run_command_with_daemon_option(
  File "/home/airflow/.local/lib/python3.11/site-packages/airflow/cli/commands/daemon_utils.py", line 86, in run_command_with_daemon_option
    callback()
  File "/home/airflow/.local/lib/python3.11/site-packages/airflow/cli/commands/scheduler_command.py", line 59, in <lambda>
    callback=lambda: _run_scheduler_job(args),
  File "/home/airflow/.local/lib/python3.11/site-packages/airflow/cli/commands/scheduler_command.py", line 47, in _run_scheduler_job
    run_job(job=job_runner.job, execute_callable=job_runner._execute)
  File "/home/airflow/.local/lib/python3.11/site-packages/airflow/utils/session.py", line 97, in wrapper
    return func(*args, session=session, **kwargs)
  File "/home/airflow/.local/lib/python3.11/site-packages/airflow/jobs/job.py", line 421, in run_job
    return execute_job(job, execute_callable=execute_callable)
  File "/home/airflow/.local/lib/python3.11/site-packages/airflow/jobs/job.py", line 450, in execute_job
    ret = execute_callable()
  File "/home/airflow/.local/lib/python3.11/site-packages/airflow/jobs/scheduler_job_runner.py", line 990, in _execute
    executor.start()
  File "/home/airflow/.local/lib/python3.11/site-packages/airflow/executors/local_executor.py", line 392, in start
    self.impl.start()
  File "/home/airflow/.local/lib/python3.11/site-packages/airflow/executors/local_executor.py", line 330, in start
    worker.start()
  File "/usr/local/lib/python3.11/multiprocessing/process.py", line 121, in start
    self._popen = self._Popen(self)
  File "/usr/local/lib/python3.11/multiprocessing/context.py", line 224, in _Popen
    return _default_context.get_context().Process._Popen(process_obj)
  File "/usr/local/lib/python3.11/multiprocessing/context.py", line 281, in _Popen
    return Popen(process_obj)
  File "/usr/local/lib/python3.11/multiprocessing/popen_fork.py", line 19, in __init__
    self._launch(process_obj)
  File "/usr/local/lib/python3.11/multiprocessing/popen_fork.py", line 71, in _launch
    code = process_obj._bootstrap(parent_sentinel=child_r)
  File "/usr/local/lib/python3.11/multiprocessing/process.py", line 314, in _bootstrap
    self.run()
  File "/home/airflow/.local/lib/python3.11/site-packages/airflow/executors/local_executor.py", line 80, in run
    return super().run()
  File "/usr/local/lib/python3.11/multiprocessing/process.py", line 108, in run
    self._target(*self._args, **self._kwargs)
  File "/home/airflow/.local/lib/python3.11/site-packages/airflow/traces/tracer.py", line 58, in wrapper
    return func(*args, **kwargs)
  File "/home/airflow/.local/lib/python3.11/site-packages/airflow/executors/local_executor.py", line 211, in do_work
    self.execute_work(key=key, command=command)
  File "/home/airflow/.local/lib/python3.11/site-packages/airflow/traces/tracer.py", line 58, in wrapper
    return func(*args, **kwargs)
  File "/home/airflow/.local/lib/python3.11/site-packages/airflow/executors/local_executor.py", line 100, in execute_work
    state = self._execute_work_in_fork(command)
  File "/home/airflow/.local/lib/python3.11/site-packages/airflow/traces/tracer.py", line 58, in wrapper
    return func(*args, **kwargs)
  File "/home/airflow/.local/lib/python3.11/site-packages/airflow/executors/local_executor.py", line 142, in _execute_work_in_fork
    args.func(args)
  File "/home/airflow/.local/lib/python3.11/site-packages/airflow/cli/cli_config.py", line 49, in command
    return func(*args, **kwargs)
  File "/home/airflow/.local/lib/python3.11/site-packages/airflow/utils/cli.py", line 116, in wrapper
    return f(*args, **kwargs)
  File "/home/airflow/.local/lib/python3.11/site-packages/airflow/cli/commands/task_command.py", line 483, in task_run
    task_return_code = _run_task_by_selected_method(args, _dag, ti)
  File "/home/airflow/.local/lib/python3.11/site-packages/airflow/cli/commands/task_command.py", line 254, in _run_task_by_selected_method
    return _run_task_by_local_task_job(args, ti)
  File "/home/airflow/.local/lib/python3.11/site-packages/airflow/cli/commands/task_command.py", line 322, in _run_task_by_local_task_job
    ret = run_job(job=job_runner.job, execute_callable=job_runner._execute)
  File "/home/airflow/.local/lib/python3.11/site-packages/airflow/utils/session.py", line 97, in wrapper
    return func(*args, session=session, **kwargs)
  File "/home/airflow/.local/lib/python3.11/site-packages/airflow/jobs/job.py", line 421, in run_job
    return execute_job(job, execute_callable=execute_callable)
  File "/home/airflow/.local/lib/python3.11/site-packages/airflow/jobs/job.py", line 450, in execute_job
    ret = execute_callable()
  File "/home/airflow/.local/lib/python3.11/site-packages/airflow/jobs/local_task_job_runner.py", line 171, in _execute
    self.task_runner.start()
  File "/home/airflow/.local/lib/python3.11/site-packages/airflow/task/task_runner/standard_task_runner.py", line 55, in start
    self.process = self._start_by_fork()
  File "/home/airflow/.local/lib/python3.11/site-packages/airflow/task/task_runner/standard_task_runner.py", line 117, in _start_by_fork
    ret = args.func(args, dag=self.dag)
  File "/home/airflow/.local/lib/python3.11/site-packages/airflow/cli/cli_config.py", line 49, in command
    return func(*args, **kwargs)
  File "/home/airflow/.local/lib/python3.11/site-packages/airflow/utils/cli.py", line 116, in wrapper
    return f(*args, **kwargs)
  File "/home/airflow/.local/lib/python3.11/site-packages/airflow/cli/commands/task_command.py", line 483, in task_run
    task_return_code = _run_task_by_selected_method(args, _dag, ti)
  File "/home/airflow/.local/lib/python3.11/site-packages/airflow/cli/commands/task_command.py", line 256, in _run_task_by_selected_method
    return _run_raw_task(args, ti)
  File "/home/airflow/.local/lib/python3.11/site-packages/airflow/cli/commands/task_command.py", line 341, in _run_raw_task
    return ti._run_raw_task(
  File "/home/airflow/.local/lib/python3.11/site-packages/airflow/utils/session.py", line 97, in wrapper
    return func(*args, session=session, **kwargs)
  File "/home/airflow/.local/lib/python3.11/site-packages/airflow/models/taskinstance.py", line 3029, in _run_raw_task
    return _run_raw_task(
  File "/home/airflow/.local/lib/python3.11/site-packages/airflow/models/taskinstance.py", line 282, in _run_raw_task
    TaskInstance._execute_task_with_callbacks(
  File "/home/airflow/.local/lib/python3.11/site-packages/airflow/models/taskinstance.py", line 3184, in _execute_task_with_callbacks
    result = self._execute_task(context, task_orig)
  File "/home/airflow/.local/lib/python3.11/site-packages/airflow/models/taskinstance.py", line 3208, in _execute_task
    return _execute_task(self, context, task_orig)
  File "/home/airflow/.local/lib/python3.11/site-packages/airflow/models/taskinstance.py", line 776, in _execute_task
    result = _execute_callable(context=context, **execute_callable_kwargs)
  File "/home/airflow/.local/lib/python3.11/site-packages/airflow/models/taskinstance.py", line 742, in _execute_callable
    return ExecutionCallableRunner(
  File "/home/airflow/.local/lib/python3.11/site-packages/airflow/utils/operator_helpers.py", line 252, in run
    return self.func(*args, **kwargs)
  File "/home/airflow/.local/lib/python3.11/site-packages/airflow/models/baseoperator.py", line 424, in wrapper
    return func(self, *args, **kwargs)
  File "/home/airflow/.local/lib/python3.11/site-packages/airflow/sensors/external_task.py", line 348, in execute
    super().execute(context)
  File "/home/airflow/.local/lib/python3.11/site-packages/airflow/models/baseoperator.py", line 424, in wrapper
    return func(self, *args, **kwargs)
  File "/home/airflow/.local/lib/python3.11/site-packages/airflow/sensors/base.py", line 337, in execute
    time.sleep(self._get_next_poke_interval(started_at, run_duration, poke_count))
  File "/home/airflow/.local/lib/python3.11/site-packages/airflow/models/taskinstance.py", line 3118, in signal_handler
    self.log.error("Stacktrace: \n%s", "".join(traceback.format_stack()))

[2025-10-30T21:10:49.224+0000] {taskinstance.py:3336} ERROR - Task failed with exception
Traceback (most recent call last):
  File "/home/airflow/.local/lib/python3.11/site-packages/airflow/models/taskinstance.py", line 776, in _execute_task
    result = _execute_callable(context=context, **execute_callable_kwargs)
             ^^^^^^^^^^^^^^^^^^^^^^^^^^^^^^^^^^^^^^^^^^^^^^^^^^^^^^^^^^^^^
  File "/home/airflow/.local/lib/python3.11/site-packages/airflow/models/taskinstance.py", line 742, in _execute_callable
    return ExecutionCallableRunner(
           ^^^^^^^^^^^^^^^^^^^^^^^^
  File "/home/airflow/.local/lib/python3.11/site-packages/airflow/utils/operator_helpers.py", line 252, in run
    return self.func(*args, **kwargs)
           ^^^^^^^^^^^^^^^^^^^^^^^^^^
  File "/home/airflow/.local/lib/python3.11/site-packages/airflow/models/baseoperator.py", line 424, in wrapper
    return func(self, *args, **kwargs)
           ^^^^^^^^^^^^^^^^^^^^^^^^^^^
  File "/home/airflow/.local/lib/python3.11/site-packages/airflow/sensors/external_task.py", line 348, in execute
    super().execute(context)
  File "/home/airflow/.local/lib/python3.11/site-packages/airflow/models/baseoperator.py", line 424, in wrapper
    return func(self, *args, **kwargs)
           ^^^^^^^^^^^^^^^^^^^^^^^^^^^
  File "/home/airflow/.local/lib/python3.11/site-packages/airflow/sensors/base.py", line 337, in execute
    time.sleep(self._get_next_poke_interval(started_at, run_duration, poke_count))
  File "/home/airflow/.local/lib/python3.11/site-packages/airflow/models/taskinstance.py", line 3120, in signal_handler
    raise AirflowTaskTerminated("Task received SIGTERM signal")
airflow.exceptions.AirflowTaskTerminated: Task received SIGTERM signal
[2025-10-30T21:10:49.314+0000] {taskinstance.py:1242} INFO - Marking task as FAILED. dag_id=bronze_processing, task_id=wait_for_raw_ingestion, run_id=scheduled__2025-10-29T00:00:00+00:00, execution_date=20251029T000000, start_date=20251030T210621, end_date=20251030T211049
[2025-10-30T21:10:49.367+0000] {local_task_job_runner.py:127} ERROR - Received SIGTERM. Terminating subprocesses
[2025-10-31T10:59:56.678+0000] {local_task_job_runner.py:123} INFO - ::group::Pre task execution logs
[2025-10-31T10:59:56.787+0000] {taskinstance.py:2631} INFO - Dependencies all met for dep_context=non-requeueable deps ti=<TaskInstance: bronze_processing.wait_for_raw_ingestion scheduled__2025-10-29T00:00:00+00:00 [queued]>
[2025-10-31T10:59:56.837+0000] {taskinstance.py:2631} INFO - Dependencies all met for dep_context=requeueable deps ti=<TaskInstance: bronze_processing.wait_for_raw_ingestion scheduled__2025-10-29T00:00:00+00:00 [queued]>
[2025-10-31T10:59:56.858+0000] {taskinstance.py:2884} INFO - Starting attempt 2 of 2
[2025-10-31T10:59:56.916+0000] {taskinstance.py:2907} INFO - Executing <Task(ExternalTaskSensor): wait_for_raw_ingestion> on 2025-10-29 00:00:00+00:00
[2025-10-31T10:59:56.936+0000] {standard_task_runner.py:72} INFO - Started process 192 to run task
[2025-10-31T10:59:57.012+0000] {standard_task_runner.py:104} INFO - Running: ['airflow', 'tasks', 'run', 'bronze_processing', 'wait_for_raw_ingestion', 'scheduled__2025-10-29T00:00:00+00:00', '--job-id', '40', '--raw', '--subdir', 'DAGS_FOLDER/bronze_processing_dag.py', '--cfg-path', '/tmp/tmp9r7olo1r']
[2025-10-31T10:59:57.043+0000] {standard_task_runner.py:105} INFO - Job 40: Subtask wait_for_raw_ingestion
[2025-10-31T10:59:57.562+0000] {task_command.py:467} INFO - Running <TaskInstance: bronze_processing.wait_for_raw_ingestion scheduled__2025-10-29T00:00:00+00:00 [running]> on host 743330a29803
[2025-10-31T10:59:58.297+0000] {taskinstance.py:3157} INFO - Exporting env vars: AIRFLOW_CTX_DAG_OWNER='daxlog' AIRFLOW_CTX_DAG_ID='bronze_processing' AIRFLOW_CTX_TASK_ID='wait_for_raw_ingestion' AIRFLOW_CTX_EXECUTION_DATE='2025-10-29T00:00:00+00:00' AIRFLOW_CTX_TRY_NUMBER='2' AIRFLOW_CTX_DAG_RUN_ID='scheduled__2025-10-29T00:00:00+00:00'
[2025-10-31T10:59:58.305+0000] {taskinstance.py:740} INFO - ::endgroup::
[2025-10-31T10:59:58.388+0000] {baseoperator.py:423} WARNING - ExternalTaskSensor.execute cannot be called outside TaskInstance!
[2025-10-31T10:59:58.393+0000] {external_task.py:258} INFO - Poking for tasks ['generate_raw'] in dag raw_ingestion on 2025-10-29T00:00:00+00:00 ... 
[2025-10-31T10:59:58.426+0000] {logging_mixin.py:190} WARNING - /home/airflow/.local/lib/python3.11/site-packages/airflow/utils/session.py:97 DeprecationWarning: This method is deprecated and will be removed in future.
[2025-10-31T11:00:58.463+0000] {external_task.py:258} INFO - Poking for tasks ['generate_raw'] in dag raw_ingestion on 2025-10-29T00:00:00+00:00 ... 
[2025-10-31T11:01:58.488+0000] {external_task.py:258} INFO - Poking for tasks ['generate_raw'] in dag raw_ingestion on 2025-10-29T00:00:00+00:00 ... 
[2025-10-31T11:02:58.590+0000] {external_task.py:258} INFO - Poking for tasks ['generate_raw'] in dag raw_ingestion on 2025-10-29T00:00:00+00:00 ... 
[2025-10-31T11:03:58.625+0000] {external_task.py:258} INFO - Poking for tasks ['generate_raw'] in dag raw_ingestion on 2025-10-29T00:00:00+00:00 ... 
[2025-10-31T11:04:58.660+0000] {external_task.py:258} INFO - Poking for tasks ['generate_raw'] in dag raw_ingestion on 2025-10-29T00:00:00+00:00 ... 
[2025-10-31T11:05:58.686+0000] {external_task.py:258} INFO - Poking for tasks ['generate_raw'] in dag raw_ingestion on 2025-10-29T00:00:00+00:00 ... 
[2025-10-31T11:06:58.721+0000] {external_task.py:258} INFO - Poking for tasks ['generate_raw'] in dag raw_ingestion on 2025-10-29T00:00:00+00:00 ... 
[2025-10-31T11:07:58.768+0000] {external_task.py:258} INFO - Poking for tasks ['generate_raw'] in dag raw_ingestion on 2025-10-29T00:00:00+00:00 ... 
[2025-10-31T11:08:58.799+0000] {external_task.py:258} INFO - Poking for tasks ['generate_raw'] in dag raw_ingestion on 2025-10-29T00:00:00+00:00 ... 
[2025-10-31T11:09:58.820+0000] {external_task.py:258} INFO - Poking for tasks ['generate_raw'] in dag raw_ingestion on 2025-10-29T00:00:00+00:00 ... 
[2025-10-31T11:10:58.854+0000] {external_task.py:258} INFO - Poking for tasks ['generate_raw'] in dag raw_ingestion on 2025-10-29T00:00:00+00:00 ... 
[2025-10-31T11:11:58.869+0000] {external_task.py:258} INFO - Poking for tasks ['generate_raw'] in dag raw_ingestion on 2025-10-29T00:00:00+00:00 ... 
[2025-10-31T11:12:58.893+0000] {external_task.py:258} INFO - Poking for tasks ['generate_raw'] in dag raw_ingestion on 2025-10-29T00:00:00+00:00 ... 
[2025-10-31T11:13:58.910+0000] {external_task.py:258} INFO - Poking for tasks ['generate_raw'] in dag raw_ingestion on 2025-10-29T00:00:00+00:00 ... 
[2025-10-31T11:14:58.950+0000] {external_task.py:258} INFO - Poking for tasks ['generate_raw'] in dag raw_ingestion on 2025-10-29T00:00:00+00:00 ... 
[2025-10-31T11:15:58.976+0000] {external_task.py:258} INFO - Poking for tasks ['generate_raw'] in dag raw_ingestion on 2025-10-29T00:00:00+00:00 ... 
[2025-10-31T11:16:58.994+0000] {external_task.py:258} INFO - Poking for tasks ['generate_raw'] in dag raw_ingestion on 2025-10-29T00:00:00+00:00 ... 
[2025-10-31T11:17:59.024+0000] {external_task.py:258} INFO - Poking for tasks ['generate_raw'] in dag raw_ingestion on 2025-10-29T00:00:00+00:00 ... 
[2025-10-31T11:18:59.081+0000] {external_task.py:258} INFO - Poking for tasks ['generate_raw'] in dag raw_ingestion on 2025-10-29T00:00:00+00:00 ... 
[2025-10-31T11:19:59.096+0000] {external_task.py:258} INFO - Poking for tasks ['generate_raw'] in dag raw_ingestion on 2025-10-29T00:00:00+00:00 ... 
[2025-10-31T11:19:59.152+0000] {taskinstance.py:3336} ERROR - Task failed with exception
Traceback (most recent call last):
  File "/home/airflow/.local/lib/python3.11/site-packages/airflow/models/taskinstance.py", line 776, in _execute_task
    result = _execute_callable(context=context, **execute_callable_kwargs)
             ^^^^^^^^^^^^^^^^^^^^^^^^^^^^^^^^^^^^^^^^^^^^^^^^^^^^^^^^^^^^^
  File "/home/airflow/.local/lib/python3.11/site-packages/airflow/models/taskinstance.py", line 742, in _execute_callable
    return ExecutionCallableRunner(
           ^^^^^^^^^^^^^^^^^^^^^^^^
  File "/home/airflow/.local/lib/python3.11/site-packages/airflow/utils/operator_helpers.py", line 252, in run
    return self.func(*args, **kwargs)
           ^^^^^^^^^^^^^^^^^^^^^^^^^^
  File "/home/airflow/.local/lib/python3.11/site-packages/airflow/models/baseoperator.py", line 424, in wrapper
    return func(self, *args, **kwargs)
           ^^^^^^^^^^^^^^^^^^^^^^^^^^^
  File "/home/airflow/.local/lib/python3.11/site-packages/airflow/sensors/external_task.py", line 348, in execute
    super().execute(context)
  File "/home/airflow/.local/lib/python3.11/site-packages/airflow/models/baseoperator.py", line 424, in wrapper
    return func(self, *args, **kwargs)
           ^^^^^^^^^^^^^^^^^^^^^^^^^^^
  File "/home/airflow/.local/lib/python3.11/site-packages/airflow/sensors/base.py", line 326, in execute
    raise AirflowSensorTimeout(message)
airflow.exceptions.AirflowSensorTimeout: Sensor has timed out; run duration of 1200.891809958 seconds exceeds the specified timeout of 1200.0.
[2025-10-31T11:19:59.290+0000] {taskinstance.py:1242} INFO - Immediate failure requested. Marking task as FAILED. dag_id=bronze_processing, task_id=wait_for_raw_ingestion, run_id=scheduled__2025-10-29T00:00:00+00:00, execution_date=20251029T000000, start_date=20251031T105956, end_date=20251031T111959
[2025-10-31T11:19:59.374+0000] {taskinstance.py:349} INFO - ::group::Post task execution logs
[2025-10-31T11:19:59.381+0000] {standard_task_runner.py:124} ERROR - Failed to execute job 40 for task wait_for_raw_ingestion (Sensor has timed out; run duration of 1200.891809958 seconds exceeds the specified timeout of 1200.0.; 192)
Traceback (most recent call last):
  File "/home/airflow/.local/lib/python3.11/site-packages/airflow/task/task_runner/standard_task_runner.py", line 117, in _start_by_fork
    ret = args.func(args, dag=self.dag)
          ^^^^^^^^^^^^^^^^^^^^^^^^^^^^^
  File "/home/airflow/.local/lib/python3.11/site-packages/airflow/cli/cli_config.py", line 49, in command
    return func(*args, **kwargs)
           ^^^^^^^^^^^^^^^^^^^^^
  File "/home/airflow/.local/lib/python3.11/site-packages/airflow/utils/cli.py", line 116, in wrapper
    return f(*args, **kwargs)
           ^^^^^^^^^^^^^^^^^^
  File "/home/airflow/.local/lib/python3.11/site-packages/airflow/cli/commands/task_command.py", line 483, in task_run
    task_return_code = _run_task_by_selected_method(args, _dag, ti)
                       ^^^^^^^^^^^^^^^^^^^^^^^^^^^^^^^^^^^^^^^^^^^^
  File "/home/airflow/.local/lib/python3.11/site-packages/airflow/cli/commands/task_command.py", line 256, in _run_task_by_selected_method
    return _run_raw_task(args, ti)
           ^^^^^^^^^^^^^^^^^^^^^^^
  File "/home/airflow/.local/lib/python3.11/site-packages/airflow/cli/commands/task_command.py", line 341, in _run_raw_task
    return ti._run_raw_task(
           ^^^^^^^^^^^^^^^^^
  File "/home/airflow/.local/lib/python3.11/site-packages/airflow/utils/session.py", line 97, in wrapper
    return func(*args, session=session, **kwargs)
           ^^^^^^^^^^^^^^^^^^^^^^^^^^^^^^^^^^^^^^
  File "/home/airflow/.local/lib/python3.11/site-packages/airflow/models/taskinstance.py", line 3029, in _run_raw_task
    return _run_raw_task(
           ^^^^^^^^^^^^^^
  File "/home/airflow/.local/lib/python3.11/site-packages/airflow/models/taskinstance.py", line 282, in _run_raw_task
    TaskInstance._execute_task_with_callbacks(
  File "/home/airflow/.local/lib/python3.11/site-packages/airflow/models/taskinstance.py", line 3184, in _execute_task_with_callbacks
    result = self._execute_task(context, task_orig)
             ^^^^^^^^^^^^^^^^^^^^^^^^^^^^^^^^^^^^^^
  File "/home/airflow/.local/lib/python3.11/site-packages/airflow/models/taskinstance.py", line 3208, in _execute_task
    return _execute_task(self, context, task_orig)
           ^^^^^^^^^^^^^^^^^^^^^^^^^^^^^^^^^^^^^^^
  File "/home/airflow/.local/lib/python3.11/site-packages/airflow/models/taskinstance.py", line 776, in _execute_task
    result = _execute_callable(context=context, **execute_callable_kwargs)
             ^^^^^^^^^^^^^^^^^^^^^^^^^^^^^^^^^^^^^^^^^^^^^^^^^^^^^^^^^^^^^
  File "/home/airflow/.local/lib/python3.11/site-packages/airflow/models/taskinstance.py", line 742, in _execute_callable
    return ExecutionCallableRunner(
           ^^^^^^^^^^^^^^^^^^^^^^^^
  File "/home/airflow/.local/lib/python3.11/site-packages/airflow/utils/operator_helpers.py", line 252, in run
    return self.func(*args, **kwargs)
           ^^^^^^^^^^^^^^^^^^^^^^^^^^
  File "/home/airflow/.local/lib/python3.11/site-packages/airflow/models/baseoperator.py", line 424, in wrapper
    return func(self, *args, **kwargs)
           ^^^^^^^^^^^^^^^^^^^^^^^^^^^
  File "/home/airflow/.local/lib/python3.11/site-packages/airflow/sensors/external_task.py", line 348, in execute
    super().execute(context)
  File "/home/airflow/.local/lib/python3.11/site-packages/airflow/models/baseoperator.py", line 424, in wrapper
    return func(self, *args, **kwargs)
           ^^^^^^^^^^^^^^^^^^^^^^^^^^^
  File "/home/airflow/.local/lib/python3.11/site-packages/airflow/sensors/base.py", line 326, in execute
    raise AirflowSensorTimeout(message)
airflow.exceptions.AirflowSensorTimeout: Sensor has timed out; run duration of 1200.891809958 seconds exceeds the specified timeout of 1200.0.
[2025-10-31T11:19:59.446+0000] {local_task_job_runner.py:266} INFO - Task exited with return code 1
[2025-10-31T11:19:59.555+0000] {taskinstance.py:3924} INFO - 0 downstream tasks scheduled from follow-on schedule check
[2025-10-31T11:19:59.577+0000] {local_task_job_runner.py:245} INFO - ::endgroup::
