[2025-11-01T15:13:13.485+0000] {local_task_job_runner.py:123} INFO - ::group::Pre task execution logs
[2025-11-01T15:13:13.520+0000] {taskinstance.py:2631} INFO - Dependencies all met for dep_context=non-requeueable deps ti=<TaskInstance: processamento_medallion.enriquecimento_silver manual__2025-11-01T15:13:06.821406+00:00 [queued]>
[2025-11-01T15:13:13.537+0000] {taskinstance.py:2631} INFO - Dependencies all met for dep_context=requeueable deps ti=<TaskInstance: processamento_medallion.enriquecimento_silver manual__2025-11-01T15:13:06.821406+00:00 [queued]>
[2025-11-01T15:13:13.540+0000] {taskinstance.py:2884} INFO - Starting attempt 1 of 1
[2025-11-01T15:13:13.561+0000] {taskinstance.py:2907} INFO - Executing <Task(PythonOperator): enriquecimento_silver> on 2025-11-01 15:13:06.821406+00:00
[2025-11-01T15:13:13.572+0000] {standard_task_runner.py:72} INFO - Started process 1711 to run task
[2025-11-01T15:13:13.578+0000] {standard_task_runner.py:104} INFO - Running: ['airflow', 'tasks', 'run', 'processamento_medallion', 'enriquecimento_silver', 'manual__2025-11-01T15:13:06.821406+00:00', '--job-id', '102', '--raw', '--subdir', 'DAGS_FOLDER/dag_processamento_medallion.py', '--cfg-path', '/tmp/tmpx88yypdh']
[2025-11-01T15:13:13.585+0000] {standard_task_runner.py:105} INFO - Job 102: Subtask enriquecimento_silver
[2025-11-01T15:13:13.698+0000] {task_command.py:467} INFO - Running <TaskInstance: processamento_medallion.enriquecimento_silver manual__2025-11-01T15:13:06.821406+00:00 [running]> on host f905ec57e2bc
[2025-11-01T15:13:13.830+0000] {taskinstance.py:3157} INFO - Exporting env vars: AIRFLOW_CTX_DAG_OWNER='airflow' AIRFLOW_CTX_DAG_ID='processamento_medallion' AIRFLOW_CTX_TASK_ID='enriquecimento_silver' AIRFLOW_CTX_EXECUTION_DATE='2025-11-01T15:13:06.821406+00:00' AIRFLOW_CTX_TRY_NUMBER='1' AIRFLOW_CTX_DAG_RUN_ID='manual__2025-11-01T15:13:06.821406+00:00'
[2025-11-01T15:13:13.836+0000] {taskinstance.py:740} INFO - ::endgroup::
[2025-11-01T15:13:13.857+0000] {etl_silver.py:108} INFO - --- Iniciando ETL: BRONZE -> SILVER (Pandas Puro) ---
[2025-11-01T15:13:13.891+0000] {logging_mixin.py:190} WARNING - /opt/airflow/dags/etl_silver.py:118 UserWarning: pandas only supports SQLAlchemy connectable (engine/connection) or database string URI or sqlite3 DBAPI2 connection. Other DBAPI2 objects are not tested. Please consider using SQLAlchemy.
[2025-11-01T15:13:13.907+0000] {etl_silver.py:124} INFO - Dados lidos do Bronze com sucesso. Total de linhas: 400
[2025-11-01T15:13:13.927+0000] {etl_silver.py:158} INFO - Enriquecimento SILVER com 'process_time_sec' concluído.
[2025-11-01T15:13:13.974+0000] {etl_silver.py:59} INFO - Tabela Silver 'silver_enriched_awb_data' RE-CRIADA com sucesso.
[2025-11-01T15:13:14.005+0000] {etl_silver.py:94} INFO - Carga Silver concluída com sucesso.
[2025-11-01T15:13:14.008+0000] {etl_silver.py:167} INFO - Carga da Tabela Silver concluída com sucesso.
[2025-11-01T15:13:14.011+0000] {python.py:240} INFO - Done. Returned value was: None
[2025-11-01T15:13:14.034+0000] {taskinstance.py:349} INFO - ::group::Post task execution logs
[2025-11-01T15:13:14.037+0000] {taskinstance.py:361} INFO - Marking task as SUCCESS. dag_id=processamento_medallion, task_id=enriquecimento_silver, run_id=manual__2025-11-01T15:13:06.821406+00:00, execution_date=20251101T151306, start_date=20251101T151313, end_date=20251101T151314
[2025-11-01T15:13:14.116+0000] {local_task_job_runner.py:266} INFO - Task exited with return code 0
[2025-11-01T15:13:14.155+0000] {taskinstance.py:3924} INFO - 1 downstream tasks scheduled from follow-on schedule check
[2025-11-01T15:13:14.162+0000] {local_task_job_runner.py:245} INFO - ::endgroup::
