[2025-10-31T13:28:07.456+0000] {local_task_job_runner.py:123} INFO - ::group::Pre task execution logs
[2025-10-31T13:28:07.498+0000] {taskinstance.py:2631} INFO - Dependencies all met for dep_context=non-requeueable deps ti=<TaskInstance: ingestao_bruta.gerar_bruto manual__2025-10-31T13:28:05.538072+00:00 [queued]>
[2025-10-31T13:28:07.525+0000] {taskinstance.py:2631} INFO - Dependencies all met for dep_context=requeueable deps ti=<TaskInstance: ingestao_bruta.gerar_bruto manual__2025-10-31T13:28:05.538072+00:00 [queued]>
[2025-10-31T13:28:07.528+0000] {taskinstance.py:2884} INFO - Starting attempt 1 of 2
[2025-10-31T13:28:07.561+0000] {taskinstance.py:2907} INFO - Executing <Task(PythonOperator): gerar_bruto> on 2025-10-31 13:28:05.538072+00:00
[2025-10-31T13:28:07.573+0000] {standard_task_runner.py:72} INFO - Started process 204 to run task
[2025-10-31T13:28:07.590+0000] {standard_task_runner.py:104} INFO - Running: ['airflow', 'tasks', 'run', 'ingestao_bruta', 'gerar_bruto', 'manual__2025-10-31T13:28:05.538072+00:00', '--job-id', '2', '--raw', '--subdir', 'DAGS_FOLDER/raw_ingestion_dag.py', '--cfg-path', '/tmp/tmplbmkyg1u']
[2025-10-31T13:28:07.606+0000] {standard_task_runner.py:105} INFO - Job 2: Subtask gerar_bruto
[2025-10-31T13:28:07.910+0000] {task_command.py:467} INFO - Running <TaskInstance: ingestao_bruta.gerar_bruto manual__2025-10-31T13:28:05.538072+00:00 [running]> on host cb0bda40d6ad
[2025-10-31T13:28:08.146+0000] {taskinstance.py:3157} INFO - Exporting env vars: AIRFLOW_CTX_DAG_OWNER='daxlog' AIRFLOW_CTX_DAG_ID='ingestao_bruta' AIRFLOW_CTX_TASK_ID='gerar_bruto' AIRFLOW_CTX_EXECUTION_DATE='2025-10-31T13:28:05.538072+00:00' AIRFLOW_CTX_TRY_NUMBER='1' AIRFLOW_CTX_DAG_RUN_ID='manual__2025-10-31T13:28:05.538072+00:00'
[2025-10-31T13:28:08.156+0000] {taskinstance.py:740} INFO - ::endgroup::
[2025-10-31T13:28:08.220+0000] {raw_ingestion_dag.py:57} INFO - --- Iniciando a Tarefa de Ingestão Bruta (200 linhas de Sorter/AWB) ---
[2025-10-31T13:28:08.221+0000] {s3_utils.py:21} INFO - Conectando ao MinIO em: http://minio:9000 com BUCKET: datalake
[2025-10-31T13:28:12.239+0000] {s3_utils.py:47} INFO - Bucket 'datalake' criado com sucesso.
[2025-10-31T13:28:12.251+0000] {raw_ingestion_dag.py:102} INFO - Gerados 200 registros de Sorter/AWB robustos.
[2025-10-31T13:28:12.255+0000] {s3_utils.py:21} INFO - Conectando ao MinIO em: http://minio:9000 com BUCKET: datalake
[2025-10-31T13:28:12.272+0000] {s3_utils.py:40} INFO - Bucket 'datalake' já existe.
[2025-10-31T13:28:12.274+0000] {s3_utils.py:21} INFO - Conectando ao MinIO em: http://minio:9000 com BUCKET: datalake
[2025-10-31T13:28:12.323+0000] {s3_utils.py:69} INFO - Upload bem-sucedido: s3://datalake/raw/awb_sortation_20251031132812_37429646-f01a-4357-950a-8cc95fb7afd5.json
[2025-10-31T13:28:12.324+0000] {raw_ingestion_dag.py:118} INFO - Upload bem-sucedido: s3://datalake/raw/awb_sortation_20251031132812_37429646-f01a-4357-950a-8cc95fb7afd5.json
[2025-10-31T13:28:12.326+0000] {python.py:240} INFO - Done. Returned value was: None
[2025-10-31T13:28:12.359+0000] {taskinstance.py:349} INFO - ::group::Post task execution logs
[2025-10-31T13:28:12.361+0000] {taskinstance.py:361} INFO - Marking task as SUCCESS. dag_id=ingestao_bruta, task_id=gerar_bruto, run_id=manual__2025-10-31T13:28:05.538072+00:00, execution_date=20251031T132805, start_date=20251031T132807, end_date=20251031T132812
[2025-10-31T13:28:12.449+0000] {local_task_job_runner.py:266} INFO - Task exited with return code 0
[2025-10-31T13:28:12.482+0000] {taskinstance.py:3924} INFO - 0 downstream tasks scheduled from follow-on schedule check
[2025-10-31T13:28:12.488+0000] {local_task_job_runner.py:245} INFO - ::endgroup::
