[2025-10-30T18:57:19.460+0000] {local_task_job_runner.py:123} INFO - ::group::Pre task execution logs
[2025-10-30T18:57:19.493+0000] {taskinstance.py:2631} INFO - Dependencies all met for dep_context=non-requeueable deps ti=<TaskInstance: silver_gold.wait_for_bronze_processing manual__2025-10-30T18:57:18.346541+00:00 [queued]>
[2025-10-30T18:57:19.510+0000] {taskinstance.py:2631} INFO - Dependencies all met for dep_context=requeueable deps ti=<TaskInstance: silver_gold.wait_for_bronze_processing manual__2025-10-30T18:57:18.346541+00:00 [queued]>
[2025-10-30T18:57:19.512+0000] {taskinstance.py:2884} INFO - Starting attempt 1 of 2
[2025-10-30T18:57:19.530+0000] {taskinstance.py:2907} INFO - Executing <Task(ExternalTaskSensor): wait_for_bronze_processing> on 2025-10-30 18:57:18.346541+00:00
[2025-10-30T18:57:19.540+0000] {standard_task_runner.py:72} INFO - Started process 287 to run task
[2025-10-30T18:57:19.550+0000] {standard_task_runner.py:104} INFO - Running: ['airflow', 'tasks', 'run', 'silver_gold', 'wait_for_bronze_processing', 'manual__2025-10-30T18:57:18.346541+00:00', '--job-id', '10', '--raw', '--subdir', 'DAGS_FOLDER/silver_gold_dag.py', '--cfg-path', '/tmp/tmpamx_ryfs']
[2025-10-30T18:57:19.596+0000] {standard_task_runner.py:105} INFO - Job 10: Subtask wait_for_bronze_processing
[2025-10-30T18:57:19.942+0000] {task_command.py:467} INFO - Running <TaskInstance: silver_gold.wait_for_bronze_processing manual__2025-10-30T18:57:18.346541+00:00 [running]> on host f98d5a993a06
[2025-10-30T18:57:20.183+0000] {taskinstance.py:3157} INFO - Exporting env vars: AIRFLOW_CTX_DAG_OWNER='daxlog' AIRFLOW_CTX_DAG_ID='silver_gold' AIRFLOW_CTX_TASK_ID='wait_for_bronze_processing' AIRFLOW_CTX_EXECUTION_DATE='2025-10-30T18:57:18.346541+00:00' AIRFLOW_CTX_TRY_NUMBER='1' AIRFLOW_CTX_DAG_RUN_ID='manual__2025-10-30T18:57:18.346541+00:00'
[2025-10-30T18:57:20.192+0000] {taskinstance.py:740} INFO - ::endgroup::
[2025-10-30T18:57:20.216+0000] {baseoperator.py:423} WARNING - ExternalTaskSensor.execute cannot be called outside TaskInstance!
[2025-10-30T18:57:20.219+0000] {external_task.py:258} INFO - Poking for tasks ['process_raw_to_bronze'] in dag bronze_processing on 2025-10-30T18:57:18.346541+00:00 ... 
[2025-10-30T18:57:20.224+0000] {logging_mixin.py:190} WARNING - /home/airflow/.local/lib/python3.11/site-packages/airflow/utils/session.py:97 DeprecationWarning: This method is deprecated and will be removed in future.
[2025-10-30T18:58:20.254+0000] {external_task.py:258} INFO - Poking for tasks ['process_raw_to_bronze'] in dag bronze_processing on 2025-10-30T18:57:18.346541+00:00 ... 
[2025-10-30T18:59:20.276+0000] {external_task.py:258} INFO - Poking for tasks ['process_raw_to_bronze'] in dag bronze_processing on 2025-10-30T18:57:18.346541+00:00 ... 
[2025-10-30T19:00:20.289+0000] {external_task.py:258} INFO - Poking for tasks ['process_raw_to_bronze'] in dag bronze_processing on 2025-10-30T18:57:18.346541+00:00 ... 
[2025-10-30T19:01:20.307+0000] {external_task.py:258} INFO - Poking for tasks ['process_raw_to_bronze'] in dag bronze_processing on 2025-10-30T18:57:18.346541+00:00 ... 
[2025-10-30T19:02:20.322+0000] {external_task.py:258} INFO - Poking for tasks ['process_raw_to_bronze'] in dag bronze_processing on 2025-10-30T18:57:18.346541+00:00 ... 
[2025-10-30T19:03:20.341+0000] {external_task.py:258} INFO - Poking for tasks ['process_raw_to_bronze'] in dag bronze_processing on 2025-10-30T18:57:18.346541+00:00 ... 
[2025-10-30T19:04:20.361+0000] {external_task.py:258} INFO - Poking for tasks ['process_raw_to_bronze'] in dag bronze_processing on 2025-10-30T18:57:18.346541+00:00 ... 
[2025-10-30T19:05:20.373+0000] {external_task.py:258} INFO - Poking for tasks ['process_raw_to_bronze'] in dag bronze_processing on 2025-10-30T18:57:18.346541+00:00 ... 
[2025-10-30T19:06:20.387+0000] {external_task.py:258} INFO - Poking for tasks ['process_raw_to_bronze'] in dag bronze_processing on 2025-10-30T18:57:18.346541+00:00 ... 
[2025-10-30T19:07:20.412+0000] {external_task.py:258} INFO - Poking for tasks ['process_raw_to_bronze'] in dag bronze_processing on 2025-10-30T18:57:18.346541+00:00 ... 
[2025-10-30T19:08:20.427+0000] {external_task.py:258} INFO - Poking for tasks ['process_raw_to_bronze'] in dag bronze_processing on 2025-10-30T18:57:18.346541+00:00 ... 
[2025-10-30T19:09:20.444+0000] {external_task.py:258} INFO - Poking for tasks ['process_raw_to_bronze'] in dag bronze_processing on 2025-10-30T18:57:18.346541+00:00 ... 
[2025-10-30T19:10:20.470+0000] {external_task.py:258} INFO - Poking for tasks ['process_raw_to_bronze'] in dag bronze_processing on 2025-10-30T18:57:18.346541+00:00 ... 
[2025-10-30T19:11:20.497+0000] {external_task.py:258} INFO - Poking for tasks ['process_raw_to_bronze'] in dag bronze_processing on 2025-10-30T18:57:18.346541+00:00 ... 
[2025-10-30T19:12:20.511+0000] {external_task.py:258} INFO - Poking for tasks ['process_raw_to_bronze'] in dag bronze_processing on 2025-10-30T18:57:18.346541+00:00 ... 
[2025-10-30T19:13:20.534+0000] {external_task.py:258} INFO - Poking for tasks ['process_raw_to_bronze'] in dag bronze_processing on 2025-10-30T18:57:18.346541+00:00 ... 
[2025-10-30T19:14:20.579+0000] {external_task.py:258} INFO - Poking for tasks ['process_raw_to_bronze'] in dag bronze_processing on 2025-10-30T18:57:18.346541+00:00 ... 
[2025-10-30T19:15:20.602+0000] {external_task.py:258} INFO - Poking for tasks ['process_raw_to_bronze'] in dag bronze_processing on 2025-10-30T18:57:18.346541+00:00 ... 
[2025-10-30T19:16:20.627+0000] {external_task.py:258} INFO - Poking for tasks ['process_raw_to_bronze'] in dag bronze_processing on 2025-10-30T18:57:18.346541+00:00 ... 
[2025-10-30T19:17:20.638+0000] {external_task.py:258} INFO - Poking for tasks ['process_raw_to_bronze'] in dag bronze_processing on 2025-10-30T18:57:18.346541+00:00 ... 
[2025-10-30T19:18:20.657+0000] {external_task.py:258} INFO - Poking for tasks ['process_raw_to_bronze'] in dag bronze_processing on 2025-10-30T18:57:18.346541+00:00 ... 
[2025-10-30T19:19:20.680+0000] {external_task.py:258} INFO - Poking for tasks ['process_raw_to_bronze'] in dag bronze_processing on 2025-10-30T18:57:18.346541+00:00 ... 
[2025-10-30T19:20:20.710+0000] {external_task.py:258} INFO - Poking for tasks ['process_raw_to_bronze'] in dag bronze_processing on 2025-10-30T18:57:18.346541+00:00 ... 
[2025-10-30T19:20:27.201+0000] {local_task_job_runner.py:127} ERROR - Received SIGTERM. Terminating subprocesses
[2025-10-30T19:20:27.301+0000] {process_utils.py:132} INFO - Sending 15 to group 287. PIDs of all processes in the group: [287]
[2025-10-30T19:20:27.332+0000] {process_utils.py:87} INFO - Sending the signal 15 to group 287
[2025-10-30T19:20:27.358+0000] {taskinstance.py:3117} ERROR - Received SIGTERM. Terminating subprocesses.
[2025-10-30T19:20:27.757+0000] {taskinstance.py:3118} ERROR - Stacktrace: 
  File "/home/airflow/.local/bin/airflow", line 7, in <module>
    sys.exit(main())
  File "/home/airflow/.local/lib/python3.11/site-packages/airflow/__main__.py", line 62, in main
    args.func(args)
  File "/home/airflow/.local/lib/python3.11/site-packages/airflow/cli/cli_config.py", line 49, in command
    return func(*args, **kwargs)
  File "/home/airflow/.local/lib/python3.11/site-packages/airflow/utils/cli.py", line 116, in wrapper
    return f(*args, **kwargs)
  File "/home/airflow/.local/lib/python3.11/site-packages/airflow/utils/providers_configuration_loader.py", line 55, in wrapped_function
    return func(*args, **kwargs)
  File "/home/airflow/.local/lib/python3.11/site-packages/airflow/cli/commands/scheduler_command.py", line 56, in scheduler
    run_command_with_daemon_option(
  File "/home/airflow/.local/lib/python3.11/site-packages/airflow/cli/commands/daemon_utils.py", line 86, in run_command_with_daemon_option
    callback()
  File "/home/airflow/.local/lib/python3.11/site-packages/airflow/cli/commands/scheduler_command.py", line 59, in <lambda>
    callback=lambda: _run_scheduler_job(args),
  File "/home/airflow/.local/lib/python3.11/site-packages/airflow/cli/commands/scheduler_command.py", line 47, in _run_scheduler_job
    run_job(job=job_runner.job, execute_callable=job_runner._execute)
  File "/home/airflow/.local/lib/python3.11/site-packages/airflow/utils/session.py", line 97, in wrapper
    return func(*args, session=session, **kwargs)
  File "/home/airflow/.local/lib/python3.11/site-packages/airflow/jobs/job.py", line 421, in run_job
    return execute_job(job, execute_callable=execute_callable)
  File "/home/airflow/.local/lib/python3.11/site-packages/airflow/jobs/job.py", line 450, in execute_job
    ret = execute_callable()
  File "/home/airflow/.local/lib/python3.11/site-packages/airflow/jobs/scheduler_job_runner.py", line 990, in _execute
    executor.start()
  File "/home/airflow/.local/lib/python3.11/site-packages/airflow/executors/local_executor.py", line 392, in start
    self.impl.start()
  File "/home/airflow/.local/lib/python3.11/site-packages/airflow/executors/local_executor.py", line 330, in start
    worker.start()
  File "/usr/local/lib/python3.11/multiprocessing/process.py", line 121, in start
    self._popen = self._Popen(self)
  File "/usr/local/lib/python3.11/multiprocessing/context.py", line 224, in _Popen
    return _default_context.get_context().Process._Popen(process_obj)
  File "/usr/local/lib/python3.11/multiprocessing/context.py", line 281, in _Popen
    return Popen(process_obj)
  File "/usr/local/lib/python3.11/multiprocessing/popen_fork.py", line 19, in __init__
    self._launch(process_obj)
  File "/usr/local/lib/python3.11/multiprocessing/popen_fork.py", line 71, in _launch
    code = process_obj._bootstrap(parent_sentinel=child_r)
  File "/usr/local/lib/python3.11/multiprocessing/process.py", line 314, in _bootstrap
    self.run()
  File "/home/airflow/.local/lib/python3.11/site-packages/airflow/executors/local_executor.py", line 80, in run
    return super().run()
  File "/usr/local/lib/python3.11/multiprocessing/process.py", line 108, in run
    self._target(*self._args, **self._kwargs)
  File "/home/airflow/.local/lib/python3.11/site-packages/airflow/traces/tracer.py", line 58, in wrapper
    return func(*args, **kwargs)
  File "/home/airflow/.local/lib/python3.11/site-packages/airflow/executors/local_executor.py", line 211, in do_work
    self.execute_work(key=key, command=command)
  File "/home/airflow/.local/lib/python3.11/site-packages/airflow/traces/tracer.py", line 58, in wrapper
    return func(*args, **kwargs)
  File "/home/airflow/.local/lib/python3.11/site-packages/airflow/executors/local_executor.py", line 100, in execute_work
    state = self._execute_work_in_fork(command)
  File "/home/airflow/.local/lib/python3.11/site-packages/airflow/traces/tracer.py", line 58, in wrapper
    return func(*args, **kwargs)
  File "/home/airflow/.local/lib/python3.11/site-packages/airflow/executors/local_executor.py", line 142, in _execute_work_in_fork
    args.func(args)
  File "/home/airflow/.local/lib/python3.11/site-packages/airflow/cli/cli_config.py", line 49, in command
    return func(*args, **kwargs)
  File "/home/airflow/.local/lib/python3.11/site-packages/airflow/utils/cli.py", line 116, in wrapper
    return f(*args, **kwargs)
  File "/home/airflow/.local/lib/python3.11/site-packages/airflow/cli/commands/task_command.py", line 483, in task_run
    task_return_code = _run_task_by_selected_method(args, _dag, ti)
  File "/home/airflow/.local/lib/python3.11/site-packages/airflow/cli/commands/task_command.py", line 254, in _run_task_by_selected_method
    return _run_task_by_local_task_job(args, ti)
  File "/home/airflow/.local/lib/python3.11/site-packages/airflow/cli/commands/task_command.py", line 322, in _run_task_by_local_task_job
    ret = run_job(job=job_runner.job, execute_callable=job_runner._execute)
  File "/home/airflow/.local/lib/python3.11/site-packages/airflow/utils/session.py", line 97, in wrapper
    return func(*args, session=session, **kwargs)
  File "/home/airflow/.local/lib/python3.11/site-packages/airflow/jobs/job.py", line 421, in run_job
    return execute_job(job, execute_callable=execute_callable)
  File "/home/airflow/.local/lib/python3.11/site-packages/airflow/jobs/job.py", line 450, in execute_job
    ret = execute_callable()
  File "/home/airflow/.local/lib/python3.11/site-packages/airflow/jobs/local_task_job_runner.py", line 171, in _execute
    self.task_runner.start()
  File "/home/airflow/.local/lib/python3.11/site-packages/airflow/task/task_runner/standard_task_runner.py", line 55, in start
    self.process = self._start_by_fork()
  File "/home/airflow/.local/lib/python3.11/site-packages/airflow/task/task_runner/standard_task_runner.py", line 117, in _start_by_fork
    ret = args.func(args, dag=self.dag)
  File "/home/airflow/.local/lib/python3.11/site-packages/airflow/cli/cli_config.py", line 49, in command
    return func(*args, **kwargs)
  File "/home/airflow/.local/lib/python3.11/site-packages/airflow/utils/cli.py", line 116, in wrapper
    return f(*args, **kwargs)
  File "/home/airflow/.local/lib/python3.11/site-packages/airflow/cli/commands/task_command.py", line 483, in task_run
    task_return_code = _run_task_by_selected_method(args, _dag, ti)
  File "/home/airflow/.local/lib/python3.11/site-packages/airflow/cli/commands/task_command.py", line 256, in _run_task_by_selected_method
    return _run_raw_task(args, ti)
  File "/home/airflow/.local/lib/python3.11/site-packages/airflow/cli/commands/task_command.py", line 341, in _run_raw_task
    return ti._run_raw_task(
  File "/home/airflow/.local/lib/python3.11/site-packages/airflow/utils/session.py", line 97, in wrapper
    return func(*args, session=session, **kwargs)
  File "/home/airflow/.local/lib/python3.11/site-packages/airflow/models/taskinstance.py", line 3029, in _run_raw_task
    return _run_raw_task(
  File "/home/airflow/.local/lib/python3.11/site-packages/airflow/models/taskinstance.py", line 282, in _run_raw_task
    TaskInstance._execute_task_with_callbacks(
  File "/home/airflow/.local/lib/python3.11/site-packages/airflow/models/taskinstance.py", line 3184, in _execute_task_with_callbacks
    result = self._execute_task(context, task_orig)
  File "/home/airflow/.local/lib/python3.11/site-packages/airflow/models/taskinstance.py", line 3208, in _execute_task
    return _execute_task(self, context, task_orig)
  File "/home/airflow/.local/lib/python3.11/site-packages/airflow/models/taskinstance.py", line 776, in _execute_task
    result = _execute_callable(context=context, **execute_callable_kwargs)
  File "/home/airflow/.local/lib/python3.11/site-packages/airflow/models/taskinstance.py", line 742, in _execute_callable
    return ExecutionCallableRunner(
  File "/home/airflow/.local/lib/python3.11/site-packages/airflow/utils/operator_helpers.py", line 252, in run
    return self.func(*args, **kwargs)
  File "/home/airflow/.local/lib/python3.11/site-packages/airflow/models/baseoperator.py", line 424, in wrapper
    return func(self, *args, **kwargs)
  File "/home/airflow/.local/lib/python3.11/site-packages/airflow/sensors/external_task.py", line 348, in execute
    super().execute(context)
  File "/home/airflow/.local/lib/python3.11/site-packages/airflow/models/baseoperator.py", line 424, in wrapper
    return func(self, *args, **kwargs)
  File "/home/airflow/.local/lib/python3.11/site-packages/airflow/sensors/base.py", line 337, in execute
    time.sleep(self._get_next_poke_interval(started_at, run_duration, poke_count))
  File "/home/airflow/.local/lib/python3.11/site-packages/airflow/models/taskinstance.py", line 3118, in signal_handler
    self.log.error("Stacktrace: \n%s", "".join(traceback.format_stack()))

[2025-10-30T19:20:28.001+0000] {taskinstance.py:3336} ERROR - Task failed with exception
Traceback (most recent call last):
  File "/home/airflow/.local/lib/python3.11/site-packages/airflow/models/taskinstance.py", line 776, in _execute_task
    result = _execute_callable(context=context, **execute_callable_kwargs)
             ^^^^^^^^^^^^^^^^^^^^^^^^^^^^^^^^^^^^^^^^^^^^^^^^^^^^^^^^^^^^^
  File "/home/airflow/.local/lib/python3.11/site-packages/airflow/models/taskinstance.py", line 742, in _execute_callable
    return ExecutionCallableRunner(
           ^^^^^^^^^^^^^^^^^^^^^^^^
  File "/home/airflow/.local/lib/python3.11/site-packages/airflow/utils/operator_helpers.py", line 252, in run
    return self.func(*args, **kwargs)
           ^^^^^^^^^^^^^^^^^^^^^^^^^^
  File "/home/airflow/.local/lib/python3.11/site-packages/airflow/models/baseoperator.py", line 424, in wrapper
    return func(self, *args, **kwargs)
           ^^^^^^^^^^^^^^^^^^^^^^^^^^^
  File "/home/airflow/.local/lib/python3.11/site-packages/airflow/sensors/external_task.py", line 348, in execute
    super().execute(context)
  File "/home/airflow/.local/lib/python3.11/site-packages/airflow/models/baseoperator.py", line 424, in wrapper
    return func(self, *args, **kwargs)
           ^^^^^^^^^^^^^^^^^^^^^^^^^^^
  File "/home/airflow/.local/lib/python3.11/site-packages/airflow/sensors/base.py", line 337, in execute
    time.sleep(self._get_next_poke_interval(started_at, run_duration, poke_count))
  File "/home/airflow/.local/lib/python3.11/site-packages/airflow/models/taskinstance.py", line 3120, in signal_handler
    raise AirflowTaskTerminated("Task received SIGTERM signal")
airflow.exceptions.AirflowTaskTerminated: Task received SIGTERM signal
[2025-10-30T19:20:28.177+0000] {taskinstance.py:1242} INFO - Marking task as UP_FOR_RETRY. dag_id=silver_gold, task_id=wait_for_bronze_processing, run_id=manual__2025-10-30T18:57:18.346541+00:00, execution_date=20251030T185718, start_date=20251030T185719, end_date=20251030T192028
[2025-10-30T19:20:28.412+0000] {taskinstance.py:349} INFO - ::group::Post task execution logs
[2025-10-30T19:20:28.498+0000] {process_utils.py:80} INFO - Process psutil.Process(pid=287, status='terminated', exitcode=2, started='18:57:18') (287) terminated with exit code 2
[2025-10-30T19:20:28.504+0000] {local_task_job_runner.py:266} INFO - Task exited with return code 143
[2025-10-30T19:20:28.708+0000] {taskinstance.py:3924} INFO - 0 downstream tasks scheduled from follow-on schedule check
[2025-10-30T19:20:29.712+0000] {standard_task_runner.py:217} INFO - Process not found (most likely exited), stop collecting metrics
[2025-10-30T19:20:30.817+0000] {local_task_job_runner.py:245} INFO - ::endgroup::
