[2025-11-01T14:56:59.636+0000] {local_task_job_runner.py:123} INFO - ::group::Pre task execution logs
[2025-11-01T14:56:59.673+0000] {taskinstance.py:2631} INFO - Dependencies all met for dep_context=non-requeueable deps ti=<TaskInstance: processamento_medallion.enriquecimento_silver manual__2025-11-01T14:56:50.268977+00:00 [queued]>
[2025-11-01T14:56:59.689+0000] {taskinstance.py:2631} INFO - Dependencies all met for dep_context=requeueable deps ti=<TaskInstance: processamento_medallion.enriquecimento_silver manual__2025-11-01T14:56:50.268977+00:00 [queued]>
[2025-11-01T14:56:59.692+0000] {taskinstance.py:2884} INFO - Starting attempt 1 of 1
[2025-11-01T14:56:59.728+0000] {taskinstance.py:2907} INFO - Executing <Task(PythonOperator): enriquecimento_silver> on 2025-11-01 14:56:50.268977+00:00
[2025-11-01T14:56:59.742+0000] {standard_task_runner.py:72} INFO - Started process 992 to run task
[2025-11-01T14:56:59.752+0000] {standard_task_runner.py:104} INFO - Running: ['airflow', 'tasks', 'run', 'processamento_medallion', 'enriquecimento_silver', 'manual__2025-11-01T14:56:50.268977+00:00', '--job-id', '94', '--raw', '--subdir', 'DAGS_FOLDER/dag_processamento_medallion.py', '--cfg-path', '/tmp/tmpj3hri11y']
[2025-11-01T14:56:59.760+0000] {standard_task_runner.py:105} INFO - Job 94: Subtask enriquecimento_silver
[2025-11-01T14:56:59.918+0000] {task_command.py:467} INFO - Running <TaskInstance: processamento_medallion.enriquecimento_silver manual__2025-11-01T14:56:50.268977+00:00 [running]> on host f905ec57e2bc
[2025-11-01T14:57:00.127+0000] {taskinstance.py:3157} INFO - Exporting env vars: AIRFLOW_CTX_DAG_OWNER='airflow' AIRFLOW_CTX_DAG_ID='processamento_medallion' AIRFLOW_CTX_TASK_ID='enriquecimento_silver' AIRFLOW_CTX_EXECUTION_DATE='2025-11-01T14:56:50.268977+00:00' AIRFLOW_CTX_TRY_NUMBER='1' AIRFLOW_CTX_DAG_RUN_ID='manual__2025-11-01T14:56:50.268977+00:00'
[2025-11-01T14:57:00.141+0000] {taskinstance.py:740} INFO - ::endgroup::
[2025-11-01T14:57:00.212+0000] {etl_silver.py:111} INFO - --- Iniciando ETL: BRONZE -> SILVER (Pandas Puro) ---
[2025-11-01T14:57:00.301+0000] {logging_mixin.py:190} WARNING - /opt/airflow/dags/etl_silver.py:124 UserWarning: pandas only supports SQLAlchemy connectable (engine/connection) or database string URI or sqlite3 DBAPI2 connection. Other DBAPI2 objects are not tested. Please consider using SQLAlchemy.
[2025-11-01T14:57:00.339+0000] {etl_silver.py:131} INFO - Dados lidos do Bronze com sucesso. Total de linhas: 400
[2025-11-01T14:57:00.355+0000] {etl_silver.py:149} INFO - Enriquecimento SILVER concluído.
[2025-11-01T14:57:00.409+0000] {etl_silver.py:60} INFO - Tabela Silver 'silver_enriched_awb_data' verificada/criada.
[2025-11-01T14:57:00.424+0000] {etl_silver.py:78} INFO - Tabela de staging TEMPORÁRIA criada.
[2025-11-01T14:57:00.540+0000] {etl_silver.py:97} INFO - Carga Silver concluída com sucesso.
[2025-11-01T14:57:00.543+0000] {etl_silver.py:158} INFO - Carga da Tabela Silver concluída com sucesso. Verifique 'silver_enriched_awb_data' no PGAdmin.
[2025-11-01T14:57:00.546+0000] {python.py:240} INFO - Done. Returned value was: None
[2025-11-01T14:57:00.592+0000] {taskinstance.py:349} INFO - ::group::Post task execution logs
[2025-11-01T14:57:00.596+0000] {taskinstance.py:361} INFO - Marking task as SUCCESS. dag_id=processamento_medallion, task_id=enriquecimento_silver, run_id=manual__2025-11-01T14:56:50.268977+00:00, execution_date=20251101T145650, start_date=20251101T145659, end_date=20251101T145700
[2025-11-01T14:57:00.738+0000] {local_task_job_runner.py:266} INFO - Task exited with return code 0
[2025-11-01T14:57:00.793+0000] {taskinstance.py:3924} INFO - 1 downstream tasks scheduled from follow-on schedule check
[2025-11-01T14:57:00.800+0000] {local_task_job_runner.py:245} INFO - ::endgroup::
