[2025-11-02T18:08:44.104+0000] {processor.py:186} INFO - Started process (PID=188) to work on /opt/airflow/dags/dag_processamento_medallion.py
[2025-11-02T18:08:44.206+0000] {processor.py:914} INFO - Processing file /opt/airflow/dags/dag_processamento_medallion.py for tasks to queue
[2025-11-02T18:08:44.656+0000] {logging_mixin.py:190} INFO - [2025-11-02T18:08:44.653+0000] {dagbag.py:588} INFO - Filling up the DagBag from /opt/airflow/dags/dag_processamento_medallion.py
[2025-11-02T18:08:48.884+0000] {logging_mixin.py:190} INFO - [2025-11-02T18:08:48.884+0000] {soda_telemetry.py:61} INFO - Setting up usage telemetry.
[2025-11-02T18:08:48.966+0000] {processor.py:925} INFO - DAG(s) 'processamento_medallion_elt_senior' retrieved from /opt/airflow/dags/dag_processamento_medallion.py
[2025-11-02T18:08:49.418+0000] {logging_mixin.py:190} INFO - [2025-11-02T18:08:49.417+0000] {dag.py:3239} INFO - Sync 1 DAGs
[2025-11-02T18:08:49.457+0000] {logging_mixin.py:190} INFO - [2025-11-02T18:08:49.457+0000] {dag.py:4180} INFO - Setting next_dagrun for processamento_medallion_elt_senior to None, run_after=None
[2025-11-02T18:08:49.513+0000] {processor.py:208} INFO - Processing /opt/airflow/dags/dag_processamento_medallion.py took 5.589 seconds
[2025-11-02T18:09:19.785+0000] {processor.py:186} INFO - Started process (PID=237) to work on /opt/airflow/dags/dag_processamento_medallion.py
[2025-11-02T18:09:19.788+0000] {processor.py:914} INFO - Processing file /opt/airflow/dags/dag_processamento_medallion.py for tasks to queue
[2025-11-02T18:09:19.841+0000] {logging_mixin.py:190} INFO - [2025-11-02T18:09:19.830+0000] {dagbag.py:588} INFO - Filling up the DagBag from /opt/airflow/dags/dag_processamento_medallion.py
[2025-11-02T18:09:21.418+0000] {logging_mixin.py:190} INFO - [2025-11-02T18:09:21.418+0000] {soda_telemetry.py:61} INFO - Setting up usage telemetry.
[2025-11-02T18:09:21.453+0000] {processor.py:925} INFO - DAG(s) 'processamento_medallion_elt_senior' retrieved from /opt/airflow/dags/dag_processamento_medallion.py
[2025-11-02T18:09:21.488+0000] {logging_mixin.py:190} INFO - [2025-11-02T18:09:21.487+0000] {dag.py:3239} INFO - Sync 1 DAGs
[2025-11-02T18:09:21.504+0000] {logging_mixin.py:190} INFO - [2025-11-02T18:09:21.504+0000] {dag.py:4180} INFO - Setting next_dagrun for processamento_medallion_elt_senior to None, run_after=None
[2025-11-02T18:09:21.534+0000] {processor.py:208} INFO - Processing /opt/airflow/dags/dag_processamento_medallion.py took 1.794 seconds
[2025-11-02T18:09:52.261+0000] {processor.py:186} INFO - Started process (PID=311) to work on /opt/airflow/dags/dag_processamento_medallion.py
[2025-11-02T18:09:52.266+0000] {processor.py:914} INFO - Processing file /opt/airflow/dags/dag_processamento_medallion.py for tasks to queue
[2025-11-02T18:09:52.281+0000] {logging_mixin.py:190} INFO - [2025-11-02T18:09:52.280+0000] {dagbag.py:588} INFO - Filling up the DagBag from /opt/airflow/dags/dag_processamento_medallion.py
[2025-11-02T18:09:54.109+0000] {logging_mixin.py:190} INFO - [2025-11-02T18:09:54.108+0000] {soda_telemetry.py:61} INFO - Setting up usage telemetry.
[2025-11-02T18:09:54.177+0000] {processor.py:925} INFO - DAG(s) 'processamento_medallion_elt_senior' retrieved from /opt/airflow/dags/dag_processamento_medallion.py
[2025-11-02T18:09:54.242+0000] {logging_mixin.py:190} INFO - [2025-11-02T18:09:54.242+0000] {dag.py:3239} INFO - Sync 1 DAGs
[2025-11-02T18:09:54.290+0000] {logging_mixin.py:190} INFO - [2025-11-02T18:09:54.290+0000] {dag.py:4180} INFO - Setting next_dagrun for processamento_medallion_elt_senior to None, run_after=None
[2025-11-02T18:09:54.326+0000] {processor.py:208} INFO - Processing /opt/airflow/dags/dag_processamento_medallion.py took 2.087 seconds
[2025-11-02T18:10:25.210+0000] {processor.py:186} INFO - Started process (PID=368) to work on /opt/airflow/dags/dag_processamento_medallion.py
[2025-11-02T18:10:25.212+0000] {processor.py:914} INFO - Processing file /opt/airflow/dags/dag_processamento_medallion.py for tasks to queue
[2025-11-02T18:10:25.215+0000] {logging_mixin.py:190} INFO - [2025-11-02T18:10:25.215+0000] {dagbag.py:588} INFO - Filling up the DagBag from /opt/airflow/dags/dag_processamento_medallion.py
[2025-11-02T18:10:27.110+0000] {logging_mixin.py:190} INFO - [2025-11-02T18:10:27.109+0000] {soda_telemetry.py:61} INFO - Setting up usage telemetry.
[2025-11-02T18:10:27.176+0000] {processor.py:925} INFO - DAG(s) 'processamento_medallion_elt_senior' retrieved from /opt/airflow/dags/dag_processamento_medallion.py
[2025-11-02T18:10:27.218+0000] {logging_mixin.py:190} INFO - [2025-11-02T18:10:27.217+0000] {dag.py:3239} INFO - Sync 1 DAGs
[2025-11-02T18:10:27.242+0000] {logging_mixin.py:190} INFO - [2025-11-02T18:10:27.242+0000] {dag.py:4180} INFO - Setting next_dagrun for processamento_medallion_elt_senior to None, run_after=None
[2025-11-02T18:10:27.288+0000] {processor.py:208} INFO - Processing /opt/airflow/dags/dag_processamento_medallion.py took 2.103 seconds
[2025-11-02T18:10:57.569+0000] {processor.py:186} INFO - Started process (PID=410) to work on /opt/airflow/dags/dag_processamento_medallion.py
[2025-11-02T18:10:57.571+0000] {processor.py:914} INFO - Processing file /opt/airflow/dags/dag_processamento_medallion.py for tasks to queue
[2025-11-02T18:10:57.576+0000] {logging_mixin.py:190} INFO - [2025-11-02T18:10:57.576+0000] {dagbag.py:588} INFO - Filling up the DagBag from /opt/airflow/dags/dag_processamento_medallion.py
[2025-11-02T18:10:58.566+0000] {logging_mixin.py:190} INFO - [2025-11-02T18:10:58.565+0000] {soda_telemetry.py:61} INFO - Setting up usage telemetry.
[2025-11-02T18:10:58.640+0000] {processor.py:925} INFO - DAG(s) 'processamento_medallion_elt_senior' retrieved from /opt/airflow/dags/dag_processamento_medallion.py
[2025-11-02T18:10:58.675+0000] {logging_mixin.py:190} INFO - [2025-11-02T18:10:58.675+0000] {dag.py:3239} INFO - Sync 1 DAGs
[2025-11-02T18:10:58.694+0000] {logging_mixin.py:190} INFO - [2025-11-02T18:10:58.694+0000] {dag.py:4180} INFO - Setting next_dagrun for processamento_medallion_elt_senior to None, run_after=None
[2025-11-02T18:10:58.731+0000] {processor.py:208} INFO - Processing /opt/airflow/dags/dag_processamento_medallion.py took 1.174 seconds
[2025-11-02T18:11:28.830+0000] {processor.py:186} INFO - Started process (PID=450) to work on /opt/airflow/dags/dag_processamento_medallion.py
[2025-11-02T18:11:28.831+0000] {processor.py:914} INFO - Processing file /opt/airflow/dags/dag_processamento_medallion.py for tasks to queue
[2025-11-02T18:11:28.835+0000] {logging_mixin.py:190} INFO - [2025-11-02T18:11:28.835+0000] {dagbag.py:588} INFO - Filling up the DagBag from /opt/airflow/dags/dag_processamento_medallion.py
[2025-11-02T18:11:29.865+0000] {logging_mixin.py:190} INFO - [2025-11-02T18:11:29.865+0000] {soda_telemetry.py:61} INFO - Setting up usage telemetry.
[2025-11-02T18:11:29.900+0000] {processor.py:925} INFO - DAG(s) 'processamento_medallion_elt_senior' retrieved from /opt/airflow/dags/dag_processamento_medallion.py
[2025-11-02T18:11:29.930+0000] {logging_mixin.py:190} INFO - [2025-11-02T18:11:29.930+0000] {dag.py:3239} INFO - Sync 1 DAGs
[2025-11-02T18:11:29.946+0000] {logging_mixin.py:190} INFO - [2025-11-02T18:11:29.945+0000] {dag.py:4180} INFO - Setting next_dagrun for processamento_medallion_elt_senior to None, run_after=None
[2025-11-02T18:11:29.982+0000] {processor.py:208} INFO - Processing /opt/airflow/dags/dag_processamento_medallion.py took 1.165 seconds
[2025-11-02T18:12:00.266+0000] {processor.py:186} INFO - Started process (PID=490) to work on /opt/airflow/dags/dag_processamento_medallion.py
[2025-11-02T18:12:00.268+0000] {processor.py:914} INFO - Processing file /opt/airflow/dags/dag_processamento_medallion.py for tasks to queue
[2025-11-02T18:12:00.271+0000] {logging_mixin.py:190} INFO - [2025-11-02T18:12:00.271+0000] {dagbag.py:588} INFO - Filling up the DagBag from /opt/airflow/dags/dag_processamento_medallion.py
[2025-11-02T18:12:01.304+0000] {logging_mixin.py:190} INFO - [2025-11-02T18:12:01.304+0000] {soda_telemetry.py:61} INFO - Setting up usage telemetry.
[2025-11-02T18:12:01.390+0000] {processor.py:925} INFO - DAG(s) 'processamento_medallion_elt_senior' retrieved from /opt/airflow/dags/dag_processamento_medallion.py
[2025-11-02T18:12:01.425+0000] {logging_mixin.py:190} INFO - [2025-11-02T18:12:01.424+0000] {dag.py:3239} INFO - Sync 1 DAGs
[2025-11-02T18:12:01.442+0000] {logging_mixin.py:190} INFO - [2025-11-02T18:12:01.442+0000] {dag.py:4180} INFO - Setting next_dagrun for processamento_medallion_elt_senior to None, run_after=None
[2025-11-02T18:12:01.467+0000] {processor.py:208} INFO - Processing /opt/airflow/dags/dag_processamento_medallion.py took 1.215 seconds
[2025-11-02T18:12:31.646+0000] {processor.py:186} INFO - Started process (PID=530) to work on /opt/airflow/dags/dag_processamento_medallion.py
[2025-11-02T18:12:31.648+0000] {processor.py:914} INFO - Processing file /opt/airflow/dags/dag_processamento_medallion.py for tasks to queue
[2025-11-02T18:12:31.653+0000] {logging_mixin.py:190} INFO - [2025-11-02T18:12:31.653+0000] {dagbag.py:588} INFO - Filling up the DagBag from /opt/airflow/dags/dag_processamento_medallion.py
[2025-11-02T18:12:33.284+0000] {logging_mixin.py:190} INFO - [2025-11-02T18:12:33.284+0000] {soda_telemetry.py:61} INFO - Setting up usage telemetry.
[2025-11-02T18:12:33.318+0000] {processor.py:925} INFO - DAG(s) 'processamento_medallion_elt_senior' retrieved from /opt/airflow/dags/dag_processamento_medallion.py
[2025-11-02T18:12:33.352+0000] {logging_mixin.py:190} INFO - [2025-11-02T18:12:33.351+0000] {dag.py:3239} INFO - Sync 1 DAGs
[2025-11-02T18:12:33.369+0000] {logging_mixin.py:190} INFO - [2025-11-02T18:12:33.369+0000] {dag.py:4180} INFO - Setting next_dagrun for processamento_medallion_elt_senior to None, run_after=None
[2025-11-02T18:12:33.397+0000] {processor.py:208} INFO - Processing /opt/airflow/dags/dag_processamento_medallion.py took 1.767 seconds
[2025-11-02T18:13:03.649+0000] {processor.py:186} INFO - Started process (PID=570) to work on /opt/airflow/dags/dag_processamento_medallion.py
[2025-11-02T18:13:03.652+0000] {processor.py:914} INFO - Processing file /opt/airflow/dags/dag_processamento_medallion.py for tasks to queue
[2025-11-02T18:13:03.657+0000] {logging_mixin.py:190} INFO - [2025-11-02T18:13:03.656+0000] {dagbag.py:588} INFO - Filling up the DagBag from /opt/airflow/dags/dag_processamento_medallion.py
[2025-11-02T18:13:04.762+0000] {logging_mixin.py:190} INFO - [2025-11-02T18:13:04.762+0000] {soda_telemetry.py:61} INFO - Setting up usage telemetry.
[2025-11-02T18:13:04.822+0000] {processor.py:925} INFO - DAG(s) 'processamento_medallion_elt_senior' retrieved from /opt/airflow/dags/dag_processamento_medallion.py
[2025-11-02T18:13:04.863+0000] {logging_mixin.py:190} INFO - [2025-11-02T18:13:04.862+0000] {dag.py:3239} INFO - Sync 1 DAGs
[2025-11-02T18:13:04.879+0000] {logging_mixin.py:190} INFO - [2025-11-02T18:13:04.879+0000] {dag.py:4180} INFO - Setting next_dagrun for processamento_medallion_elt_senior to None, run_after=None
[2025-11-02T18:13:04.917+0000] {processor.py:208} INFO - Processing /opt/airflow/dags/dag_processamento_medallion.py took 1.284 seconds
[2025-11-02T18:13:35.077+0000] {processor.py:186} INFO - Started process (PID=610) to work on /opt/airflow/dags/dag_processamento_medallion.py
[2025-11-02T18:13:35.080+0000] {processor.py:914} INFO - Processing file /opt/airflow/dags/dag_processamento_medallion.py for tasks to queue
[2025-11-02T18:13:35.085+0000] {logging_mixin.py:190} INFO - [2025-11-02T18:13:35.084+0000] {dagbag.py:588} INFO - Filling up the DagBag from /opt/airflow/dags/dag_processamento_medallion.py
[2025-11-02T18:13:36.210+0000] {logging_mixin.py:190} INFO - [2025-11-02T18:13:36.210+0000] {soda_telemetry.py:61} INFO - Setting up usage telemetry.
[2025-11-02T18:13:36.262+0000] {processor.py:925} INFO - DAG(s) 'processamento_medallion_elt_senior' retrieved from /opt/airflow/dags/dag_processamento_medallion.py
[2025-11-02T18:13:36.345+0000] {logging_mixin.py:190} INFO - [2025-11-02T18:13:36.343+0000] {dag.py:3239} INFO - Sync 1 DAGs
[2025-11-02T18:13:36.443+0000] {logging_mixin.py:190} INFO - [2025-11-02T18:13:36.442+0000] {dag.py:4180} INFO - Setting next_dagrun for processamento_medallion_elt_senior to None, run_after=None
[2025-11-02T18:13:36.497+0000] {processor.py:208} INFO - Processing /opt/airflow/dags/dag_processamento_medallion.py took 1.436 seconds
[2025-11-02T18:14:07.191+0000] {processor.py:186} INFO - Started process (PID=650) to work on /opt/airflow/dags/dag_processamento_medallion.py
[2025-11-02T18:14:07.194+0000] {processor.py:914} INFO - Processing file /opt/airflow/dags/dag_processamento_medallion.py for tasks to queue
[2025-11-02T18:14:07.207+0000] {logging_mixin.py:190} INFO - [2025-11-02T18:14:07.206+0000] {dagbag.py:588} INFO - Filling up the DagBag from /opt/airflow/dags/dag_processamento_medallion.py
[2025-11-02T18:14:08.262+0000] {logging_mixin.py:190} INFO - [2025-11-02T18:14:08.262+0000] {soda_telemetry.py:61} INFO - Setting up usage telemetry.
[2025-11-02T18:14:08.289+0000] {processor.py:925} INFO - DAG(s) 'processamento_medallion_elt_senior' retrieved from /opt/airflow/dags/dag_processamento_medallion.py
[2025-11-02T18:14:08.320+0000] {logging_mixin.py:190} INFO - [2025-11-02T18:14:08.319+0000] {dag.py:3239} INFO - Sync 1 DAGs
[2025-11-02T18:14:08.334+0000] {logging_mixin.py:190} INFO - [2025-11-02T18:14:08.334+0000] {dag.py:4180} INFO - Setting next_dagrun for processamento_medallion_elt_senior to None, run_after=None
[2025-11-02T18:14:08.355+0000] {processor.py:208} INFO - Processing /opt/airflow/dags/dag_processamento_medallion.py took 1.183 seconds
[2025-11-02T18:14:38.811+0000] {processor.py:186} INFO - Started process (PID=690) to work on /opt/airflow/dags/dag_processamento_medallion.py
[2025-11-02T18:14:38.813+0000] {processor.py:914} INFO - Processing file /opt/airflow/dags/dag_processamento_medallion.py for tasks to queue
[2025-11-02T18:14:38.817+0000] {logging_mixin.py:190} INFO - [2025-11-02T18:14:38.816+0000] {dagbag.py:588} INFO - Filling up the DagBag from /opt/airflow/dags/dag_processamento_medallion.py
[2025-11-02T18:14:39.912+0000] {logging_mixin.py:190} INFO - [2025-11-02T18:14:39.912+0000] {soda_telemetry.py:61} INFO - Setting up usage telemetry.
[2025-11-02T18:14:39.960+0000] {processor.py:925} INFO - DAG(s) 'processamento_medallion_elt_senior' retrieved from /opt/airflow/dags/dag_processamento_medallion.py
[2025-11-02T18:14:39.996+0000] {logging_mixin.py:190} INFO - [2025-11-02T18:14:39.994+0000] {dag.py:3239} INFO - Sync 1 DAGs
[2025-11-02T18:14:40.013+0000] {logging_mixin.py:190} INFO - [2025-11-02T18:14:40.013+0000] {dag.py:4180} INFO - Setting next_dagrun for processamento_medallion_elt_senior to None, run_after=None
[2025-11-02T18:14:40.061+0000] {processor.py:208} INFO - Processing /opt/airflow/dags/dag_processamento_medallion.py took 1.264 seconds
[2025-11-02T18:15:10.578+0000] {processor.py:186} INFO - Started process (PID=730) to work on /opt/airflow/dags/dag_processamento_medallion.py
[2025-11-02T18:15:10.580+0000] {processor.py:914} INFO - Processing file /opt/airflow/dags/dag_processamento_medallion.py for tasks to queue
[2025-11-02T18:15:10.583+0000] {logging_mixin.py:190} INFO - [2025-11-02T18:15:10.583+0000] {dagbag.py:588} INFO - Filling up the DagBag from /opt/airflow/dags/dag_processamento_medallion.py
[2025-11-02T18:15:11.538+0000] {logging_mixin.py:190} INFO - [2025-11-02T18:15:11.538+0000] {soda_telemetry.py:61} INFO - Setting up usage telemetry.
[2025-11-02T18:15:11.598+0000] {processor.py:925} INFO - DAG(s) 'processamento_medallion_elt_senior' retrieved from /opt/airflow/dags/dag_processamento_medallion.py
[2025-11-02T18:15:11.633+0000] {logging_mixin.py:190} INFO - [2025-11-02T18:15:11.633+0000] {dag.py:3239} INFO - Sync 1 DAGs
[2025-11-02T18:15:11.651+0000] {logging_mixin.py:190} INFO - [2025-11-02T18:15:11.650+0000] {dag.py:4180} INFO - Setting next_dagrun for processamento_medallion_elt_senior to None, run_after=None
[2025-11-02T18:15:11.680+0000] {processor.py:208} INFO - Processing /opt/airflow/dags/dag_processamento_medallion.py took 1.113 seconds
