[2025-11-02T18:08:46.801+0000] {processor.py:186} INFO - Started process (PID=197) to work on /opt/airflow/dags/etl_bronze.py
[2025-11-02T18:08:46.805+0000] {processor.py:914} INFO - Processing file /opt/airflow/dags/etl_bronze.py for tasks to queue
[2025-11-02T18:08:46.811+0000] {logging_mixin.py:190} INFO - [2025-11-02T18:08:46.810+0000] {dagbag.py:588} INFO - Filling up the DagBag from /opt/airflow/dags/etl_bronze.py
[2025-11-02T18:08:48.879+0000] {processor.py:927} WARNING - No viable dags retrieved from /opt/airflow/dags/etl_bronze.py
[2025-11-02T18:08:48.921+0000] {processor.py:208} INFO - Processing /opt/airflow/dags/etl_bronze.py took 2.140 seconds
[2025-11-02T18:09:19.158+0000] {processor.py:186} INFO - Started process (PID=233) to work on /opt/airflow/dags/etl_bronze.py
[2025-11-02T18:09:19.161+0000] {processor.py:914} INFO - Processing file /opt/airflow/dags/etl_bronze.py for tasks to queue
[2025-11-02T18:09:19.166+0000] {logging_mixin.py:190} INFO - [2025-11-02T18:09:19.165+0000] {dagbag.py:588} INFO - Filling up the DagBag from /opt/airflow/dags/etl_bronze.py
[2025-11-02T18:09:20.633+0000] {processor.py:927} WARNING - No viable dags retrieved from /opt/airflow/dags/etl_bronze.py
[2025-11-02T18:09:20.671+0000] {processor.py:208} INFO - Processing /opt/airflow/dags/etl_bronze.py took 1.529 seconds
[2025-11-02T18:09:51.148+0000] {processor.py:186} INFO - Started process (PID=300) to work on /opt/airflow/dags/etl_bronze.py
[2025-11-02T18:09:51.151+0000] {processor.py:914} INFO - Processing file /opt/airflow/dags/etl_bronze.py for tasks to queue
[2025-11-02T18:09:51.155+0000] {logging_mixin.py:190} INFO - [2025-11-02T18:09:51.154+0000] {dagbag.py:588} INFO - Filling up the DagBag from /opt/airflow/dags/etl_bronze.py
[2025-11-02T18:09:52.536+0000] {processor.py:927} WARNING - No viable dags retrieved from /opt/airflow/dags/etl_bronze.py
[2025-11-02T18:09:52.588+0000] {processor.py:208} INFO - Processing /opt/airflow/dags/etl_bronze.py took 1.454 seconds
[2025-11-02T18:10:23.140+0000] {processor.py:186} INFO - Started process (PID=362) to work on /opt/airflow/dags/etl_bronze.py
[2025-11-02T18:10:23.151+0000] {processor.py:914} INFO - Processing file /opt/airflow/dags/etl_bronze.py for tasks to queue
[2025-11-02T18:10:23.159+0000] {logging_mixin.py:190} INFO - [2025-11-02T18:10:23.158+0000] {dagbag.py:588} INFO - Filling up the DagBag from /opt/airflow/dags/etl_bronze.py
[2025-11-02T18:10:24.292+0000] {processor.py:927} WARNING - No viable dags retrieved from /opt/airflow/dags/etl_bronze.py
[2025-11-02T18:10:24.315+0000] {processor.py:208} INFO - Processing /opt/airflow/dags/etl_bronze.py took 1.195 seconds
[2025-11-02T18:10:54.494+0000] {processor.py:186} INFO - Started process (PID=404) to work on /opt/airflow/dags/etl_bronze.py
[2025-11-02T18:10:54.497+0000] {processor.py:914} INFO - Processing file /opt/airflow/dags/etl_bronze.py for tasks to queue
[2025-11-02T18:10:54.502+0000] {logging_mixin.py:190} INFO - [2025-11-02T18:10:54.502+0000] {dagbag.py:588} INFO - Filling up the DagBag from /opt/airflow/dags/etl_bronze.py
[2025-11-02T18:10:55.490+0000] {processor.py:927} WARNING - No viable dags retrieved from /opt/airflow/dags/etl_bronze.py
[2025-11-02T18:10:55.516+0000] {processor.py:208} INFO - Processing /opt/airflow/dags/etl_bronze.py took 1.038 seconds
[2025-11-02T18:11:25.801+0000] {processor.py:186} INFO - Started process (PID=444) to work on /opt/airflow/dags/etl_bronze.py
[2025-11-02T18:11:25.803+0000] {processor.py:914} INFO - Processing file /opt/airflow/dags/etl_bronze.py for tasks to queue
[2025-11-02T18:11:25.808+0000] {logging_mixin.py:190} INFO - [2025-11-02T18:11:25.807+0000] {dagbag.py:588} INFO - Filling up the DagBag from /opt/airflow/dags/etl_bronze.py
[2025-11-02T18:11:26.820+0000] {processor.py:927} WARNING - No viable dags retrieved from /opt/airflow/dags/etl_bronze.py
[2025-11-02T18:11:26.835+0000] {processor.py:208} INFO - Processing /opt/airflow/dags/etl_bronze.py took 1.057 seconds
[2025-11-02T18:11:57.170+0000] {processor.py:186} INFO - Started process (PID=484) to work on /opt/airflow/dags/etl_bronze.py
[2025-11-02T18:11:57.172+0000] {processor.py:914} INFO - Processing file /opt/airflow/dags/etl_bronze.py for tasks to queue
[2025-11-02T18:11:57.176+0000] {logging_mixin.py:190} INFO - [2025-11-02T18:11:57.176+0000] {dagbag.py:588} INFO - Filling up the DagBag from /opt/airflow/dags/etl_bronze.py
[2025-11-02T18:11:58.008+0000] {processor.py:927} WARNING - No viable dags retrieved from /opt/airflow/dags/etl_bronze.py
[2025-11-02T18:11:58.028+0000] {processor.py:208} INFO - Processing /opt/airflow/dags/etl_bronze.py took 0.869 seconds
[2025-11-02T18:12:28.625+0000] {processor.py:186} INFO - Started process (PID=524) to work on /opt/airflow/dags/etl_bronze.py
[2025-11-02T18:12:28.627+0000] {processor.py:914} INFO - Processing file /opt/airflow/dags/etl_bronze.py for tasks to queue
[2025-11-02T18:12:28.632+0000] {logging_mixin.py:190} INFO - [2025-11-02T18:12:28.631+0000] {dagbag.py:588} INFO - Filling up the DagBag from /opt/airflow/dags/etl_bronze.py
[2025-11-02T18:12:29.471+0000] {processor.py:927} WARNING - No viable dags retrieved from /opt/airflow/dags/etl_bronze.py
[2025-11-02T18:12:29.491+0000] {processor.py:208} INFO - Processing /opt/airflow/dags/etl_bronze.py took 0.878 seconds
[2025-11-02T18:13:00.235+0000] {processor.py:186} INFO - Started process (PID=564) to work on /opt/airflow/dags/etl_bronze.py
[2025-11-02T18:13:00.237+0000] {processor.py:914} INFO - Processing file /opt/airflow/dags/etl_bronze.py for tasks to queue
[2025-11-02T18:13:00.241+0000] {logging_mixin.py:190} INFO - [2025-11-02T18:13:00.241+0000] {dagbag.py:588} INFO - Filling up the DagBag from /opt/airflow/dags/etl_bronze.py
[2025-11-02T18:13:01.023+0000] {processor.py:927} WARNING - No viable dags retrieved from /opt/airflow/dags/etl_bronze.py
[2025-11-02T18:13:01.042+0000] {processor.py:208} INFO - Processing /opt/airflow/dags/etl_bronze.py took 0.820 seconds
[2025-11-02T18:13:31.844+0000] {processor.py:186} INFO - Started process (PID=604) to work on /opt/airflow/dags/etl_bronze.py
[2025-11-02T18:13:31.845+0000] {processor.py:914} INFO - Processing file /opt/airflow/dags/etl_bronze.py for tasks to queue
[2025-11-02T18:13:31.849+0000] {logging_mixin.py:190} INFO - [2025-11-02T18:13:31.849+0000] {dagbag.py:588} INFO - Filling up the DagBag from /opt/airflow/dags/etl_bronze.py
[2025-11-02T18:13:33.023+0000] {processor.py:927} WARNING - No viable dags retrieved from /opt/airflow/dags/etl_bronze.py
[2025-11-02T18:13:33.052+0000] {processor.py:208} INFO - Processing /opt/airflow/dags/etl_bronze.py took 1.221 seconds
[2025-11-02T18:14:03.544+0000] {processor.py:186} INFO - Started process (PID=644) to work on /opt/airflow/dags/etl_bronze.py
[2025-11-02T18:14:03.545+0000] {processor.py:914} INFO - Processing file /opt/airflow/dags/etl_bronze.py for tasks to queue
[2025-11-02T18:14:03.549+0000] {logging_mixin.py:190} INFO - [2025-11-02T18:14:03.549+0000] {dagbag.py:588} INFO - Filling up the DagBag from /opt/airflow/dags/etl_bronze.py
[2025-11-02T18:14:04.326+0000] {processor.py:927} WARNING - No viable dags retrieved from /opt/airflow/dags/etl_bronze.py
[2025-11-02T18:14:04.348+0000] {processor.py:208} INFO - Processing /opt/airflow/dags/etl_bronze.py took 0.814 seconds
[2025-11-02T18:14:34.678+0000] {processor.py:186} INFO - Started process (PID=684) to work on /opt/airflow/dags/etl_bronze.py
[2025-11-02T18:14:34.680+0000] {processor.py:914} INFO - Processing file /opt/airflow/dags/etl_bronze.py for tasks to queue
[2025-11-02T18:14:34.686+0000] {logging_mixin.py:190} INFO - [2025-11-02T18:14:34.685+0000] {dagbag.py:588} INFO - Filling up the DagBag from /opt/airflow/dags/etl_bronze.py
[2025-11-02T18:14:35.673+0000] {processor.py:927} WARNING - No viable dags retrieved from /opt/airflow/dags/etl_bronze.py
[2025-11-02T18:14:35.690+0000] {processor.py:208} INFO - Processing /opt/airflow/dags/etl_bronze.py took 1.026 seconds
[2025-11-02T18:15:06.040+0000] {processor.py:186} INFO - Started process (PID=724) to work on /opt/airflow/dags/etl_bronze.py
[2025-11-02T18:15:06.042+0000] {processor.py:914} INFO - Processing file /opt/airflow/dags/etl_bronze.py for tasks to queue
[2025-11-02T18:15:06.046+0000] {logging_mixin.py:190} INFO - [2025-11-02T18:15:06.045+0000] {dagbag.py:588} INFO - Filling up the DagBag from /opt/airflow/dags/etl_bronze.py
[2025-11-02T18:15:06.961+0000] {processor.py:927} WARNING - No viable dags retrieved from /opt/airflow/dags/etl_bronze.py
[2025-11-02T18:15:06.977+0000] {processor.py:208} INFO - Processing /opt/airflow/dags/etl_bronze.py took 0.949 seconds
