[2025-11-02T18:08:49.023+0000] {processor.py:186} INFO - Started process (PID=207) to work on /opt/airflow/dags/s3_utils.py
[2025-11-02T18:08:49.026+0000] {processor.py:914} INFO - Processing file /opt/airflow/dags/s3_utils.py for tasks to queue
[2025-11-02T18:08:49.033+0000] {logging_mixin.py:190} INFO - [2025-11-02T18:08:49.032+0000] {dagbag.py:588} INFO - Filling up the DagBag from /opt/airflow/dags/s3_utils.py
[2025-11-02T18:08:49.396+0000] {processor.py:927} WARNING - No viable dags retrieved from /opt/airflow/dags/s3_utils.py
[2025-11-02T18:08:49.451+0000] {processor.py:208} INFO - Processing /opt/airflow/dags/s3_utils.py took 0.449 seconds
[2025-11-02T18:09:20.772+0000] {processor.py:186} INFO - Started process (PID=243) to work on /opt/airflow/dags/s3_utils.py
[2025-11-02T18:09:20.775+0000] {processor.py:914} INFO - Processing file /opt/airflow/dags/s3_utils.py for tasks to queue
[2025-11-02T18:09:20.780+0000] {logging_mixin.py:190} INFO - [2025-11-02T18:09:20.779+0000] {dagbag.py:588} INFO - Filling up the DagBag from /opt/airflow/dags/s3_utils.py
[2025-11-02T18:09:20.939+0000] {processor.py:927} WARNING - No viable dags retrieved from /opt/airflow/dags/s3_utils.py
[2025-11-02T18:09:20.973+0000] {processor.py:208} INFO - Processing /opt/airflow/dags/s3_utils.py took 0.215 seconds
[2025-11-02T18:09:51.163+0000] {processor.py:186} INFO - Started process (PID=303) to work on /opt/airflow/dags/s3_utils.py
[2025-11-02T18:09:51.166+0000] {processor.py:914} INFO - Processing file /opt/airflow/dags/s3_utils.py for tasks to queue
[2025-11-02T18:09:51.170+0000] {logging_mixin.py:190} INFO - [2025-11-02T18:09:51.170+0000] {dagbag.py:588} INFO - Filling up the DagBag from /opt/airflow/dags/s3_utils.py
[2025-11-02T18:09:51.457+0000] {processor.py:927} WARNING - No viable dags retrieved from /opt/airflow/dags/s3_utils.py
[2025-11-02T18:09:51.548+0000] {processor.py:208} INFO - Processing /opt/airflow/dags/s3_utils.py took 0.399 seconds
[2025-11-02T18:10:22.052+0000] {processor.py:186} INFO - Started process (PID=357) to work on /opt/airflow/dags/s3_utils.py
[2025-11-02T18:10:22.055+0000] {processor.py:914} INFO - Processing file /opt/airflow/dags/s3_utils.py for tasks to queue
[2025-11-02T18:10:22.061+0000] {logging_mixin.py:190} INFO - [2025-11-02T18:10:22.060+0000] {dagbag.py:588} INFO - Filling up the DagBag from /opt/airflow/dags/s3_utils.py
[2025-11-02T18:10:22.266+0000] {processor.py:927} WARNING - No viable dags retrieved from /opt/airflow/dags/s3_utils.py
[2025-11-02T18:10:22.351+0000] {processor.py:208} INFO - Processing /opt/airflow/dags/s3_utils.py took 0.319 seconds
[2025-11-02T18:10:53.209+0000] {processor.py:186} INFO - Started process (PID=399) to work on /opt/airflow/dags/s3_utils.py
[2025-11-02T18:10:53.214+0000] {processor.py:914} INFO - Processing file /opt/airflow/dags/s3_utils.py for tasks to queue
[2025-11-02T18:10:53.219+0000] {logging_mixin.py:190} INFO - [2025-11-02T18:10:53.218+0000] {dagbag.py:588} INFO - Filling up the DagBag from /opt/airflow/dags/s3_utils.py
[2025-11-02T18:10:53.331+0000] {processor.py:927} WARNING - No viable dags retrieved from /opt/airflow/dags/s3_utils.py
[2025-11-02T18:10:53.354+0000] {processor.py:208} INFO - Processing /opt/airflow/dags/s3_utils.py took 0.157 seconds
[2025-11-02T18:11:23.463+0000] {processor.py:186} INFO - Started process (PID=439) to work on /opt/airflow/dags/s3_utils.py
[2025-11-02T18:11:23.465+0000] {processor.py:914} INFO - Processing file /opt/airflow/dags/s3_utils.py for tasks to queue
[2025-11-02T18:11:23.471+0000] {logging_mixin.py:190} INFO - [2025-11-02T18:11:23.470+0000] {dagbag.py:588} INFO - Filling up the DagBag from /opt/airflow/dags/s3_utils.py
[2025-11-02T18:11:23.614+0000] {processor.py:927} WARNING - No viable dags retrieved from /opt/airflow/dags/s3_utils.py
[2025-11-02T18:11:23.636+0000] {processor.py:208} INFO - Processing /opt/airflow/dags/s3_utils.py took 0.186 seconds
[2025-11-02T18:11:53.852+0000] {processor.py:186} INFO - Started process (PID=477) to work on /opt/airflow/dags/s3_utils.py
[2025-11-02T18:11:53.854+0000] {processor.py:914} INFO - Processing file /opt/airflow/dags/s3_utils.py for tasks to queue
[2025-11-02T18:11:53.858+0000] {logging_mixin.py:190} INFO - [2025-11-02T18:11:53.858+0000] {dagbag.py:588} INFO - Filling up the DagBag from /opt/airflow/dags/s3_utils.py
[2025-11-02T18:11:53.973+0000] {processor.py:927} WARNING - No viable dags retrieved from /opt/airflow/dags/s3_utils.py
[2025-11-02T18:11:53.998+0000] {processor.py:208} INFO - Processing /opt/airflow/dags/s3_utils.py took 0.157 seconds
[2025-11-02T18:12:24.278+0000] {processor.py:186} INFO - Started process (PID=514) to work on /opt/airflow/dags/s3_utils.py
[2025-11-02T18:12:24.280+0000] {processor.py:914} INFO - Processing file /opt/airflow/dags/s3_utils.py for tasks to queue
[2025-11-02T18:12:24.285+0000] {logging_mixin.py:190} INFO - [2025-11-02T18:12:24.284+0000] {dagbag.py:588} INFO - Filling up the DagBag from /opt/airflow/dags/s3_utils.py
[2025-11-02T18:12:24.423+0000] {processor.py:927} WARNING - No viable dags retrieved from /opt/airflow/dags/s3_utils.py
[2025-11-02T18:12:24.446+0000] {processor.py:208} INFO - Processing /opt/airflow/dags/s3_utils.py took 0.179 seconds
[2025-11-02T18:12:54.860+0000] {processor.py:186} INFO - Started process (PID=557) to work on /opt/airflow/dags/s3_utils.py
[2025-11-02T18:12:54.862+0000] {processor.py:914} INFO - Processing file /opt/airflow/dags/s3_utils.py for tasks to queue
[2025-11-02T18:12:54.866+0000] {logging_mixin.py:190} INFO - [2025-11-02T18:12:54.866+0000] {dagbag.py:588} INFO - Filling up the DagBag from /opt/airflow/dags/s3_utils.py
[2025-11-02T18:12:54.987+0000] {processor.py:927} WARNING - No viable dags retrieved from /opt/airflow/dags/s3_utils.py
[2025-11-02T18:12:55.013+0000] {processor.py:208} INFO - Processing /opt/airflow/dags/s3_utils.py took 0.166 seconds
[2025-11-02T18:13:25.428+0000] {processor.py:186} INFO - Started process (PID=597) to work on /opt/airflow/dags/s3_utils.py
[2025-11-02T18:13:25.430+0000] {processor.py:914} INFO - Processing file /opt/airflow/dags/s3_utils.py for tasks to queue
[2025-11-02T18:13:25.433+0000] {logging_mixin.py:190} INFO - [2025-11-02T18:13:25.433+0000] {dagbag.py:588} INFO - Filling up the DagBag from /opt/airflow/dags/s3_utils.py
[2025-11-02T18:13:25.554+0000] {processor.py:927} WARNING - No viable dags retrieved from /opt/airflow/dags/s3_utils.py
[2025-11-02T18:13:25.579+0000] {processor.py:208} INFO - Processing /opt/airflow/dags/s3_utils.py took 0.162 seconds
[2025-11-02T18:13:55.677+0000] {processor.py:186} INFO - Started process (PID=634) to work on /opt/airflow/dags/s3_utils.py
[2025-11-02T18:13:55.679+0000] {processor.py:914} INFO - Processing file /opt/airflow/dags/s3_utils.py for tasks to queue
[2025-11-02T18:13:55.682+0000] {logging_mixin.py:190} INFO - [2025-11-02T18:13:55.681+0000] {dagbag.py:588} INFO - Filling up the DagBag from /opt/airflow/dags/s3_utils.py
[2025-11-02T18:13:55.789+0000] {processor.py:927} WARNING - No viable dags retrieved from /opt/airflow/dags/s3_utils.py
[2025-11-02T18:13:55.810+0000] {processor.py:208} INFO - Processing /opt/airflow/dags/s3_utils.py took 0.142 seconds
[2025-11-02T18:14:26.101+0000] {processor.py:186} INFO - Started process (PID=674) to work on /opt/airflow/dags/s3_utils.py
[2025-11-02T18:14:26.104+0000] {processor.py:914} INFO - Processing file /opt/airflow/dags/s3_utils.py for tasks to queue
[2025-11-02T18:14:26.108+0000] {logging_mixin.py:190} INFO - [2025-11-02T18:14:26.107+0000] {dagbag.py:588} INFO - Filling up the DagBag from /opt/airflow/dags/s3_utils.py
[2025-11-02T18:14:26.287+0000] {processor.py:927} WARNING - No viable dags retrieved from /opt/airflow/dags/s3_utils.py
[2025-11-02T18:14:26.306+0000] {processor.py:208} INFO - Processing /opt/airflow/dags/s3_utils.py took 0.219 seconds
[2025-11-02T18:14:56.572+0000] {processor.py:186} INFO - Started process (PID=714) to work on /opt/airflow/dags/s3_utils.py
[2025-11-02T18:14:56.576+0000] {processor.py:914} INFO - Processing file /opt/airflow/dags/s3_utils.py for tasks to queue
[2025-11-02T18:14:56.583+0000] {logging_mixin.py:190} INFO - [2025-11-02T18:14:56.582+0000] {dagbag.py:588} INFO - Filling up the DagBag from /opt/airflow/dags/s3_utils.py
[2025-11-02T18:14:56.709+0000] {processor.py:927} WARNING - No viable dags retrieved from /opt/airflow/dags/s3_utils.py
[2025-11-02T18:14:56.737+0000] {processor.py:208} INFO - Processing /opt/airflow/dags/s3_utils.py took 0.184 seconds
[2025-11-02T18:15:27.227+0000] {processor.py:186} INFO - Started process (PID=754) to work on /opt/airflow/dags/s3_utils.py
[2025-11-02T18:15:27.228+0000] {processor.py:914} INFO - Processing file /opt/airflow/dags/s3_utils.py for tasks to queue
[2025-11-02T18:15:27.233+0000] {logging_mixin.py:190} INFO - [2025-11-02T18:15:27.232+0000] {dagbag.py:588} INFO - Filling up the DagBag from /opt/airflow/dags/s3_utils.py
[2025-11-02T18:15:27.361+0000] {processor.py:927} WARNING - No viable dags retrieved from /opt/airflow/dags/s3_utils.py
[2025-11-02T18:15:27.386+0000] {processor.py:208} INFO - Processing /opt/airflow/dags/s3_utils.py took 0.172 seconds
